[ 2018-09-12T16:43:51+08:00 ] 127.0.0.1 /blog/index.php/home
INFO: [ app_init ] --START--
INFO: Run Behavior\BuildLiteBehavior [ RunTime:0.000015s ]
INFO: [ app_init ] --END-- [ RunTime:0.000634s ]
INFO: [ app_begin ] --START--
INFO: Run Behavior\ReadHtmlCacheBehavior [ RunTime:0.000969s ]
INFO: [ app_begin ] --END-- [ RunTime:0.001080s ]
SQL: SHOW COLUMNS FROM `blog_carousel` [ RunTime:0.0172s ]
SQL: SELECT * FROM `blog_carousel`  [ RunTime:0.0004s ]
SQL: SHOW COLUMNS FROM `blog_article` [ RunTime:0.0157s ]
SQL: SELECT COUNT(*) AS tp_count FROM `blog_article` LIMIT 1   [ RunTime:0.0003s ]
SQL: SELECT * FROM `blog_article` ORDER BY time desc LIMIT 0,5   [ RunTime:0.0009s ]
SQL: SHOW COLUMNS FROM `blog_link` [ RunTime:0.0198s ]
SQL: SELECT * FROM `blog_link` ORDER BY sort desc  [ RunTime:0.0004s ]
SQL: SELECT `id`,`title` FROM `blog_article` ORDER BY rand() LIMIT 5   [ RunTime:0.0003s ]
INFO: [ view_parse ] --START--
INFO: [ template_filter ] --START--
INFO: Run Behavior\ContentReplaceBehavior [ RunTime:0.000131s ]
INFO: [ template_filter ] --END-- [ RunTime:0.000170s ]
NOTIC: [8] Undefined variable: visitor_code D:\PHPstudy\WWW\blog\Application\Runtime\Cache\Home\2a94b8bda04ff446dcedd42276fc99ee.php 第 113 行.
NOTIC: [8] Undefined variable: ismobile D:\PHPstudy\WWW\blog\Application\Runtime\Cache\Home\2a94b8bda04ff446dcedd42276fc99ee.php 第 140 行.
INFO: Run Behavior\ParseTemplateBehavior [ RunTime:0.097476s ]
INFO: [ view_parse ] --END-- [ RunTime:0.097508s ]
INFO: [ view_filter ] --START--
INFO: Run Behavior\WriteHtmlCacheBehavior [ RunTime:0.000490s ]
INFO: [ view_filter ] --END-- [ RunTime:0.000518s ]
INFO: [ app_end ] --START--
INFO: Run Behavior\ShowPageTraceBehavior [ RunTime:0.000651s ]
INFO: [ app_end ] --END-- [ RunTime:0.000689s ]

[ 2018-09-12T16:43:52+08:00 ] 127.0.0.1 /blog/
INFO: [ app_init ] --START--
INFO: Run Behavior\BuildLiteBehavior [ RunTime:0.000012s ]
INFO: [ app_init ] --END-- [ RunTime:0.000625s ]
INFO: [ app_begin ] --START--
INFO: Run Behavior\ReadHtmlCacheBehavior [ RunTime:0.000415s ]
INFO: [ app_begin ] --END-- [ RunTime:0.000450s ]
SQL: SHOW COLUMNS FROM `blog_carousel` [ RunTime:0.0041s ]
SQL: SELECT * FROM `blog_carousel`  [ RunTime:0.0004s ]
SQL: SHOW COLUMNS FROM `blog_article` [ RunTime:0.0047s ]
SQL: SELECT COUNT(*) AS tp_count FROM `blog_article` LIMIT 1   [ RunTime:0.0004s ]
SQL: SELECT * FROM `blog_article` ORDER BY time desc LIMIT 0,5   [ RunTime:0.0006s ]
SQL: SHOW COLUMNS FROM `blog_link` [ RunTime:0.0982s ]
SQL: SELECT * FROM `blog_link` ORDER BY sort desc  [ RunTime:0.0005s ]
SQL: SELECT `id`,`title` FROM `blog_article` ORDER BY rand() LIMIT 5   [ RunTime:0.0004s ]
INFO: [ view_parse ] --START--
INFO: [ template_filter ] --START--
INFO: Run Behavior\ContentReplaceBehavior [ RunTime:0.000091s ]
INFO: [ template_filter ] --END-- [ RunTime:0.000131s ]
NOTIC: [8] Undefined variable: visitor_code D:\PHPstudy\WWW\blog\Application\Runtime\Cache\Home\2a94b8bda04ff446dcedd42276fc99ee.php 第 113 行.
NOTIC: [8] Undefined variable: ismobile D:\PHPstudy\WWW\blog\Application\Runtime\Cache\Home\2a94b8bda04ff446dcedd42276fc99ee.php 第 140 行.
INFO: Run Behavior\ParseTemplateBehavior [ RunTime:0.011804s ]
INFO: [ view_parse ] --END-- [ RunTime:0.011839s ]
INFO: [ view_filter ] --START--
INFO: Run Behavior\WriteHtmlCacheBehavior [ RunTime:0.000282s ]
INFO: [ view_filter ] --END-- [ RunTime:0.000308s ]
INFO: [ app_end ] --START--
INFO: Run Behavior\ShowPageTraceBehavior [ RunTime:0.000510s ]
INFO: [ app_end ] --END-- [ RunTime:0.000550s ]

[ 2018-09-12T20:24:18+08:00 ] 127.0.0.1 /blog/index.php/home
INFO: [ app_init ] --START--
INFO: Run Behavior\BuildLiteBehavior [ RunTime:0.000010s ]
INFO: [ app_init ] --END-- [ RunTime:0.000509s ]
INFO: [ app_begin ] --START--
INFO: Run Behavior\ReadHtmlCacheBehavior [ RunTime:0.000576s ]
INFO: [ app_begin ] --END-- [ RunTime:0.000635s ]
SQL: SHOW COLUMNS FROM `blog_carousel` [ RunTime:0.2427s ]
SQL: SELECT * FROM `blog_carousel`  [ RunTime:0.0006s ]
SQL: SHOW COLUMNS FROM `blog_article` [ RunTime:0.0901s ]
SQL: SELECT COUNT(*) AS tp_count FROM `blog_article` LIMIT 1   [ RunTime:0.0003s ]
SQL: SELECT * FROM `blog_article` ORDER BY time desc LIMIT 0,5   [ RunTime:0.0005s ]
SQL: SHOW COLUMNS FROM `blog_link` [ RunTime:0.0569s ]
SQL: SELECT * FROM `blog_link` ORDER BY sort desc  [ RunTime:0.0006s ]
SQL: SELECT `id`,`title` FROM `blog_article` ORDER BY rand() LIMIT 5   [ RunTime:0.0005s ]
INFO: [ view_parse ] --START--
INFO: [ template_filter ] --START--
INFO: Run Behavior\ContentReplaceBehavior [ RunTime:0.000086s ]
INFO: [ template_filter ] --END-- [ RunTime:0.000115s ]
NOTIC: [8] Undefined variable: visitor_code D:\PHPstudy\WWW\blog\Application\Runtime\Cache\Home\2a94b8bda04ff446dcedd42276fc99ee.php 第 113 行.
NOTIC: [8] Undefined variable: ismobile D:\PHPstudy\WWW\blog\Application\Runtime\Cache\Home\2a94b8bda04ff446dcedd42276fc99ee.php 第 140 行.
INFO: Run Behavior\ParseTemplateBehavior [ RunTime:0.010215s ]
INFO: [ view_parse ] --END-- [ RunTime:0.010260s ]
INFO: [ view_filter ] --START--
INFO: Run Behavior\WriteHtmlCacheBehavior [ RunTime:0.000237s ]
INFO: [ view_filter ] --END-- [ RunTime:0.000278s ]
INFO: [ app_end ] --START--
INFO: Run Behavior\ShowPageTraceBehavior [ RunTime:0.000502s ]
INFO: [ app_end ] --END-- [ RunTime:0.000529s ]

[ 2018-09-12T20:24:18+08:00 ] 127.0.0.1 /blog/
INFO: [ app_init ] --START--
INFO: Run Behavior\BuildLiteBehavior [ RunTime:0.000010s ]
INFO: [ app_init ] --END-- [ RunTime:0.000371s ]
INFO: [ app_begin ] --START--
INFO: Run Behavior\ReadHtmlCacheBehavior [ RunTime:0.000468s ]
INFO: [ app_begin ] --END-- [ RunTime:0.000512s ]
SQL: SHOW COLUMNS FROM `blog_carousel` [ RunTime:0.0406s ]
SQL: SELECT * FROM `blog_carousel`  [ RunTime:0.0005s ]
SQL: SHOW COLUMNS FROM `blog_article` [ RunTime:0.1500s ]
SQL: SELECT COUNT(*) AS tp_count FROM `blog_article` LIMIT 1   [ RunTime:0.0003s ]
SQL: SELECT * FROM `blog_article` ORDER BY time desc LIMIT 0,5   [ RunTime:0.0004s ]
SQL: SHOW COLUMNS FROM `blog_link` [ RunTime:0.1079s ]
SQL: SELECT * FROM `blog_link` ORDER BY sort desc  [ RunTime:0.0004s ]
SQL: SELECT `id`,`title` FROM `blog_article` ORDER BY rand() LIMIT 5   [ RunTime:0.0003s ]
INFO: [ view_parse ] --START--
INFO: [ template_filter ] --START--
INFO: Run Behavior\ContentReplaceBehavior [ RunTime:0.000076s ]
INFO: [ template_filter ] --END-- [ RunTime:0.000113s ]
NOTIC: [8] Undefined variable: visitor_code D:\PHPstudy\WWW\blog\Application\Runtime\Cache\Home\2a94b8bda04ff446dcedd42276fc99ee.php 第 113 行.
NOTIC: [8] Undefined variable: ismobile D:\PHPstudy\WWW\blog\Application\Runtime\Cache\Home\2a94b8bda04ff446dcedd42276fc99ee.php 第 140 行.
INFO: Run Behavior\ParseTemplateBehavior [ RunTime:0.007852s ]
INFO: [ view_parse ] --END-- [ RunTime:0.007876s ]
INFO: [ view_filter ] --START--
INFO: Run Behavior\WriteHtmlCacheBehavior [ RunTime:0.000185s ]
INFO: [ view_filter ] --END-- [ RunTime:0.000206s ]
INFO: [ app_end ] --START--
INFO: Run Behavior\ShowPageTraceBehavior [ RunTime:0.000498s ]
INFO: [ app_end ] --END-- [ RunTime:0.000528s ]

