[ 2018-08-05T11:56:40+08:00 ] 127.0.0.1 /blog/index.php/home
INFO: [ app_init ] --START--
INFO: Run Behavior\BuildLiteBehavior [ RunTime:0.000027s ]
INFO: [ app_init ] --END-- [ RunTime:0.001785s ]
INFO: [ app_begin ] --START--
INFO: Run Behavior\ReadHtmlCacheBehavior [ RunTime:0.001405s ]
INFO: [ app_begin ] --END-- [ RunTime:0.001529s ]
SQL: SHOW COLUMNS FROM `blog_carousel` [ RunTime:0.0678s ]
SQL: SELECT * FROM `blog_carousel`  [ RunTime:0.0007s ]
SQL: SHOW COLUMNS FROM `blog_article` [ RunTime:0.0415s ]
SQL: SELECT COUNT(*) AS tp_count FROM `blog_article` LIMIT 1   [ RunTime:0.0006s ]
SQL: SELECT * FROM `blog_article` ORDER BY time desc LIMIT 0,5   [ RunTime:0.0011s ]
SQL: SHOW COLUMNS FROM `blog_link` [ RunTime:0.0484s ]
SQL: SELECT * FROM `blog_link` ORDER BY sort desc  [ RunTime:0.0007s ]
INFO: [ view_parse ] --START--
INFO: [ template_filter ] --START--
INFO: Run Behavior\ContentReplaceBehavior [ RunTime:0.000912s ]
INFO: [ template_filter ] --END-- [ RunTime:0.000981s ]
NOTIC: [8] Undefined variable: ismobile D:\PHPstudy\WWW\blog\Application\Runtime\Cache\Home\2a94b8bda04ff446dcedd42276fc99ee.php 第 114 行.
NOTIC: [8] Undefined variable: ismobile D:\PHPstudy\WWW\blog\Application\Runtime\Cache\Home\2a94b8bda04ff446dcedd42276fc99ee.php 第 145 行.
INFO: Run Behavior\ParseTemplateBehavior [ RunTime:0.245948s ]
INFO: [ view_parse ] --END-- [ RunTime:0.246025s ]
INFO: [ view_filter ] --START--
INFO: Run Behavior\WriteHtmlCacheBehavior [ RunTime:0.008423s ]
INFO: [ view_filter ] --END-- [ RunTime:0.008477s ]
INFO: [ app_end ] --START--
INFO: Run Behavior\ShowPageTraceBehavior [ RunTime:0.001726s ]
INFO: [ app_end ] --END-- [ RunTime:0.001805s ]

[ 2018-08-05T11:56:51+08:00 ] 127.0.0.1 /blog/index.php/Home/Article/article_info.html?id=15
INFO: [ app_init ] --START--
INFO: Run Behavior\BuildLiteBehavior [ RunTime:0.000059s ]
INFO: [ app_init ] --END-- [ RunTime:0.000772s ]
INFO: [ app_begin ] --START--
INFO: Run Behavior\ReadHtmlCacheBehavior [ RunTime:0.001088s ]
INFO: [ app_begin ] --END-- [ RunTime:0.001201s ]
SQL: SHOW COLUMNS FROM `blog_article` [ RunTime:0.0095s ]
SQL: SELECT * FROM `blog_article` WHERE `id` = 15 LIMIT 1   [ RunTime:0.0010s ]
SQL: SHOW COLUMNS FROM `blog_link` [ RunTime:0.0092s ]
SQL: SELECT * FROM `blog_link` ORDER BY sort desc  [ RunTime:0.0006s ]
INFO: [ view_parse ] --START--
INFO: [ template_filter ] --START--
INFO: Run Behavior\ContentReplaceBehavior [ RunTime:0.000122s ]
INFO: [ template_filter ] --END-- [ RunTime:0.000186s ]
NOTIC: [8] Undefined variable: ismobile D:\PHPstudy\WWW\blog\Application\Runtime\Cache\Home\cb5c2262658e8d5174192b068cf3c2a0.php 第 126 行.
INFO: Run Behavior\ParseTemplateBehavior [ RunTime:0.044929s ]
INFO: [ view_parse ] --END-- [ RunTime:0.045201s ]
INFO: [ view_filter ] --START--
INFO: Run Behavior\WriteHtmlCacheBehavior [ RunTime:0.000519s ]
INFO: [ view_filter ] --END-- [ RunTime:0.000624s ]
INFO: [ app_end ] --START--
INFO: Run Behavior\ShowPageTraceBehavior [ RunTime:0.001190s ]
INFO: [ app_end ] --END-- [ RunTime:0.001322s ]

[ 2018-08-05T11:56:51+08:00 ] 127.0.0.1 /blog/index.php/Home/Article/assets/i/f10.jpg
INFO: [ app_init ] --START--
INFO: Run Behavior\BuildLiteBehavior [ RunTime:0.000018s ]
INFO: [ app_init ] --END-- [ RunTime:0.000491s ]

[ 2018-08-05T11:57:07+08:00 ] 127.0.0.1 /blog/index.php/Home/Index/index.html
INFO: [ app_init ] --START--
INFO: Run Behavior\BuildLiteBehavior [ RunTime:0.000018s ]
INFO: [ app_init ] --END-- [ RunTime:0.000541s ]
INFO: [ app_begin ] --START--
INFO: Run Behavior\ReadHtmlCacheBehavior [ RunTime:0.000580s ]
INFO: [ app_begin ] --END-- [ RunTime:0.000641s ]
SQL: SHOW COLUMNS FROM `blog_carousel` [ RunTime:0.0061s ]
SQL: SELECT * FROM `blog_carousel`  [ RunTime:0.0005s ]
SQL: SHOW COLUMNS FROM `blog_article` [ RunTime:0.0068s ]
SQL: SELECT COUNT(*) AS tp_count FROM `blog_article` LIMIT 1   [ RunTime:0.0005s ]
SQL: SELECT * FROM `blog_article` ORDER BY time desc LIMIT 0,5   [ RunTime:0.0006s ]
SQL: SHOW COLUMNS FROM `blog_link` [ RunTime:0.0068s ]
SQL: SELECT * FROM `blog_link` ORDER BY sort desc  [ RunTime:0.0009s ]
INFO: [ view_parse ] --START--
INFO: [ template_filter ] --START--
INFO: Run Behavior\ContentReplaceBehavior [ RunTime:0.000152s ]
INFO: [ template_filter ] --END-- [ RunTime:0.000219s ]
NOTIC: [8] Undefined variable: ismobile D:\PHPstudy\WWW\blog\Application\Runtime\Cache\Home\2a94b8bda04ff446dcedd42276fc99ee.php 第 114 行.
NOTIC: [8] Undefined variable: ismobile D:\PHPstudy\WWW\blog\Application\Runtime\Cache\Home\2a94b8bda04ff446dcedd42276fc99ee.php 第 145 行.
INFO: Run Behavior\ParseTemplateBehavior [ RunTime:0.020167s ]
INFO: [ view_parse ] --END-- [ RunTime:0.020264s ]
INFO: [ view_filter ] --START--
INFO: Run Behavior\WriteHtmlCacheBehavior [ RunTime:0.000480s ]
INFO: [ view_filter ] --END-- [ RunTime:0.000555s ]
INFO: [ app_end ] --START--
INFO: Run Behavior\ShowPageTraceBehavior [ RunTime:0.000944s ]
INFO: [ app_end ] --END-- [ RunTime:0.001035s ]

[ 2018-08-05T11:57:12+08:00 ] 127.0.0.1 /blog/index.php/Home/Article/index.html
INFO: [ app_init ] --START--
INFO: Run Behavior\BuildLiteBehavior [ RunTime:0.000017s ]
INFO: [ app_init ] --END-- [ RunTime:0.000488s ]
INFO: [ app_begin ] --START--
INFO: Run Behavior\ReadHtmlCacheBehavior [ RunTime:0.000613s ]
INFO: [ app_begin ] --END-- [ RunTime:0.000677s ]
SQL: SHOW COLUMNS FROM `blog_link` [ RunTime:0.0073s ]
SQL: SELECT * FROM `blog_link` ORDER BY sort desc  [ RunTime:0.0008s ]
SQL: SHOW COLUMNS FROM `blog_article` [ RunTime:0.0074s ]
SQL: SELECT COUNT(*) AS tp_count FROM `blog_article` LIMIT 1   [ RunTime:0.0005s ]
SQL: SELECT * FROM `blog_article` WHERE `cate` = '留言板' LIMIT 0,5   [ RunTime:0.0007s ]
INFO: [ view_parse ] --START--
INFO: [ template_filter ] --START--
INFO: Run Behavior\ContentReplaceBehavior [ RunTime:0.000153s ]
INFO: [ template_filter ] --END-- [ RunTime:0.000224s ]
NOTIC: [8] Undefined variable: ismobile D:\PHPstudy\WWW\blog\Application\Runtime\Cache\Home\2ac6c1276904b87404ed678dbabb985c.php 第 83 行.
NOTIC: [8] Undefined variable: ismobile D:\PHPstudy\WWW\blog\Application\Runtime\Cache\Home\2ac6c1276904b87404ed678dbabb985c.php 第 100 行.
INFO: Run Behavior\ParseTemplateBehavior [ RunTime:0.023820s ]
INFO: [ view_parse ] --END-- [ RunTime:0.023901s ]
INFO: [ view_filter ] --START--
INFO: Run Behavior\WriteHtmlCacheBehavior [ RunTime:0.000394s ]
INFO: [ view_filter ] --END-- [ RunTime:0.000448s ]
INFO: [ app_end ] --START--
INFO: Run Behavior\ShowPageTraceBehavior [ RunTime:0.001008s ]
INFO: [ app_end ] --END-- [ RunTime:0.001101s ]

[ 2018-08-05T11:57:14+08:00 ] 127.0.0.1 /blog/index.php/Home/Index/index.html
INFO: [ app_init ] --START--
INFO: Run Behavior\BuildLiteBehavior [ RunTime:0.000016s ]
INFO: [ app_init ] --END-- [ RunTime:0.000488s ]
INFO: [ app_begin ] --START--
INFO: Run Behavior\ReadHtmlCacheBehavior [ RunTime:0.000584s ]
INFO: [ app_begin ] --END-- [ RunTime:0.000646s ]
SQL: SHOW COLUMNS FROM `blog_carousel` [ RunTime:0.0060s ]
SQL: SELECT * FROM `blog_carousel`  [ RunTime:0.0007s ]
SQL: SHOW COLUMNS FROM `blog_article` [ RunTime:0.0068s ]
SQL: SELECT COUNT(*) AS tp_count FROM `blog_article` LIMIT 1   [ RunTime:0.0005s ]
SQL: SELECT * FROM `blog_article` ORDER BY time desc LIMIT 0,5   [ RunTime:0.0007s ]
SQL: SHOW COLUMNS FROM `blog_link` [ RunTime:0.0076s ]
SQL: SELECT * FROM `blog_link` ORDER BY sort desc  [ RunTime:0.0010s ]
INFO: [ view_parse ] --START--
INFO: [ template_filter ] --START--
INFO: Run Behavior\ContentReplaceBehavior [ RunTime:0.000147s ]
INFO: [ template_filter ] --END-- [ RunTime:0.000207s ]
NOTIC: [8] Undefined variable: ismobile D:\PHPstudy\WWW\blog\Application\Runtime\Cache\Home\2a94b8bda04ff446dcedd42276fc99ee.php 第 114 行.
NOTIC: [8] Undefined variable: ismobile D:\PHPstudy\WWW\blog\Application\Runtime\Cache\Home\2a94b8bda04ff446dcedd42276fc99ee.php 第 145 行.
INFO: Run Behavior\ParseTemplateBehavior [ RunTime:0.017229s ]
INFO: [ view_parse ] --END-- [ RunTime:0.017292s ]
INFO: [ view_filter ] --START--
INFO: Run Behavior\WriteHtmlCacheBehavior [ RunTime:0.000361s ]
INFO: [ view_filter ] --END-- [ RunTime:0.000408s ]
INFO: [ app_end ] --START--
INFO: Run Behavior\ShowPageTraceBehavior [ RunTime:0.000710s ]
INFO: [ app_end ] --END-- [ RunTime:0.000774s ]

[ 2018-08-05T12:05:44+08:00 ] 127.0.0.1 /blog/index.php/Home/Article/article_info.html?id=15
INFO: [ app_init ] --START--
INFO: Run Behavior\BuildLiteBehavior [ RunTime:0.000022s ]
INFO: [ app_init ] --END-- [ RunTime:0.000976s ]
INFO: [ app_begin ] --START--
INFO: Run Behavior\ReadHtmlCacheBehavior [ RunTime:0.001137s ]
INFO: [ app_begin ] --END-- [ RunTime:0.001231s ]
SQL: SHOW COLUMNS FROM `blog_article` [ RunTime:0.0109s ]
SQL: SELECT * FROM `blog_article` WHERE `id` = 15 LIMIT 1   [ RunTime:0.0009s ]
SQL: SHOW COLUMNS FROM `blog_link` [ RunTime:0.0083s ]
SQL: SELECT * FROM `blog_link` ORDER BY sort desc  [ RunTime:0.0008s ]
INFO: [ view_parse ] --START--
INFO: [ template_filter ] --START--
INFO: Run Behavior\ContentReplaceBehavior [ RunTime:0.000151s ]
INFO: [ template_filter ] --END-- [ RunTime:0.000241s ]
NOTIC: [8] Undefined variable: ismobile D:\PHPstudy\WWW\blog\Application\Runtime\Cache\Home\cb5c2262658e8d5174192b068cf3c2a0.php 第 126 行.
INFO: Run Behavior\ParseTemplateBehavior [ RunTime:0.034149s ]
INFO: [ view_parse ] --END-- [ RunTime:0.034253s ]
INFO: [ view_filter ] --START--
INFO: Run Behavior\WriteHtmlCacheBehavior [ RunTime:0.000453s ]
INFO: [ view_filter ] --END-- [ RunTime:0.000499s ]
INFO: [ app_end ] --START--
INFO: Run Behavior\ShowPageTraceBehavior [ RunTime:0.001185s ]
INFO: [ app_end ] --END-- [ RunTime:0.001331s ]

[ 2018-08-05T12:05:44+08:00 ] 127.0.0.1 /blog/index.php/Home/Article/assets/i/f10.jpg
INFO: [ app_init ] --START--
INFO: Run Behavior\BuildLiteBehavior [ RunTime:0.000025s ]
INFO: [ app_init ] --END-- [ RunTime:0.000759s ]

[ 2018-08-05T12:05:51+08:00 ] 127.0.0.1 /blog/index.php/Home/Comment/index.html
INFO: [ app_init ] --START--
INFO: Run Behavior\BuildLiteBehavior [ RunTime:0.000024s ]
INFO: [ app_init ] --END-- [ RunTime:0.000726s ]
INFO: [ app_begin ] --START--
INFO: Run Behavior\ReadHtmlCacheBehavior [ RunTime:0.000736s ]
INFO: [ app_begin ] --END-- [ RunTime:0.000816s ]
SQL: SHOW COLUMNS FROM `blog_link` [ RunTime:0.0070s ]
SQL: SELECT * FROM `blog_link` ORDER BY sort desc  [ RunTime:0.0006s ]
SQL: SHOW COLUMNS FROM `blog_comment` [ RunTime:0.0549s ]
SQL: SELECT * FROM `blog_comment`  [ RunTime:0.0009s ]
INFO: [ view_parse ] --START--
INFO: [ template_filter ] --START--
INFO: Run Behavior\ContentReplaceBehavior [ RunTime:0.000128s ]
INFO: [ template_filter ] --END-- [ RunTime:0.000187s ]
NOTIC: [8] Use of undefined constant data - assumed 'data' D:\PHPstudy\WWW\blog\Application\Runtime\Cache\Home\9bada13f8d65fe468b3b3610ce95bf98.php 第 71 行.
NOTIC: [8] Undefined variable: ismobile D:\PHPstudy\WWW\blog\Application\Runtime\Cache\Home\9bada13f8d65fe468b3b3610ce95bf98.php 第 112 行.
INFO: Run Behavior\ParseTemplateBehavior [ RunTime:0.013370s ]
INFO: [ view_parse ] --END-- [ RunTime:0.013432s ]
INFO: [ view_filter ] --START--
INFO: Run Behavior\WriteHtmlCacheBehavior [ RunTime:0.000336s ]
INFO: [ view_filter ] --END-- [ RunTime:0.000379s ]
INFO: [ app_end ] --START--
INFO: Run Behavior\ShowPageTraceBehavior [ RunTime:0.000991s ]
INFO: [ app_end ] --END-- [ RunTime:0.001079s ]

[ 2018-08-05T12:05:52+08:00 ] 127.0.0.1 /blog/index.php/Home/Photo/index.html
INFO: [ app_init ] --START--
INFO: Run Behavior\BuildLiteBehavior [ RunTime:0.000023s ]
INFO: [ app_init ] --END-- [ RunTime:0.000627s ]
INFO: [ app_begin ] --START--
INFO: Run Behavior\ReadHtmlCacheBehavior [ RunTime:0.000782s ]
INFO: [ app_begin ] --END-- [ RunTime:0.000868s ]
SQL: SHOW COLUMNS FROM `blog_photo` [ RunTime:0.0418s ]
SQL: SELECT * FROM `blog_photo`  [ RunTime:0.0064s ]
INFO: [ view_parse ] --START--
INFO: [ template_filter ] --START--
INFO: Run Behavior\ContentReplaceBehavior [ RunTime:0.000105s ]
INFO: [ template_filter ] --END-- [ RunTime:0.000171s ]
INFO: Run Behavior\ParseTemplateBehavior [ RunTime:0.011749s ]
INFO: [ view_parse ] --END-- [ RunTime:0.011839s ]
INFO: [ view_filter ] --START--
INFO: Run Behavior\WriteHtmlCacheBehavior [ RunTime:0.000411s ]
INFO: [ view_filter ] --END-- [ RunTime:0.000457s ]
INFO: [ app_end ] --START--
INFO: Run Behavior\ShowPageTraceBehavior [ RunTime:0.000623s ]
INFO: [ app_end ] --END-- [ RunTime:0.000675s ]

[ 2018-08-05T12:05:56+08:00 ] 127.0.0.1 /blog/index.php/Home/Photo/index.html
INFO: [ app_init ] --START--
INFO: Run Behavior\BuildLiteBehavior [ RunTime:0.000023s ]
INFO: [ app_init ] --END-- [ RunTime:0.000523s ]
INFO: [ app_begin ] --START--
INFO: Run Behavior\ReadHtmlCacheBehavior [ RunTime:0.000692s ]
INFO: [ app_begin ] --END-- [ RunTime:0.000770s ]
SQL: SHOW COLUMNS FROM `blog_photo` [ RunTime:0.0062s ]
SQL: SELECT * FROM `blog_photo`  [ RunTime:0.0008s ]
INFO: [ view_parse ] --START--
INFO: [ template_filter ] --START--
INFO: Run Behavior\ContentReplaceBehavior [ RunTime:0.000097s ]
INFO: [ template_filter ] --END-- [ RunTime:0.000161s ]
INFO: Run Behavior\ParseTemplateBehavior [ RunTime:0.010715s ]
INFO: [ view_parse ] --END-- [ RunTime:0.010783s ]
INFO: [ view_filter ] --START--
INFO: Run Behavior\WriteHtmlCacheBehavior [ RunTime:0.000397s ]
INFO: [ view_filter ] --END-- [ RunTime:0.000446s ]
INFO: [ app_end ] --START--
INFO: Run Behavior\ShowPageTraceBehavior [ RunTime:0.000896s ]
INFO: [ app_end ] --END-- [ RunTime:0.000971s ]

[ 2018-08-05T12:06:02+08:00 ] 127.0.0.1 /blog/index.php/Home/Article/index.html
INFO: [ app_init ] --START--
INFO: Run Behavior\BuildLiteBehavior [ RunTime:0.000016s ]
INFO: [ app_init ] --END-- [ RunTime:0.000482s ]
INFO: [ app_begin ] --START--
INFO: Run Behavior\ReadHtmlCacheBehavior [ RunTime:0.000583s ]
INFO: [ app_begin ] --END-- [ RunTime:0.000651s ]
SQL: SHOW COLUMNS FROM `blog_link` [ RunTime:0.0063s ]
SQL: SELECT * FROM `blog_link` ORDER BY sort desc  [ RunTime:0.0006s ]
SQL: SHOW COLUMNS FROM `blog_article` [ RunTime:0.0065s ]
SQL: SELECT COUNT(*) AS tp_count FROM `blog_article` LIMIT 1   [ RunTime:0.0005s ]
SQL: SELECT * FROM `blog_article` WHERE `cate` = '留言板' LIMIT 0,5   [ RunTime:0.0006s ]
INFO: [ view_parse ] --START--
INFO: [ template_filter ] --START--
INFO: Run Behavior\ContentReplaceBehavior [ RunTime:0.000134s ]
INFO: [ template_filter ] --END-- [ RunTime:0.000199s ]
NOTIC: [8] Undefined variable: ismobile D:\PHPstudy\WWW\blog\Application\Runtime\Cache\Home\2ac6c1276904b87404ed678dbabb985c.php 第 83 行.
NOTIC: [8] Undefined variable: ismobile D:\PHPstudy\WWW\blog\Application\Runtime\Cache\Home\2ac6c1276904b87404ed678dbabb985c.php 第 100 行.
INFO: Run Behavior\ParseTemplateBehavior [ RunTime:0.014721s ]
INFO: [ view_parse ] --END-- [ RunTime:0.014777s ]
INFO: [ view_filter ] --START--
INFO: Run Behavior\WriteHtmlCacheBehavior [ RunTime:0.000353s ]
INFO: [ view_filter ] --END-- [ RunTime:0.000398s ]
INFO: [ app_end ] --START--
INFO: Run Behavior\ShowPageTraceBehavior [ RunTime:0.000893s ]
INFO: [ app_end ] --END-- [ RunTime:0.000976s ]

[ 2018-08-05T12:06:04+08:00 ] 127.0.0.1 /blog/index.php/Home/Index/index.html
INFO: [ app_init ] --START--
INFO: Run Behavior\BuildLiteBehavior [ RunTime:0.000026s ]
INFO: [ app_init ] --END-- [ RunTime:0.000729s ]
INFO: [ app_begin ] --START--
INFO: Run Behavior\ReadHtmlCacheBehavior [ RunTime:0.000827s ]
INFO: [ app_begin ] --END-- [ RunTime:0.000914s ]
SQL: SHOW COLUMNS FROM `blog_carousel` [ RunTime:0.0149s ]
SQL: SELECT * FROM `blog_carousel`  [ RunTime:0.0008s ]
SQL: SHOW COLUMNS FROM `blog_article` [ RunTime:0.0241s ]
SQL: SELECT COUNT(*) AS tp_count FROM `blog_article` LIMIT 1   [ RunTime:0.0007s ]
SQL: SELECT * FROM `blog_article` ORDER BY time desc LIMIT 0,5   [ RunTime:0.0009s ]
SQL: SHOW COLUMNS FROM `blog_link` [ RunTime:0.0095s ]
SQL: SELECT * FROM `blog_link` ORDER BY sort desc  [ RunTime:0.0006s ]
INFO: [ view_parse ] --START--
INFO: [ template_filter ] --START--
INFO: Run Behavior\ContentReplaceBehavior [ RunTime:0.000243s ]
INFO: [ template_filter ] --END-- [ RunTime:0.000339s ]
NOTIC: [8] Undefined variable: ismobile D:\PHPstudy\WWW\blog\Application\Runtime\Cache\Home\2a94b8bda04ff446dcedd42276fc99ee.php 第 114 行.
NOTIC: [8] Undefined variable: ismobile D:\PHPstudy\WWW\blog\Application\Runtime\Cache\Home\2a94b8bda04ff446dcedd42276fc99ee.php 第 145 行.
INFO: Run Behavior\ParseTemplateBehavior [ RunTime:0.025877s ]
INFO: [ view_parse ] --END-- [ RunTime:0.025953s ]
INFO: [ view_filter ] --START--
INFO: Run Behavior\WriteHtmlCacheBehavior [ RunTime:0.000480s ]
INFO: [ view_filter ] --END-- [ RunTime:0.000549s ]
INFO: [ app_end ] --START--
INFO: Run Behavior\ShowPageTraceBehavior [ RunTime:0.001125s ]
INFO: [ app_end ] --END-- [ RunTime:0.001249s ]

[ 2018-08-05T12:31:02+08:00 ] 127.0.0.1 /blog/index.php/Home/Article/index.html
INFO: [ app_init ] --START--
INFO: Run Behavior\BuildLiteBehavior [ RunTime:0.000010s ]
INFO: [ app_init ] --END-- [ RunTime:0.000359s ]
INFO: [ app_begin ] --START--
INFO: Run Behavior\ReadHtmlCacheBehavior [ RunTime:0.001676s ]
INFO: [ app_begin ] --END-- [ RunTime:0.001785s ]
SQL: SHOW COLUMNS FROM `blog_link` [ RunTime:0.0066s ]
SQL: SELECT * FROM `blog_link` ORDER BY sort desc  [ RunTime:0.0005s ]
SQL: SHOW COLUMNS FROM `blog_article` [ RunTime:0.0042s ]
SQL: SELECT COUNT(*) AS tp_count FROM `blog_article` LIMIT 1   [ RunTime:0.0004s ]
SQL: SELECT * FROM `blog_article` WHERE `cate` = '留言板' LIMIT 0,5   [ RunTime:0.0004s ]
INFO: [ view_parse ] --START--
INFO: [ template_filter ] --START--
INFO: Run Behavior\ContentReplaceBehavior [ RunTime:0.000080s ]
INFO: [ template_filter ] --END-- [ RunTime:0.000118s ]
NOTIC: [8] Undefined variable: ismobile D:\PHPstudy\WWW\blog\Application\Runtime\Cache\Home\2ac6c1276904b87404ed678dbabb985c.php 第 83 行.
NOTIC: [8] Undefined variable: ismobile D:\PHPstudy\WWW\blog\Application\Runtime\Cache\Home\2ac6c1276904b87404ed678dbabb985c.php 第 100 行.
INFO: Run Behavior\ParseTemplateBehavior [ RunTime:0.017532s ]
INFO: [ view_parse ] --END-- [ RunTime:0.017571s ]
INFO: [ view_filter ] --START--
INFO: Run Behavior\WriteHtmlCacheBehavior [ RunTime:0.000282s ]
INFO: [ view_filter ] --END-- [ RunTime:0.000307s ]
INFO: [ app_end ] --START--
INFO: Run Behavior\ShowPageTraceBehavior [ RunTime:0.000451s ]
INFO: [ app_end ] --END-- [ RunTime:0.000482s ]

[ 2018-08-05T12:55:16+08:00 ] 127.0.0.1 /blog/index.php/Home/Article/index.html
INFO: [ app_init ] --START--
INFO: Run Behavior\BuildLiteBehavior [ RunTime:0.000013s ]
INFO: [ app_init ] --END-- [ RunTime:0.000489s ]
INFO: [ app_begin ] --START--
INFO: Run Behavior\ReadHtmlCacheBehavior [ RunTime:0.000516s ]
INFO: [ app_begin ] --END-- [ RunTime:0.000589s ]
SQL: SHOW COLUMNS FROM `blog_link` [ RunTime:0.0045s ]
SQL: SELECT * FROM `blog_link` ORDER BY sort desc  [ RunTime:0.0004s ]
SQL: SHOW COLUMNS FROM `blog_article` [ RunTime:0.0066s ]
SQL: SELECT COUNT(*) AS tp_count FROM `blog_article` LIMIT 1   [ RunTime:0.0004s ]
SQL: SELECT * FROM `blog_article` WHERE `cate` = '留言板' LIMIT 0,5   [ RunTime:0.0004s ]
INFO: [ view_parse ] --START--
INFO: [ template_filter ] --START--
INFO: Run Behavior\ContentReplaceBehavior [ RunTime:0.000107s ]
INFO: [ template_filter ] --END-- [ RunTime:0.000172s ]
NOTIC: [8] Undefined variable: ismobile D:\PHPstudy\WWW\blog\Application\Runtime\Cache\Home\2ac6c1276904b87404ed678dbabb985c.php 第 83 行.
NOTIC: [8] Undefined variable: ismobile D:\PHPstudy\WWW\blog\Application\Runtime\Cache\Home\2ac6c1276904b87404ed678dbabb985c.php 第 100 行.
INFO: Run Behavior\ParseTemplateBehavior [ RunTime:0.016232s ]
INFO: [ view_parse ] --END-- [ RunTime:0.016266s ]
INFO: [ view_filter ] --START--
INFO: Run Behavior\WriteHtmlCacheBehavior [ RunTime:0.000261s ]
INFO: [ view_filter ] --END-- [ RunTime:0.000285s ]
INFO: [ app_end ] --START--
INFO: Run Behavior\ShowPageTraceBehavior [ RunTime:0.000444s ]
INFO: [ app_end ] --END-- [ RunTime:0.000475s ]

[ 2018-08-05T12:55:18+08:00 ] 127.0.0.1 /blog/index.php/Home/Index/index.html
INFO: [ app_init ] --START--
INFO: Run Behavior\BuildLiteBehavior [ RunTime:0.000010s ]
INFO: [ app_init ] --END-- [ RunTime:0.000264s ]
INFO: [ app_begin ] --START--
INFO: Run Behavior\ReadHtmlCacheBehavior [ RunTime:0.000327s ]
INFO: [ app_begin ] --END-- [ RunTime:0.000360s ]
SQL: SHOW COLUMNS FROM `blog_carousel` [ RunTime:0.0050s ]
SQL: SELECT * FROM `blog_carousel`  [ RunTime:0.0006s ]
SQL: SHOW COLUMNS FROM `blog_article` [ RunTime:0.0066s ]
SQL: SELECT COUNT(*) AS tp_count FROM `blog_article` LIMIT 1   [ RunTime:0.0004s ]
SQL: SELECT * FROM `blog_article` ORDER BY time desc LIMIT 0,5   [ RunTime:0.0006s ]
SQL: SHOW COLUMNS FROM `blog_link` [ RunTime:0.0044s ]
SQL: SELECT * FROM `blog_link` ORDER BY sort desc  [ RunTime:0.0005s ]
INFO: [ view_parse ] --START--
INFO: [ template_filter ] --START--
INFO: Run Behavior\ContentReplaceBehavior [ RunTime:0.000080s ]
INFO: [ template_filter ] --END-- [ RunTime:0.000119s ]
NOTIC: [8] Undefined variable: ismobile D:\PHPstudy\WWW\blog\Application\Runtime\Cache\Home\2a94b8bda04ff446dcedd42276fc99ee.php 第 114 行.
NOTIC: [8] Undefined variable: ismobile D:\PHPstudy\WWW\blog\Application\Runtime\Cache\Home\2a94b8bda04ff446dcedd42276fc99ee.php 第 145 行.
INFO: Run Behavior\ParseTemplateBehavior [ RunTime:0.011710s ]
INFO: [ view_parse ] --END-- [ RunTime:0.011765s ]
INFO: [ view_filter ] --START--
INFO: Run Behavior\WriteHtmlCacheBehavior [ RunTime:0.000267s ]
INFO: [ view_filter ] --END-- [ RunTime:0.000305s ]
INFO: [ app_end ] --START--
INFO: Run Behavior\ShowPageTraceBehavior [ RunTime:0.000483s ]
INFO: [ app_end ] --END-- [ RunTime:0.000525s ]

[ 2018-08-05T12:55:20+08:00 ] 127.0.0.1 /blog/index.php/Home/Base/search_list.html?
INFO: [ app_init ] --START--
INFO: Run Behavior\BuildLiteBehavior [ RunTime:0.000011s ]
INFO: [ app_init ] --END-- [ RunTime:0.000324s ]
INFO: [ app_begin ] --START--
INFO: Run Behavior\ReadHtmlCacheBehavior [ RunTime:0.000331s ]
INFO: [ app_begin ] --END-- [ RunTime:0.000361s ]
INFO: [ view_parse ] --START--
INFO: [ template_filter ] --START--
INFO: Run Behavior\ContentReplaceBehavior [ RunTime:0.000066s ]
INFO: [ template_filter ] --END-- [ RunTime:0.000098s ]
NOTIC: [8] Undefined variable: data D:\PHPstudy\WWW\blog\Application\Runtime\Cache\Home\2b1808d3214488fc45e3d52bb8cac625.php 第 71 行.
NOTIC: [8] Undefined variable: ismobile D:\PHPstudy\WWW\blog\Application\Runtime\Cache\Home\2b1808d3214488fc45e3d52bb8cac625.php 第 83 行.
NOTIC: [8] Undefined variable: page D:\PHPstudy\WWW\blog\Application\Runtime\Cache\Home\2b1808d3214488fc45e3d52bb8cac625.php 第 84 行.
NOTIC: [8] Undefined variable: ismobile D:\PHPstudy\WWW\blog\Application\Runtime\Cache\Home\2b1808d3214488fc45e3d52bb8cac625.php 第 100 行.
NOTIC: [8] Undefined variable: link D:\PHPstudy\WWW\blog\Application\Runtime\Cache\Home\2b1808d3214488fc45e3d52bb8cac625.php 第 130 行.
NOTIC: [8] Undefined variable: ip D:\PHPstudy\WWW\blog\Application\Runtime\Cache\Home\2b1808d3214488fc45e3d52bb8cac625.php 第 216 行.
INFO: Run Behavior\ParseTemplateBehavior [ RunTime:0.007281s ]
INFO: [ view_parse ] --END-- [ RunTime:0.007321s ]
INFO: [ view_filter ] --START--
INFO: Run Behavior\WriteHtmlCacheBehavior [ RunTime:0.000179s ]
INFO: [ view_filter ] --END-- [ RunTime:0.000201s ]
INFO: [ app_end ] --START--
INFO: Run Behavior\ShowPageTraceBehavior [ RunTime:0.000345s ]
INFO: [ app_end ] --END-- [ RunTime:0.000374s ]

[ 2018-08-05T12:55:24+08:00 ] 127.0.0.1 /blog/index.php/Home/Index/index.html
INFO: [ app_init ] --START--
INFO: Run Behavior\BuildLiteBehavior [ RunTime:0.000010s ]
INFO: [ app_init ] --END-- [ RunTime:0.000289s ]
INFO: [ app_begin ] --START--
INFO: Run Behavior\ReadHtmlCacheBehavior [ RunTime:0.000309s ]
INFO: [ app_begin ] --END-- [ RunTime:0.000342s ]
SQL: SHOW COLUMNS FROM `blog_carousel` [ RunTime:0.0043s ]
SQL: SELECT * FROM `blog_carousel`  [ RunTime:0.0004s ]
SQL: SHOW COLUMNS FROM `blog_article` [ RunTime:0.0040s ]
SQL: SELECT COUNT(*) AS tp_count FROM `blog_article` LIMIT 1   [ RunTime:0.0003s ]
SQL: SELECT * FROM `blog_article` ORDER BY time desc LIMIT 0,5   [ RunTime:0.0005s ]
SQL: SHOW COLUMNS FROM `blog_link` [ RunTime:0.0048s ]
SQL: SELECT * FROM `blog_link` ORDER BY sort desc  [ RunTime:0.0004s ]
INFO: [ view_parse ] --START--
INFO: [ template_filter ] --START--
INFO: Run Behavior\ContentReplaceBehavior [ RunTime:0.000075s ]
INFO: [ template_filter ] --END-- [ RunTime:0.000109s ]
NOTIC: [8] Undefined variable: ismobile D:\PHPstudy\WWW\blog\Application\Runtime\Cache\Home\2a94b8bda04ff446dcedd42276fc99ee.php 第 114 行.
NOTIC: [8] Undefined variable: ismobile D:\PHPstudy\WWW\blog\Application\Runtime\Cache\Home\2a94b8bda04ff446dcedd42276fc99ee.php 第 145 行.
INFO: Run Behavior\ParseTemplateBehavior [ RunTime:0.009341s ]
INFO: [ view_parse ] --END-- [ RunTime:0.009371s ]
INFO: [ view_filter ] --START--
INFO: Run Behavior\WriteHtmlCacheBehavior [ RunTime:0.000178s ]
INFO: [ view_filter ] --END-- [ RunTime:0.000200s ]
INFO: [ app_end ] --START--
INFO: Run Behavior\ShowPageTraceBehavior [ RunTime:0.000368s ]
INFO: [ app_end ] --END-- [ RunTime:0.000396s ]

[ 2018-08-05T12:55:26+08:00 ] 127.0.0.1 /blog/index.php/Home/Base/search_list.html?
INFO: [ app_init ] --START--
INFO: Run Behavior\BuildLiteBehavior [ RunTime:0.000009s ]
INFO: [ app_init ] --END-- [ RunTime:0.000284s ]
INFO: [ app_begin ] --START--
INFO: Run Behavior\ReadHtmlCacheBehavior [ RunTime:0.000485s ]
INFO: [ app_begin ] --END-- [ RunTime:0.000534s ]
INFO: [ view_parse ] --START--
INFO: [ template_filter ] --START--
INFO: Run Behavior\ContentReplaceBehavior [ RunTime:0.000067s ]
INFO: [ template_filter ] --END-- [ RunTime:0.000100s ]
NOTIC: [8] Undefined variable: data D:\PHPstudy\WWW\blog\Application\Runtime\Cache\Home\2b1808d3214488fc45e3d52bb8cac625.php 第 71 行.
NOTIC: [8] Undefined variable: ismobile D:\PHPstudy\WWW\blog\Application\Runtime\Cache\Home\2b1808d3214488fc45e3d52bb8cac625.php 第 83 行.
NOTIC: [8] Undefined variable: page D:\PHPstudy\WWW\blog\Application\Runtime\Cache\Home\2b1808d3214488fc45e3d52bb8cac625.php 第 84 行.
NOTIC: [8] Undefined variable: ismobile D:\PHPstudy\WWW\blog\Application\Runtime\Cache\Home\2b1808d3214488fc45e3d52bb8cac625.php 第 100 行.
NOTIC: [8] Undefined variable: link D:\PHPstudy\WWW\blog\Application\Runtime\Cache\Home\2b1808d3214488fc45e3d52bb8cac625.php 第 130 行.
NOTIC: [8] Undefined variable: ip D:\PHPstudy\WWW\blog\Application\Runtime\Cache\Home\2b1808d3214488fc45e3d52bb8cac625.php 第 216 行.
INFO: Run Behavior\ParseTemplateBehavior [ RunTime:0.007410s ]
INFO: [ view_parse ] --END-- [ RunTime:0.007443s ]
INFO: [ view_filter ] --START--
INFO: Run Behavior\WriteHtmlCacheBehavior [ RunTime:0.000181s ]
INFO: [ view_filter ] --END-- [ RunTime:0.000205s ]
INFO: [ app_end ] --START--
INFO: Run Behavior\ShowPageTraceBehavior [ RunTime:0.000343s ]
INFO: [ app_end ] --END-- [ RunTime:0.000377s ]

[ 2018-08-05T12:55:27+08:00 ] 127.0.0.1 /blog/index.php/Home/Index/index.html
INFO: [ app_init ] --START--
INFO: Run Behavior\BuildLiteBehavior [ RunTime:0.000015s ]
INFO: [ app_init ] --END-- [ RunTime:0.000380s ]
INFO: [ app_begin ] --START--
INFO: Run Behavior\ReadHtmlCacheBehavior [ RunTime:0.000504s ]
INFO: [ app_begin ] --END-- [ RunTime:0.000606s ]
SQL: SHOW COLUMNS FROM `blog_carousel` [ RunTime:0.0050s ]
SQL: SELECT * FROM `blog_carousel`  [ RunTime:0.0006s ]
SQL: SHOW COLUMNS FROM `blog_article` [ RunTime:0.0064s ]
SQL: SELECT COUNT(*) AS tp_count FROM `blog_article` LIMIT 1   [ RunTime:0.0003s ]
SQL: SELECT * FROM `blog_article` ORDER BY time desc LIMIT 0,5   [ RunTime:0.0004s ]
SQL: SHOW COLUMNS FROM `blog_link` [ RunTime:0.0042s ]
SQL: SELECT * FROM `blog_link` ORDER BY sort desc  [ RunTime:0.0004s ]
INFO: [ view_parse ] --START--
INFO: [ template_filter ] --START--
INFO: Run Behavior\ContentReplaceBehavior [ RunTime:0.000130s ]
INFO: [ template_filter ] --END-- [ RunTime:0.000183s ]
NOTIC: [8] Undefined variable: ismobile D:\PHPstudy\WWW\blog\Application\Runtime\Cache\Home\2a94b8bda04ff446dcedd42276fc99ee.php 第 114 行.
NOTIC: [8] Undefined variable: ismobile D:\PHPstudy\WWW\blog\Application\Runtime\Cache\Home\2a94b8bda04ff446dcedd42276fc99ee.php 第 145 行.
INFO: Run Behavior\ParseTemplateBehavior [ RunTime:0.012161s ]
INFO: [ view_parse ] --END-- [ RunTime:0.012206s ]
INFO: [ view_filter ] --START--
INFO: Run Behavior\WriteHtmlCacheBehavior [ RunTime:0.000257s ]
INFO: [ view_filter ] --END-- [ RunTime:0.000292s ]
INFO: [ app_end ] --START--
INFO: Run Behavior\ShowPageTraceBehavior [ RunTime:0.000449s ]
INFO: [ app_end ] --END-- [ RunTime:0.000492s ]

[ 2018-08-05T12:55:30+08:00 ] 127.0.0.1 /blog/index.php/Home/Base/search_list.html?
INFO: [ app_init ] --START--
INFO: Run Behavior\BuildLiteBehavior [ RunTime:0.000009s ]
INFO: [ app_init ] --END-- [ RunTime:0.000268s ]
INFO: [ app_begin ] --START--
INFO: Run Behavior\ReadHtmlCacheBehavior [ RunTime:0.000312s ]
INFO: [ app_begin ] --END-- [ RunTime:0.000344s ]
INFO: [ view_parse ] --START--
INFO: [ template_filter ] --START--
INFO: Run Behavior\ContentReplaceBehavior [ RunTime:0.000067s ]
INFO: [ template_filter ] --END-- [ RunTime:0.000101s ]
NOTIC: [8] Undefined variable: data D:\PHPstudy\WWW\blog\Application\Runtime\Cache\Home\2b1808d3214488fc45e3d52bb8cac625.php 第 71 行.
NOTIC: [8] Undefined variable: ismobile D:\PHPstudy\WWW\blog\Application\Runtime\Cache\Home\2b1808d3214488fc45e3d52bb8cac625.php 第 83 行.
NOTIC: [8] Undefined variable: page D:\PHPstudy\WWW\blog\Application\Runtime\Cache\Home\2b1808d3214488fc45e3d52bb8cac625.php 第 84 行.
NOTIC: [8] Undefined variable: ismobile D:\PHPstudy\WWW\blog\Application\Runtime\Cache\Home\2b1808d3214488fc45e3d52bb8cac625.php 第 100 行.
NOTIC: [8] Undefined variable: link D:\PHPstudy\WWW\blog\Application\Runtime\Cache\Home\2b1808d3214488fc45e3d52bb8cac625.php 第 130 行.
NOTIC: [8] Undefined variable: ip D:\PHPstudy\WWW\blog\Application\Runtime\Cache\Home\2b1808d3214488fc45e3d52bb8cac625.php 第 216 行.
INFO: Run Behavior\ParseTemplateBehavior [ RunTime:0.007542s ]
INFO: [ view_parse ] --END-- [ RunTime:0.007579s ]
INFO: [ view_filter ] --START--
INFO: Run Behavior\WriteHtmlCacheBehavior [ RunTime:0.000174s ]
INFO: [ view_filter ] --END-- [ RunTime:0.000197s ]
INFO: [ app_end ] --START--
INFO: Run Behavior\ShowPageTraceBehavior [ RunTime:0.000391s ]
INFO: [ app_end ] --END-- [ RunTime:0.000430s ]

[ 2018-08-05T12:55:32+08:00 ] 127.0.0.1 /blog/index.php/Home/Index/index.html
INFO: [ app_init ] --START--
INFO: Run Behavior\BuildLiteBehavior [ RunTime:0.000016s ]
INFO: [ app_init ] --END-- [ RunTime:0.000410s ]
INFO: [ app_begin ] --START--
INFO: Run Behavior\ReadHtmlCacheBehavior [ RunTime:0.000478s ]
INFO: [ app_begin ] --END-- [ RunTime:0.000530s ]
SQL: SHOW COLUMNS FROM `blog_carousel` [ RunTime:0.0052s ]
SQL: SELECT * FROM `blog_carousel`  [ RunTime:0.0004s ]
SQL: SHOW COLUMNS FROM `blog_article` [ RunTime:0.0036s ]
SQL: SELECT COUNT(*) AS tp_count FROM `blog_article` LIMIT 1   [ RunTime:0.0003s ]
SQL: SELECT * FROM `blog_article` ORDER BY time desc LIMIT 0,5   [ RunTime:0.0005s ]
SQL: SHOW COLUMNS FROM `blog_link` [ RunTime:0.0037s ]
SQL: SELECT * FROM `blog_link` ORDER BY sort desc  [ RunTime:0.0004s ]
INFO: [ view_parse ] --START--
INFO: [ template_filter ] --START--
INFO: Run Behavior\ContentReplaceBehavior [ RunTime:0.000083s ]
INFO: [ template_filter ] --END-- [ RunTime:0.000127s ]
NOTIC: [8] Undefined variable: ismobile D:\PHPstudy\WWW\blog\Application\Runtime\Cache\Home\2a94b8bda04ff446dcedd42276fc99ee.php 第 114 行.
NOTIC: [8] Undefined variable: ismobile D:\PHPstudy\WWW\blog\Application\Runtime\Cache\Home\2a94b8bda04ff446dcedd42276fc99ee.php 第 145 行.
INFO: Run Behavior\ParseTemplateBehavior [ RunTime:0.012617s ]
INFO: [ view_parse ] --END-- [ RunTime:0.012665s ]
INFO: [ view_filter ] --START--
INFO: Run Behavior\WriteHtmlCacheBehavior [ RunTime:0.000325s ]
INFO: [ view_filter ] --END-- [ RunTime:0.000357s ]
INFO: [ app_end ] --START--
INFO: Run Behavior\ShowPageTraceBehavior [ RunTime:0.000703s ]
INFO: [ app_end ] --END-- [ RunTime:0.000759s ]

[ 2018-08-05T13:51:25+08:00 ] 127.0.0.1 /blog/index.php/Home/Article/article_info.html?id=14
INFO: [ app_init ] --START--
INFO: Run Behavior\BuildLiteBehavior [ RunTime:0.000012s ]
INFO: [ app_init ] --END-- [ RunTime:0.000421s ]
INFO: [ app_begin ] --START--
INFO: Run Behavior\ReadHtmlCacheBehavior [ RunTime:0.000444s ]
INFO: [ app_begin ] --END-- [ RunTime:0.000486s ]
SQL: SHOW COLUMNS FROM `blog_article` [ RunTime:0.0044s ]
SQL: SELECT * FROM `blog_article` WHERE `id` = 14 LIMIT 1   [ RunTime:0.0004s ]
SQL: SHOW COLUMNS FROM `blog_link` [ RunTime:0.0066s ]
SQL: SELECT * FROM `blog_link` ORDER BY sort desc  [ RunTime:0.0004s ]
INFO: [ view_parse ] --START--
INFO: [ template_filter ] --START--
INFO: Run Behavior\ContentReplaceBehavior [ RunTime:0.000068s ]
INFO: [ template_filter ] --END-- [ RunTime:0.000101s ]
NOTIC: [8] Undefined variable: ismobile D:\PHPstudy\WWW\blog\Application\Runtime\Cache\Home\cb5c2262658e8d5174192b068cf3c2a0.php 第 126 行.
INFO: Run Behavior\ParseTemplateBehavior [ RunTime:0.016059s ]
INFO: [ view_parse ] --END-- [ RunTime:0.016111s ]
INFO: [ view_filter ] --START--
INFO: Run Behavior\WriteHtmlCacheBehavior [ RunTime:0.001027s ]
INFO: [ view_filter ] --END-- [ RunTime:0.001107s ]
INFO: [ app_end ] --START--
INFO: Run Behavior\ShowPageTraceBehavior [ RunTime:0.000672s ]
INFO: [ app_end ] --END-- [ RunTime:0.000726s ]

[ 2018-08-05T13:51:25+08:00 ] 127.0.0.1 /blog/index.php/Home/Article/assets/i/f10.jpg
INFO: [ app_init ] --START--
INFO: Run Behavior\BuildLiteBehavior [ RunTime:0.000013s ]
INFO: [ app_init ] --END-- [ RunTime:0.000293s ]

[ 2018-08-05T13:51:32+08:00 ] 127.0.0.1 /blog/index.php/Home/Base/search_list.html?
INFO: [ app_init ] --START--
INFO: Run Behavior\BuildLiteBehavior [ RunTime:0.000013s ]
INFO: [ app_init ] --END-- [ RunTime:0.000420s ]
INFO: [ app_begin ] --START--
INFO: Run Behavior\ReadHtmlCacheBehavior [ RunTime:0.000511s ]
INFO: [ app_begin ] --END-- [ RunTime:0.000585s ]
INFO: [ view_parse ] --START--
INFO: [ template_filter ] --START--
INFO: Run Behavior\ContentReplaceBehavior [ RunTime:0.000101s ]
INFO: [ template_filter ] --END-- [ RunTime:0.000156s ]
NOTIC: [8] Undefined variable: data D:\PHPstudy\WWW\blog\Application\Runtime\Cache\Home\2b1808d3214488fc45e3d52bb8cac625.php 第 71 行.
NOTIC: [8] Undefined variable: ismobile D:\PHPstudy\WWW\blog\Application\Runtime\Cache\Home\2b1808d3214488fc45e3d52bb8cac625.php 第 83 行.
NOTIC: [8] Undefined variable: page D:\PHPstudy\WWW\blog\Application\Runtime\Cache\Home\2b1808d3214488fc45e3d52bb8cac625.php 第 84 行.
NOTIC: [8] Undefined variable: ismobile D:\PHPstudy\WWW\blog\Application\Runtime\Cache\Home\2b1808d3214488fc45e3d52bb8cac625.php 第 100 行.
NOTIC: [8] Undefined variable: link D:\PHPstudy\WWW\blog\Application\Runtime\Cache\Home\2b1808d3214488fc45e3d52bb8cac625.php 第 130 行.
NOTIC: [8] Undefined variable: ip D:\PHPstudy\WWW\blog\Application\Runtime\Cache\Home\2b1808d3214488fc45e3d52bb8cac625.php 第 216 行.
INFO: Run Behavior\ParseTemplateBehavior [ RunTime:0.010182s ]
INFO: [ view_parse ] --END-- [ RunTime:0.010239s ]
INFO: [ view_filter ] --START--
INFO: Run Behavior\WriteHtmlCacheBehavior [ RunTime:0.000351s ]
INFO: [ view_filter ] --END-- [ RunTime:0.000391s ]
INFO: [ app_end ] --START--
INFO: Run Behavior\ShowPageTraceBehavior [ RunTime:0.000487s ]
INFO: [ app_end ] --END-- [ RunTime:0.000527s ]

[ 2018-08-05T13:54:24+08:00 ] 127.0.0.1 /blog/index.php/Home/Index/index.html
INFO: [ app_init ] --START--
INFO: Run Behavior\BuildLiteBehavior [ RunTime:0.000011s ]
INFO: [ app_init ] --END-- [ RunTime:0.000399s ]
INFO: [ app_begin ] --START--
INFO: Run Behavior\ReadHtmlCacheBehavior [ RunTime:0.000343s ]
INFO: [ app_begin ] --END-- [ RunTime:0.000376s ]
SQL: SHOW COLUMNS FROM `blog_carousel` [ RunTime:0.0236s ]
SQL: SELECT * FROM `blog_carousel`  [ RunTime:0.0004s ]
SQL: SHOW COLUMNS FROM `blog_article` [ RunTime:0.0068s ]
SQL: SELECT COUNT(*) AS tp_count FROM `blog_article` LIMIT 1   [ RunTime:0.0004s ]
SQL: SELECT * FROM `blog_article` ORDER BY time desc LIMIT 0,5   [ RunTime:0.0004s ]
SQL: SHOW COLUMNS FROM `blog_link` [ RunTime:0.0038s ]
SQL: SELECT * FROM `blog_link` ORDER BY sort desc  [ RunTime:0.0003s ]
INFO: [ view_parse ] --START--
INFO: [ template_filter ] --START--
INFO: Run Behavior\ContentReplaceBehavior [ RunTime:0.000078s ]
INFO: [ template_filter ] --END-- [ RunTime:0.000113s ]
NOTIC: [8] Undefined variable: ismobile D:\PHPstudy\WWW\blog\Application\Runtime\Cache\Home\2a94b8bda04ff446dcedd42276fc99ee.php 第 114 行.
NOTIC: [8] Undefined variable: ismobile D:\PHPstudy\WWW\blog\Application\Runtime\Cache\Home\2a94b8bda04ff446dcedd42276fc99ee.php 第 145 行.
INFO: Run Behavior\ParseTemplateBehavior [ RunTime:0.012078s ]
INFO: [ view_parse ] --END-- [ RunTime:0.012111s ]
INFO: [ view_filter ] --START--
INFO: Run Behavior\WriteHtmlCacheBehavior [ RunTime:0.000225s ]
INFO: [ view_filter ] --END-- [ RunTime:0.000247s ]
INFO: [ app_end ] --START--
INFO: Run Behavior\ShowPageTraceBehavior [ RunTime:0.000407s ]
INFO: [ app_end ] --END-- [ RunTime:0.000437s ]

[ 2018-08-05T13:54:28+08:00 ] 127.0.0.1 /blog/index.php/Home/Base/search_list.html
INFO: [ app_init ] --START--
INFO: Run Behavior\BuildLiteBehavior [ RunTime:0.000010s ]
INFO: [ app_init ] --END-- [ RunTime:0.000280s ]
INFO: [ app_begin ] --START--
INFO: Run Behavior\ReadHtmlCacheBehavior [ RunTime:0.000318s ]
INFO: [ app_begin ] --END-- [ RunTime:0.000353s ]
INFO: [ app_end ] --START--
INFO: Run Behavior\ShowPageTraceBehavior [ RunTime:0.000308s ]
INFO: [ app_end ] --END-- [ RunTime:0.000354s ]

[ 2018-08-05T13:54:40+08:00 ] 127.0.0.1 /blog/index.php/Home/Base/search_list.html
INFO: [ app_init ] --START--
INFO: Run Behavior\BuildLiteBehavior [ RunTime:0.000010s ]
INFO: [ app_init ] --END-- [ RunTime:0.000264s ]
INFO: [ app_begin ] --START--
INFO: Run Behavior\ReadHtmlCacheBehavior [ RunTime:0.000387s ]
INFO: [ app_begin ] --END-- [ RunTime:0.000439s ]
INFO: [ app_end ] --START--
INFO: Run Behavior\ShowPageTraceBehavior [ RunTime:0.000789s ]
INFO: [ app_end ] --END-- [ RunTime:0.000891s ]

[ 2018-08-05T13:55:10+08:00 ] 127.0.0.1 /blog/index.php/Home/Index/index.html
INFO: [ app_init ] --START--
INFO: Run Behavior\BuildLiteBehavior [ RunTime:0.000008s ]
INFO: [ app_init ] --END-- [ RunTime:0.000250s ]
INFO: [ app_begin ] --START--
INFO: Run Behavior\ReadHtmlCacheBehavior [ RunTime:0.000318s ]
INFO: [ app_begin ] --END-- [ RunTime:0.000348s ]
SQL: SHOW COLUMNS FROM `blog_carousel` [ RunTime:0.0042s ]
SQL: SELECT * FROM `blog_carousel`  [ RunTime:0.0004s ]
SQL: SHOW COLUMNS FROM `blog_article` [ RunTime:0.0080s ]
SQL: SELECT COUNT(*) AS tp_count FROM `blog_article` LIMIT 1   [ RunTime:0.0003s ]
SQL: SELECT * FROM `blog_article` ORDER BY time desc LIMIT 0,5   [ RunTime:0.0003s ]
SQL: SHOW COLUMNS FROM `blog_link` [ RunTime:0.0036s ]
SQL: SELECT * FROM `blog_link` ORDER BY sort desc  [ RunTime:0.0003s ]
INFO: [ view_parse ] --START--
INFO: [ template_filter ] --START--
INFO: Run Behavior\ContentReplaceBehavior [ RunTime:0.000094s ]
INFO: [ template_filter ] --END-- [ RunTime:0.000210s ]
NOTIC: [8] Undefined variable: ismobile D:\PHPstudy\WWW\blog\Application\Runtime\Cache\Home\2a94b8bda04ff446dcedd42276fc99ee.php 第 114 行.
NOTIC: [8] Undefined variable: ismobile D:\PHPstudy\WWW\blog\Application\Runtime\Cache\Home\2a94b8bda04ff446dcedd42276fc99ee.php 第 145 行.
INFO: Run Behavior\ParseTemplateBehavior [ RunTime:0.010225s ]
INFO: [ view_parse ] --END-- [ RunTime:0.010259s ]
INFO: [ view_filter ] --START--
INFO: Run Behavior\WriteHtmlCacheBehavior [ RunTime:0.000206s ]
INFO: [ view_filter ] --END-- [ RunTime:0.000229s ]
INFO: [ app_end ] --START--
INFO: Run Behavior\ShowPageTraceBehavior [ RunTime:0.000344s ]
INFO: [ app_end ] --END-- [ RunTime:0.000380s ]

[ 2018-08-05T13:55:13+08:00 ] 127.0.0.1 /blog/index.php/Home/Base/search_list.html
INFO: [ app_init ] --START--
INFO: Run Behavior\BuildLiteBehavior [ RunTime:0.000010s ]
INFO: [ app_init ] --END-- [ RunTime:0.000366s ]
INFO: [ app_begin ] --START--
INFO: Run Behavior\ReadHtmlCacheBehavior [ RunTime:0.000352s ]
INFO: [ app_begin ] --END-- [ RunTime:0.000391s ]
INFO: [ view_parse ] --START--
INFO: [ template_filter ] --START--
INFO: Run Behavior\ContentReplaceBehavior [ RunTime:0.000095s ]
INFO: [ template_filter ] --END-- [ RunTime:0.000138s ]
NOTIC: [8] Undefined variable: data D:\PHPstudy\WWW\blog\Application\Runtime\Cache\Home\2b1808d3214488fc45e3d52bb8cac625.php 第 71 行.
NOTIC: [8] Undefined variable: ismobile D:\PHPstudy\WWW\blog\Application\Runtime\Cache\Home\2b1808d3214488fc45e3d52bb8cac625.php 第 83 行.
NOTIC: [8] Undefined variable: page D:\PHPstudy\WWW\blog\Application\Runtime\Cache\Home\2b1808d3214488fc45e3d52bb8cac625.php 第 84 行.
NOTIC: [8] Undefined variable: ismobile D:\PHPstudy\WWW\blog\Application\Runtime\Cache\Home\2b1808d3214488fc45e3d52bb8cac625.php 第 100 行.
NOTIC: [8] Undefined variable: link D:\PHPstudy\WWW\blog\Application\Runtime\Cache\Home\2b1808d3214488fc45e3d52bb8cac625.php 第 130 行.
NOTIC: [8] Undefined variable: ip D:\PHPstudy\WWW\blog\Application\Runtime\Cache\Home\2b1808d3214488fc45e3d52bb8cac625.php 第 216 行.
INFO: Run Behavior\ParseTemplateBehavior [ RunTime:0.007933s ]
INFO: [ view_parse ] --END-- [ RunTime:0.007966s ]
INFO: [ view_filter ] --START--
INFO: Run Behavior\WriteHtmlCacheBehavior [ RunTime:0.000208s ]
INFO: [ view_filter ] --END-- [ RunTime:0.000237s ]
INFO: [ app_end ] --START--
INFO: Run Behavior\ShowPageTraceBehavior [ RunTime:0.000951s ]
INFO: [ app_end ] --END-- [ RunTime:0.001031s ]

[ 2018-08-05T14:07:47+08:00 ] 127.0.0.1 /blog/index.php/Home/Index/index.html
INFO: [ app_init ] --START--
INFO: Run Behavior\BuildLiteBehavior [ RunTime:0.000016s ]
INFO: [ app_init ] --END-- [ RunTime:0.000443s ]
INFO: [ app_begin ] --START--
INFO: Run Behavior\ReadHtmlCacheBehavior [ RunTime:0.000605s ]
INFO: [ app_begin ] --END-- [ RunTime:0.000652s ]
SQL: SHOW COLUMNS FROM `blog_carousel` [ RunTime:0.0059s ]
SQL: SELECT * FROM `blog_carousel`  [ RunTime:0.0004s ]
SQL: SHOW COLUMNS FROM `blog_article` [ RunTime:0.0068s ]
SQL: SELECT COUNT(*) AS tp_count FROM `blog_article` LIMIT 1   [ RunTime:0.0003s ]
SQL: SELECT * FROM `blog_article` ORDER BY time desc LIMIT 0,5   [ RunTime:0.0004s ]
SQL: SHOW COLUMNS FROM `blog_link` [ RunTime:0.0058s ]
SQL: SELECT * FROM `blog_link` ORDER BY sort desc  [ RunTime:0.0004s ]
INFO: [ view_parse ] --START--
INFO: [ template_filter ] --START--
INFO: Run Behavior\ContentReplaceBehavior [ RunTime:0.000109s ]
INFO: [ template_filter ] --END-- [ RunTime:0.000145s ]
NOTIC: [8] Undefined variable: ismobile D:\PHPstudy\WWW\blog\Application\Runtime\Cache\Home\2a94b8bda04ff446dcedd42276fc99ee.php 第 114 行.
NOTIC: [8] Undefined variable: ismobile D:\PHPstudy\WWW\blog\Application\Runtime\Cache\Home\2a94b8bda04ff446dcedd42276fc99ee.php 第 145 行.
INFO: Run Behavior\ParseTemplateBehavior [ RunTime:0.017878s ]
INFO: [ view_parse ] --END-- [ RunTime:0.017917s ]
INFO: [ view_filter ] --START--
INFO: Run Behavior\WriteHtmlCacheBehavior [ RunTime:0.000250s ]
INFO: [ view_filter ] --END-- [ RunTime:0.000273s ]
INFO: [ app_end ] --START--
INFO: Run Behavior\ShowPageTraceBehavior [ RunTime:0.000407s ]
INFO: [ app_end ] --END-- [ RunTime:0.000453s ]

[ 2018-08-05T14:07:52+08:00 ] 127.0.0.1 /blog/index.php/Home/Base/search_list.html
INFO: [ app_init ] --START--
INFO: Run Behavior\BuildLiteBehavior [ RunTime:0.000009s ]
INFO: [ app_init ] --END-- [ RunTime:0.000253s ]
INFO: [ app_begin ] --START--
INFO: Run Behavior\ReadHtmlCacheBehavior [ RunTime:0.000329s ]
INFO: [ app_begin ] --END-- [ RunTime:0.000362s ]
INFO: [ view_parse ] --START--
INFO: [ template_filter ] --START--
INFO: Run Behavior\ContentReplaceBehavior [ RunTime:0.000092s ]
INFO: [ template_filter ] --END-- [ RunTime:0.000130s ]
NOTIC: [8] Undefined variable: data D:\PHPstudy\WWW\blog\Application\Runtime\Cache\Home\2b1808d3214488fc45e3d52bb8cac625.php 第 71 行.
NOTIC: [8] Undefined variable: ismobile D:\PHPstudy\WWW\blog\Application\Runtime\Cache\Home\2b1808d3214488fc45e3d52bb8cac625.php 第 83 行.
NOTIC: [8] Undefined variable: page D:\PHPstudy\WWW\blog\Application\Runtime\Cache\Home\2b1808d3214488fc45e3d52bb8cac625.php 第 84 行.
NOTIC: [8] Undefined variable: ismobile D:\PHPstudy\WWW\blog\Application\Runtime\Cache\Home\2b1808d3214488fc45e3d52bb8cac625.php 第 100 行.
NOTIC: [8] Undefined variable: link D:\PHPstudy\WWW\blog\Application\Runtime\Cache\Home\2b1808d3214488fc45e3d52bb8cac625.php 第 130 行.
NOTIC: [8] Undefined variable: ip D:\PHPstudy\WWW\blog\Application\Runtime\Cache\Home\2b1808d3214488fc45e3d52bb8cac625.php 第 216 行.
INFO: Run Behavior\ParseTemplateBehavior [ RunTime:0.008308s ]
INFO: [ view_parse ] --END-- [ RunTime:0.008355s ]
INFO: [ view_filter ] --START--
INFO: Run Behavior\WriteHtmlCacheBehavior [ RunTime:0.000263s ]
INFO: [ view_filter ] --END-- [ RunTime:0.000309s ]
INFO: [ app_end ] --START--
INFO: Run Behavior\ShowPageTraceBehavior [ RunTime:0.000398s ]
INFO: [ app_end ] --END-- [ RunTime:0.000430s ]

[ 2018-08-05T14:22:39+08:00 ] 127.0.0.1 /blog/index.php/Home/Index/index.html
INFO: [ app_init ] --START--
INFO: Run Behavior\BuildLiteBehavior [ RunTime:0.000011s ]
INFO: [ app_init ] --END-- [ RunTime:0.000348s ]
INFO: [ app_begin ] --START--
INFO: Run Behavior\ReadHtmlCacheBehavior [ RunTime:0.000413s ]
INFO: [ app_begin ] --END-- [ RunTime:0.000450s ]
SQL: SHOW COLUMNS FROM `blog_carousel` [ RunTime:0.0245s ]
SQL: SELECT * FROM `blog_carousel`  [ RunTime:0.0005s ]
SQL: SHOW COLUMNS FROM `blog_article` [ RunTime:0.0041s ]
SQL: SELECT COUNT(*) AS tp_count FROM `blog_article` LIMIT 1   [ RunTime:0.0003s ]
SQL: SELECT * FROM `blog_article` ORDER BY time desc LIMIT 0,5   [ RunTime:0.0004s ]
SQL: SHOW COLUMNS FROM `blog_link` [ RunTime:0.0036s ]
SQL: SELECT * FROM `blog_link` ORDER BY sort desc  [ RunTime:0.0003s ]
INFO: [ view_parse ] --START--
INFO: [ template_filter ] --START--
INFO: Run Behavior\ContentReplaceBehavior [ RunTime:0.000089s ]
INFO: [ template_filter ] --END-- [ RunTime:0.000124s ]
NOTIC: [8] Undefined variable: ismobile D:\PHPstudy\WWW\blog\Application\Runtime\Cache\Home\2a94b8bda04ff446dcedd42276fc99ee.php 第 114 行.
NOTIC: [8] Undefined variable: ismobile D:\PHPstudy\WWW\blog\Application\Runtime\Cache\Home\2a94b8bda04ff446dcedd42276fc99ee.php 第 145 行.
INFO: Run Behavior\ParseTemplateBehavior [ RunTime:0.018173s ]
INFO: [ view_parse ] --END-- [ RunTime:0.018206s ]
INFO: [ view_filter ] --START--
INFO: Run Behavior\WriteHtmlCacheBehavior [ RunTime:0.000294s ]
INFO: [ view_filter ] --END-- [ RunTime:0.000316s ]
INFO: [ app_end ] --START--
INFO: Run Behavior\ShowPageTraceBehavior [ RunTime:0.000421s ]
INFO: [ app_end ] --END-- [ RunTime:0.000451s ]

[ 2018-08-05T14:22:45+08:00 ] 127.0.0.1 /blog/index.php/Home/Base/search_list.html
INFO: [ app_init ] --START--
INFO: Run Behavior\BuildLiteBehavior [ RunTime:0.000009s ]
INFO: [ app_init ] --END-- [ RunTime:0.000291s ]
INFO: [ app_begin ] --START--
INFO: Run Behavior\ReadHtmlCacheBehavior [ RunTime:0.000366s ]
INFO: [ app_begin ] --END-- [ RunTime:0.000403s ]
SQL: SHOW COLUMNS FROM `blog_article` [ RunTime:0.0039s ]
SQL: SELECT * FROM `blog_article` WHERE `title` LIKE '%11%'  [ RunTime:0.0005s ]
INFO: [ view_parse ] --START--
INFO: [ template_filter ] --START--
INFO: Run Behavior\ContentReplaceBehavior [ RunTime:0.000069s ]
INFO: [ template_filter ] --END-- [ RunTime:0.000105s ]
NOTIC: [8] Undefined variable: data D:\PHPstudy\WWW\blog\Application\Runtime\Cache\Home\2b1808d3214488fc45e3d52bb8cac625.php 第 71 行.
NOTIC: [8] Undefined variable: ismobile D:\PHPstudy\WWW\blog\Application\Runtime\Cache\Home\2b1808d3214488fc45e3d52bb8cac625.php 第 83 行.
NOTIC: [8] Undefined variable: page D:\PHPstudy\WWW\blog\Application\Runtime\Cache\Home\2b1808d3214488fc45e3d52bb8cac625.php 第 84 行.
NOTIC: [8] Undefined variable: ismobile D:\PHPstudy\WWW\blog\Application\Runtime\Cache\Home\2b1808d3214488fc45e3d52bb8cac625.php 第 100 行.
NOTIC: [8] Undefined variable: link D:\PHPstudy\WWW\blog\Application\Runtime\Cache\Home\2b1808d3214488fc45e3d52bb8cac625.php 第 130 行.
NOTIC: [8] Undefined variable: ip D:\PHPstudy\WWW\blog\Application\Runtime\Cache\Home\2b1808d3214488fc45e3d52bb8cac625.php 第 216 行.
INFO: Run Behavior\ParseTemplateBehavior [ RunTime:0.008967s ]
INFO: [ view_parse ] --END-- [ RunTime:0.008997s ]
INFO: [ view_filter ] --START--
INFO: Run Behavior\WriteHtmlCacheBehavior [ RunTime:0.000197s ]
INFO: [ view_filter ] --END-- [ RunTime:0.000218s ]
INFO: [ app_end ] --START--
INFO: Run Behavior\ShowPageTraceBehavior [ RunTime:0.000359s ]
INFO: [ app_end ] --END-- [ RunTime:0.000388s ]

[ 2018-08-05T14:24:13+08:00 ] 127.0.0.1 /blog/index.php/Home/Base/search_list.html
INFO: [ app_init ] --START--
INFO: Run Behavior\BuildLiteBehavior [ RunTime:0.000008s ]
INFO: [ app_init ] --END-- [ RunTime:0.000244s ]
INFO: [ app_begin ] --START--
INFO: Run Behavior\ReadHtmlCacheBehavior [ RunTime:0.000339s ]
INFO: [ app_begin ] --END-- [ RunTime:0.000372s ]
SQL: SHOW COLUMNS FROM `blog_article` [ RunTime:0.0045s ]
SQL: SELECT * FROM `blog_article` WHERE `title` LIKE '%百度%'  [ RunTime:0.0004s ]
INFO: [ view_parse ] --START--
INFO: [ template_filter ] --START--
INFO: Run Behavior\ContentReplaceBehavior [ RunTime:0.000074s ]
INFO: [ template_filter ] --END-- [ RunTime:0.000112s ]
NOTIC: [8] Undefined variable: data D:\PHPstudy\WWW\blog\Application\Runtime\Cache\Home\2b1808d3214488fc45e3d52bb8cac625.php 第 71 行.
NOTIC: [8] Undefined variable: ismobile D:\PHPstudy\WWW\blog\Application\Runtime\Cache\Home\2b1808d3214488fc45e3d52bb8cac625.php 第 83 行.
NOTIC: [8] Undefined variable: page D:\PHPstudy\WWW\blog\Application\Runtime\Cache\Home\2b1808d3214488fc45e3d52bb8cac625.php 第 84 行.
NOTIC: [8] Undefined variable: ismobile D:\PHPstudy\WWW\blog\Application\Runtime\Cache\Home\2b1808d3214488fc45e3d52bb8cac625.php 第 100 行.
NOTIC: [8] Undefined variable: link D:\PHPstudy\WWW\blog\Application\Runtime\Cache\Home\2b1808d3214488fc45e3d52bb8cac625.php 第 130 行.
NOTIC: [8] Undefined variable: ip D:\PHPstudy\WWW\blog\Application\Runtime\Cache\Home\2b1808d3214488fc45e3d52bb8cac625.php 第 216 行.
INFO: Run Behavior\ParseTemplateBehavior [ RunTime:0.009110s ]
INFO: [ view_parse ] --END-- [ RunTime:0.009144s ]
INFO: [ view_filter ] --START--
INFO: Run Behavior\WriteHtmlCacheBehavior [ RunTime:0.000177s ]
INFO: [ view_filter ] --END-- [ RunTime:0.000200s ]
INFO: [ app_end ] --START--
INFO: Run Behavior\ShowPageTraceBehavior [ RunTime:0.000349s ]
INFO: [ app_end ] --END-- [ RunTime:0.000378s ]

[ 2018-08-05T14:24:27+08:00 ] 127.0.0.1 /blog/index.php/Home/Article/article_info.html?id=14
INFO: [ app_init ] --START--
INFO: Run Behavior\BuildLiteBehavior [ RunTime:0.000017s ]
INFO: [ app_init ] --END-- [ RunTime:0.000268s ]
INFO: [ app_begin ] --START--
INFO: Run Behavior\ReadHtmlCacheBehavior [ RunTime:0.000695s ]
INFO: [ app_begin ] --END-- [ RunTime:0.000805s ]
SQL: SHOW COLUMNS FROM `blog_article` [ RunTime:0.0260s ]
SQL: SELECT * FROM `blog_article` WHERE `id` = 14 LIMIT 1   [ RunTime:0.0005s ]
SQL: SHOW COLUMNS FROM `blog_link` [ RunTime:0.0038s ]
SQL: SELECT * FROM `blog_link` ORDER BY sort desc  [ RunTime:0.0003s ]
INFO: [ view_parse ] --START--
INFO: [ template_filter ] --START--
INFO: Run Behavior\ContentReplaceBehavior [ RunTime:0.000068s ]
INFO: [ template_filter ] --END-- [ RunTime:0.000101s ]
NOTIC: [8] Undefined variable: ismobile D:\PHPstudy\WWW\blog\Application\Runtime\Cache\Home\cb5c2262658e8d5174192b068cf3c2a0.php 第 126 行.
INFO: Run Behavior\ParseTemplateBehavior [ RunTime:0.006491s ]
INFO: [ view_parse ] --END-- [ RunTime:0.006525s ]
INFO: [ view_filter ] --START--
INFO: Run Behavior\WriteHtmlCacheBehavior [ RunTime:0.000177s ]
INFO: [ view_filter ] --END-- [ RunTime:0.000198s ]
INFO: [ app_end ] --START--
INFO: Run Behavior\ShowPageTraceBehavior [ RunTime:0.000372s ]
INFO: [ app_end ] --END-- [ RunTime:0.000412s ]

[ 2018-08-05T14:24:27+08:00 ] 127.0.0.1 /blog/index.php/Home/Article/assets/i/f10.jpg
INFO: [ app_init ] --START--
INFO: Run Behavior\BuildLiteBehavior [ RunTime:0.000016s ]
INFO: [ app_init ] --END-- [ RunTime:0.000430s ]

[ 2018-08-05T14:24:32+08:00 ] 127.0.0.1 /blog/index.php/Home/Base/search_list.html
INFO: [ app_init ] --START--
INFO: Run Behavior\BuildLiteBehavior [ RunTime:0.000011s ]
INFO: [ app_init ] --END-- [ RunTime:0.000316s ]
INFO: [ app_begin ] --START--
INFO: Run Behavior\ReadHtmlCacheBehavior [ RunTime:0.000338s ]
INFO: [ app_begin ] --END-- [ RunTime:0.000373s ]
SQL: SHOW COLUMNS FROM `blog_article` [ RunTime:0.0239s ]
SQL: SELECT * FROM `blog_article` WHERE `title` LIKE '%百度%'  [ RunTime:0.0004s ]
INFO: [ view_parse ] --START--
INFO: [ template_filter ] --START--
INFO: Run Behavior\ContentReplaceBehavior [ RunTime:0.000098s ]
INFO: [ template_filter ] --END-- [ RunTime:0.000155s ]
NOTIC: [8] Undefined variable: data D:\PHPstudy\WWW\blog\Application\Runtime\Cache\Home\2b1808d3214488fc45e3d52bb8cac625.php 第 71 行.
NOTIC: [8] Undefined variable: ismobile D:\PHPstudy\WWW\blog\Application\Runtime\Cache\Home\2b1808d3214488fc45e3d52bb8cac625.php 第 83 行.
NOTIC: [8] Undefined variable: page D:\PHPstudy\WWW\blog\Application\Runtime\Cache\Home\2b1808d3214488fc45e3d52bb8cac625.php 第 84 行.
NOTIC: [8] Undefined variable: ismobile D:\PHPstudy\WWW\blog\Application\Runtime\Cache\Home\2b1808d3214488fc45e3d52bb8cac625.php 第 100 行.
NOTIC: [8] Undefined variable: link D:\PHPstudy\WWW\blog\Application\Runtime\Cache\Home\2b1808d3214488fc45e3d52bb8cac625.php 第 130 行.
NOTIC: [8] Undefined variable: ip D:\PHPstudy\WWW\blog\Application\Runtime\Cache\Home\2b1808d3214488fc45e3d52bb8cac625.php 第 216 行.
INFO: Run Behavior\ParseTemplateBehavior [ RunTime:0.009125s ]
INFO: [ view_parse ] --END-- [ RunTime:0.009168s ]
INFO: [ view_filter ] --START--
INFO: Run Behavior\WriteHtmlCacheBehavior [ RunTime:0.000336s ]
INFO: [ view_filter ] --END-- [ RunTime:0.000369s ]
INFO: [ app_end ] --START--
INFO: Run Behavior\ShowPageTraceBehavior [ RunTime:0.000621s ]
INFO: [ app_end ] --END-- [ RunTime:0.000674s ]

[ 2018-08-05T14:25:32+08:00 ] 127.0.0.1 /blog/index.php/Home/Index/index.html
INFO: [ app_init ] --START--
INFO: Run Behavior\BuildLiteBehavior [ RunTime:0.000010s ]
INFO: [ app_init ] --END-- [ RunTime:0.000322s ]
INFO: [ app_begin ] --START--
INFO: Run Behavior\ReadHtmlCacheBehavior [ RunTime:0.000370s ]
INFO: [ app_begin ] --END-- [ RunTime:0.000407s ]
SQL: SHOW COLUMNS FROM `blog_carousel` [ RunTime:0.0666s ]
SQL: SELECT * FROM `blog_carousel`  [ RunTime:0.0004s ]
SQL: SHOW COLUMNS FROM `blog_article` [ RunTime:0.0041s ]
SQL: SELECT COUNT(*) AS tp_count FROM `blog_article` LIMIT 1   [ RunTime:0.0003s ]
SQL: SELECT * FROM `blog_article` ORDER BY time desc LIMIT 0,5   [ RunTime:0.0004s ]
SQL: SHOW COLUMNS FROM `blog_link` [ RunTime:0.0038s ]
SQL: SELECT * FROM `blog_link` ORDER BY sort desc  [ RunTime:0.0004s ]
INFO: [ view_parse ] --START--
INFO: [ template_filter ] --START--
INFO: Run Behavior\ContentReplaceBehavior [ RunTime:0.000084s ]
INFO: [ template_filter ] --END-- [ RunTime:0.000120s ]
NOTIC: [8] Undefined variable: ismobile D:\PHPstudy\WWW\blog\Application\Runtime\Cache\Home\2a94b8bda04ff446dcedd42276fc99ee.php 第 114 行.
NOTIC: [8] Undefined variable: ismobile D:\PHPstudy\WWW\blog\Application\Runtime\Cache\Home\2a94b8bda04ff446dcedd42276fc99ee.php 第 145 行.
INFO: Run Behavior\ParseTemplateBehavior [ RunTime:0.011505s ]
INFO: [ view_parse ] --END-- [ RunTime:0.011537s ]
INFO: [ view_filter ] --START--
INFO: Run Behavior\WriteHtmlCacheBehavior [ RunTime:0.000235s ]
INFO: [ view_filter ] --END-- [ RunTime:0.000258s ]
INFO: [ app_end ] --START--
INFO: Run Behavior\ShowPageTraceBehavior [ RunTime:0.000518s ]
INFO: [ app_end ] --END-- [ RunTime:0.000555s ]

[ 2018-08-05T14:25:37+08:00 ] 127.0.0.1 /blog/index.php/Home/Base/search_list.html
INFO: [ app_init ] --START--
INFO: Run Behavior\BuildLiteBehavior [ RunTime:0.000013s ]
INFO: [ app_init ] --END-- [ RunTime:0.000397s ]
INFO: [ app_begin ] --START--
INFO: Run Behavior\ReadHtmlCacheBehavior [ RunTime:0.000371s ]
INFO: [ app_begin ] --END-- [ RunTime:0.000412s ]
SQL: SHOW COLUMNS FROM `blog_article` [ RunTime:0.0040s ]
SQL: SELECT * FROM `blog_article` WHERE `title` LIKE '%嗯嗯嗯%'  [ RunTime:0.0004s ]
INFO: [ view_parse ] --START--
INFO: [ template_filter ] --START--
INFO: Run Behavior\ContentReplaceBehavior [ RunTime:0.000070s ]
INFO: [ template_filter ] --END-- [ RunTime:0.000108s ]
NOTIC: [8] Undefined variable: data D:\PHPstudy\WWW\blog\Application\Runtime\Cache\Home\2b1808d3214488fc45e3d52bb8cac625.php 第 71 行.
NOTIC: [8] Undefined variable: ismobile D:\PHPstudy\WWW\blog\Application\Runtime\Cache\Home\2b1808d3214488fc45e3d52bb8cac625.php 第 83 行.
NOTIC: [8] Undefined variable: page D:\PHPstudy\WWW\blog\Application\Runtime\Cache\Home\2b1808d3214488fc45e3d52bb8cac625.php 第 84 行.
NOTIC: [8] Undefined variable: ismobile D:\PHPstudy\WWW\blog\Application\Runtime\Cache\Home\2b1808d3214488fc45e3d52bb8cac625.php 第 100 行.
NOTIC: [8] Undefined variable: link D:\PHPstudy\WWW\blog\Application\Runtime\Cache\Home\2b1808d3214488fc45e3d52bb8cac625.php 第 130 行.
NOTIC: [8] Undefined variable: ip D:\PHPstudy\WWW\blog\Application\Runtime\Cache\Home\2b1808d3214488fc45e3d52bb8cac625.php 第 216 行.
INFO: Run Behavior\ParseTemplateBehavior [ RunTime:0.008812s ]
INFO: [ view_parse ] --END-- [ RunTime:0.008843s ]
INFO: [ view_filter ] --START--
INFO: Run Behavior\WriteHtmlCacheBehavior [ RunTime:0.000194s ]
INFO: [ view_filter ] --END-- [ RunTime:0.000216s ]
INFO: [ app_end ] --START--
INFO: Run Behavior\ShowPageTraceBehavior [ RunTime:0.000347s ]
INFO: [ app_end ] --END-- [ RunTime:0.000377s ]

[ 2018-08-05T14:25:47+08:00 ] 127.0.0.1 /blog/index.php/Home/Base/search_list.html
INFO: [ app_init ] --START--
INFO: Run Behavior\BuildLiteBehavior [ RunTime:0.000008s ]
INFO: [ app_init ] --END-- [ RunTime:0.000266s ]
INFO: [ app_begin ] --START--
INFO: Run Behavior\ReadHtmlCacheBehavior [ RunTime:0.000287s ]
INFO: [ app_begin ] --END-- [ RunTime:0.000332s ]
SQL: SHOW COLUMNS FROM `blog_article` [ RunTime:0.0049s ]
SQL: SELECT * FROM `blog_article` WHERE `title` LIKE '%嗯嗯嗯%'  [ RunTime:0.0004s ]
INFO: [ view_parse ] --START--
INFO: [ template_filter ] --START--
INFO: Run Behavior\ContentReplaceBehavior [ RunTime:0.000065s ]
INFO: [ template_filter ] --END-- [ RunTime:0.000097s ]
NOTIC: [8] Undefined variable: data D:\PHPstudy\WWW\blog\Application\Runtime\Cache\Home\2b1808d3214488fc45e3d52bb8cac625.php 第 71 行.
NOTIC: [8] Undefined variable: ismobile D:\PHPstudy\WWW\blog\Application\Runtime\Cache\Home\2b1808d3214488fc45e3d52bb8cac625.php 第 83 行.
NOTIC: [8] Undefined variable: page D:\PHPstudy\WWW\blog\Application\Runtime\Cache\Home\2b1808d3214488fc45e3d52bb8cac625.php 第 84 行.
NOTIC: [8] Undefined variable: ismobile D:\PHPstudy\WWW\blog\Application\Runtime\Cache\Home\2b1808d3214488fc45e3d52bb8cac625.php 第 100 行.
NOTIC: [8] Undefined variable: link D:\PHPstudy\WWW\blog\Application\Runtime\Cache\Home\2b1808d3214488fc45e3d52bb8cac625.php 第 130 行.
NOTIC: [8] Undefined variable: ip D:\PHPstudy\WWW\blog\Application\Runtime\Cache\Home\2b1808d3214488fc45e3d52bb8cac625.php 第 216 行.
INFO: Run Behavior\ParseTemplateBehavior [ RunTime:0.006881s ]
INFO: [ view_parse ] --END-- [ RunTime:0.006911s ]
INFO: [ view_filter ] --START--
INFO: Run Behavior\WriteHtmlCacheBehavior [ RunTime:0.000184s ]
INFO: [ view_filter ] --END-- [ RunTime:0.000206s ]
INFO: [ app_end ] --START--
INFO: Run Behavior\ShowPageTraceBehavior [ RunTime:0.000472s ]
INFO: [ app_end ] --END-- [ RunTime:0.000519s ]

[ 2018-08-05T14:26:38+08:00 ] 127.0.0.1 /blog/index.php/Home/Index/index.html
INFO: [ app_init ] --START--
INFO: Run Behavior\BuildLiteBehavior [ RunTime:0.000009s ]
INFO: [ app_init ] --END-- [ RunTime:0.000259s ]
INFO: [ app_begin ] --START--
INFO: Run Behavior\ReadHtmlCacheBehavior [ RunTime:0.000327s ]
INFO: [ app_begin ] --END-- [ RunTime:0.000361s ]
SQL: SHOW COLUMNS FROM `blog_carousel` [ RunTime:0.0052s ]
SQL: SELECT * FROM `blog_carousel`  [ RunTime:0.0004s ]
SQL: SHOW COLUMNS FROM `blog_article` [ RunTime:0.0051s ]
SQL: SELECT COUNT(*) AS tp_count FROM `blog_article` LIMIT 1   [ RunTime:0.0004s ]
SQL: SELECT * FROM `blog_article` ORDER BY time desc LIMIT 0,5   [ RunTime:0.0005s ]
SQL: SHOW COLUMNS FROM `blog_link` [ RunTime:0.0035s ]
SQL: SELECT * FROM `blog_link` ORDER BY sort desc  [ RunTime:0.0004s ]
INFO: [ view_parse ] --START--
INFO: [ template_filter ] --START--
INFO: Run Behavior\ContentReplaceBehavior [ RunTime:0.000168s ]
INFO: [ template_filter ] --END-- [ RunTime:0.000265s ]
NOTIC: [8] Undefined variable: ismobile D:\PHPstudy\WWW\blog\Application\Runtime\Cache\Home\2a94b8bda04ff446dcedd42276fc99ee.php 第 114 行.
NOTIC: [8] Undefined variable: ismobile D:\PHPstudy\WWW\blog\Application\Runtime\Cache\Home\2a94b8bda04ff446dcedd42276fc99ee.php 第 145 行.
INFO: Run Behavior\ParseTemplateBehavior [ RunTime:0.012001s ]
INFO: [ view_parse ] --END-- [ RunTime:0.012048s ]
INFO: [ view_filter ] --START--
INFO: Run Behavior\WriteHtmlCacheBehavior [ RunTime:0.000357s ]
INFO: [ view_filter ] --END-- [ RunTime:0.000401s ]
INFO: [ app_end ] --START--
INFO: Run Behavior\ShowPageTraceBehavior [ RunTime:0.000604s ]
INFO: [ app_end ] --END-- [ RunTime:0.000658s ]

[ 2018-08-05T14:26:41+08:00 ] 127.0.0.1 /blog/index.php/Home/Base/search_list.html
INFO: [ app_init ] --START--
INFO: Run Behavior\BuildLiteBehavior [ RunTime:0.000009s ]
INFO: [ app_init ] --END-- [ RunTime:0.000244s ]
INFO: [ app_begin ] --START--
INFO: Run Behavior\ReadHtmlCacheBehavior [ RunTime:0.000320s ]
INFO: [ app_begin ] --END-- [ RunTime:0.000352s ]
SQL: SHOW COLUMNS FROM `blog_article` [ RunTime:0.0039s ]
SQL: SELECT * FROM `blog_article` WHERE `title` LIKE '%231%'  [ RunTime:0.0004s ]
INFO: [ view_parse ] --START--
INFO: [ template_filter ] --START--
INFO: Run Behavior\ContentReplaceBehavior [ RunTime:0.000071s ]
INFO: [ template_filter ] --END-- [ RunTime:0.000106s ]
NOTIC: [8] Undefined variable: data D:\PHPstudy\WWW\blog\Application\Runtime\Cache\Home\2b1808d3214488fc45e3d52bb8cac625.php 第 71 行.
NOTIC: [8] Undefined variable: ismobile D:\PHPstudy\WWW\blog\Application\Runtime\Cache\Home\2b1808d3214488fc45e3d52bb8cac625.php 第 83 行.
NOTIC: [8] Undefined variable: page D:\PHPstudy\WWW\blog\Application\Runtime\Cache\Home\2b1808d3214488fc45e3d52bb8cac625.php 第 84 行.
NOTIC: [8] Undefined variable: ismobile D:\PHPstudy\WWW\blog\Application\Runtime\Cache\Home\2b1808d3214488fc45e3d52bb8cac625.php 第 100 行.
NOTIC: [8] Undefined variable: link D:\PHPstudy\WWW\blog\Application\Runtime\Cache\Home\2b1808d3214488fc45e3d52bb8cac625.php 第 130 行.
NOTIC: [8] Undefined variable: ip D:\PHPstudy\WWW\blog\Application\Runtime\Cache\Home\2b1808d3214488fc45e3d52bb8cac625.php 第 216 行.
INFO: Run Behavior\ParseTemplateBehavior [ RunTime:0.007733s ]
INFO: [ view_parse ] --END-- [ RunTime:0.007766s ]
INFO: [ view_filter ] --START--
INFO: Run Behavior\WriteHtmlCacheBehavior [ RunTime:0.000223s ]
INFO: [ view_filter ] --END-- [ RunTime:0.000254s ]
INFO: [ app_end ] --START--
INFO: Run Behavior\ShowPageTraceBehavior [ RunTime:0.000353s ]
INFO: [ app_end ] --END-- [ RunTime:0.000383s ]

[ 2018-08-05T14:27:05+08:00 ] 127.0.0.1 /blog/index.php/Home/Index/index.html
INFO: [ app_init ] --START--
INFO: Run Behavior\BuildLiteBehavior [ RunTime:0.000010s ]
INFO: [ app_init ] --END-- [ RunTime:0.000252s ]
INFO: [ app_begin ] --START--
INFO: Run Behavior\ReadHtmlCacheBehavior [ RunTime:0.000301s ]
INFO: [ app_begin ] --END-- [ RunTime:0.000334s ]
SQL: SHOW COLUMNS FROM `blog_carousel` [ RunTime:0.0038s ]
SQL: SELECT * FROM `blog_carousel`  [ RunTime:0.0004s ]
SQL: SHOW COLUMNS FROM `blog_article` [ RunTime:0.0092s ]
SQL: SELECT COUNT(*) AS tp_count FROM `blog_article` LIMIT 1   [ RunTime:0.0004s ]
SQL: SELECT * FROM `blog_article` ORDER BY time desc LIMIT 0,5   [ RunTime:0.0005s ]
SQL: SHOW COLUMNS FROM `blog_link` [ RunTime:0.0036s ]
SQL: SELECT * FROM `blog_link` ORDER BY sort desc  [ RunTime:0.0003s ]
INFO: [ view_parse ] --START--
INFO: [ template_filter ] --START--
INFO: Run Behavior\ContentReplaceBehavior [ RunTime:0.000132s ]
INFO: [ template_filter ] --END-- [ RunTime:0.000220s ]
NOTIC: [8] Undefined variable: ismobile D:\PHPstudy\WWW\blog\Application\Runtime\Cache\Home\2a94b8bda04ff446dcedd42276fc99ee.php 第 114 行.
NOTIC: [8] Undefined variable: ismobile D:\PHPstudy\WWW\blog\Application\Runtime\Cache\Home\2a94b8bda04ff446dcedd42276fc99ee.php 第 145 行.
INFO: Run Behavior\ParseTemplateBehavior [ RunTime:0.010447s ]
INFO: [ view_parse ] --END-- [ RunTime:0.010497s ]
INFO: [ view_filter ] --START--
INFO: Run Behavior\WriteHtmlCacheBehavior [ RunTime:0.000315s ]
INFO: [ view_filter ] --END-- [ RunTime:0.000356s ]
INFO: [ app_end ] --START--
INFO: Run Behavior\ShowPageTraceBehavior [ RunTime:0.000541s ]
INFO: [ app_end ] --END-- [ RunTime:0.000585s ]

[ 2018-08-05T14:27:10+08:00 ] 127.0.0.1 /blog/index.php/Home/Base/search_list.html
INFO: [ app_init ] --START--
INFO: Run Behavior\BuildLiteBehavior [ RunTime:0.000009s ]
INFO: [ app_init ] --END-- [ RunTime:0.000268s ]
INFO: [ app_begin ] --START--
INFO: Run Behavior\ReadHtmlCacheBehavior [ RunTime:0.000317s ]
INFO: [ app_begin ] --END-- [ RunTime:0.000349s ]
SQL: SHOW COLUMNS FROM `blog_article` [ RunTime:0.0041s ]
SQL: SELECT * FROM `blog_article` WHERE `title` LIKE '%4444%'  [ RunTime:0.0004s ]
NOTIC: [2] date() expects at least 1 parameter, 0 given D:\PHPstudy\WWW\blog\Application\Home\Controller\BaseController.class.php 第 55 行.
INFO: [ view_parse ] --START--
INFO: [ template_filter ] --START--
INFO: Run Behavior\ContentReplaceBehavior [ RunTime:0.000178s ]
INFO: [ template_filter ] --END-- [ RunTime:0.000306s ]
NOTIC: [8] Undefined variable: data D:\PHPstudy\WWW\blog\Application\Runtime\Cache\Home\2b1808d3214488fc45e3d52bb8cac625.php 第 71 行.
NOTIC: [8] Undefined variable: ismobile D:\PHPstudy\WWW\blog\Application\Runtime\Cache\Home\2b1808d3214488fc45e3d52bb8cac625.php 第 83 行.
NOTIC: [8] Undefined variable: page D:\PHPstudy\WWW\blog\Application\Runtime\Cache\Home\2b1808d3214488fc45e3d52bb8cac625.php 第 84 行.
NOTIC: [8] Undefined variable: ismobile D:\PHPstudy\WWW\blog\Application\Runtime\Cache\Home\2b1808d3214488fc45e3d52bb8cac625.php 第 100 行.
NOTIC: [8] Undefined variable: link D:\PHPstudy\WWW\blog\Application\Runtime\Cache\Home\2b1808d3214488fc45e3d52bb8cac625.php 第 130 行.
NOTIC: [8] Undefined variable: ip D:\PHPstudy\WWW\blog\Application\Runtime\Cache\Home\2b1808d3214488fc45e3d52bb8cac625.php 第 216 行.
INFO: Run Behavior\ParseTemplateBehavior [ RunTime:0.010003s ]
INFO: [ view_parse ] --END-- [ RunTime:0.010057s ]
INFO: [ view_filter ] --START--
INFO: Run Behavior\WriteHtmlCacheBehavior [ RunTime:0.000237s ]
INFO: [ view_filter ] --END-- [ RunTime:0.000263s ]
INFO: [ app_end ] --START--
INFO: Run Behavior\ShowPageTraceBehavior [ RunTime:0.000619s ]
INFO: [ app_end ] --END-- [ RunTime:0.000680s ]

[ 2018-08-05T14:33:01+08:00 ] 127.0.0.1 /blog/index.php/Home/Base/search_list.html
INFO: [ app_init ] --START--
INFO: Run Behavior\BuildLiteBehavior [ RunTime:0.000013s ]
INFO: [ app_init ] --END-- [ RunTime:0.000382s ]
INFO: [ app_begin ] --START--
INFO: Run Behavior\ReadHtmlCacheBehavior [ RunTime:0.000393s ]
INFO: [ app_begin ] --END-- [ RunTime:0.000432s ]
SQL: SHOW COLUMNS FROM `blog_article` [ RunTime:0.0040s ]
SQL: SELECT * FROM `blog_article` WHERE `title` LIKE '%4444%'  [ RunTime:0.0004s ]
INFO: [ view_parse ] --START--
INFO: [ template_filter ] --START--
INFO: Run Behavior\ContentReplaceBehavior [ RunTime:0.000077s ]
INFO: [ template_filter ] --END-- [ RunTime:0.000112s ]
NOTIC: [8] Undefined variable: data D:\PHPstudy\WWW\blog\Application\Runtime\Cache\Home\2b1808d3214488fc45e3d52bb8cac625.php 第 71 行.
NOTIC: [8] Undefined variable: ismobile D:\PHPstudy\WWW\blog\Application\Runtime\Cache\Home\2b1808d3214488fc45e3d52bb8cac625.php 第 83 行.
NOTIC: [8] Undefined variable: page D:\PHPstudy\WWW\blog\Application\Runtime\Cache\Home\2b1808d3214488fc45e3d52bb8cac625.php 第 84 行.
NOTIC: [8] Undefined variable: ismobile D:\PHPstudy\WWW\blog\Application\Runtime\Cache\Home\2b1808d3214488fc45e3d52bb8cac625.php 第 100 行.
NOTIC: [8] Undefined variable: link D:\PHPstudy\WWW\blog\Application\Runtime\Cache\Home\2b1808d3214488fc45e3d52bb8cac625.php 第 130 行.
NOTIC: [8] Undefined variable: ip D:\PHPstudy\WWW\blog\Application\Runtime\Cache\Home\2b1808d3214488fc45e3d52bb8cac625.php 第 216 行.
INFO: Run Behavior\ParseTemplateBehavior [ RunTime:0.015536s ]
INFO: [ view_parse ] --END-- [ RunTime:0.015572s ]
INFO: [ view_filter ] --START--
INFO: Run Behavior\WriteHtmlCacheBehavior [ RunTime:0.000269s ]
INFO: [ view_filter ] --END-- [ RunTime:0.000292s ]
INFO: [ app_end ] --START--
INFO: Run Behavior\ShowPageTraceBehavior [ RunTime:0.000467s ]
INFO: [ app_end ] --END-- [ RunTime:0.000515s ]

