[ 2018-08-18T22:35:03+08:00 ] 127.0.0.1 /blog/index.php/home
INFO: [ app_init ] --START--
INFO: Run Behavior\BuildLiteBehavior [ RunTime:0.000013s ]
INFO: [ app_init ] --END-- [ RunTime:0.000388s ]
INFO: [ app_begin ] --START--
INFO: Run Behavior\ReadHtmlCacheBehavior [ RunTime:0.000748s ]
INFO: [ app_begin ] --END-- [ RunTime:0.000804s ]
SQL: SHOW COLUMNS FROM `blog_carousel` [ RunTime:0.0613s ]
SQL: SELECT * FROM `blog_carousel`  [ RunTime:0.0004s ]
SQL: SHOW COLUMNS FROM `blog_article` [ RunTime:0.0174s ]
SQL: SELECT COUNT(*) AS tp_count FROM `blog_article` LIMIT 1   [ RunTime:0.0010s ]
SQL: SELECT * FROM `blog_article` ORDER BY time desc LIMIT 0,5   [ RunTime:0.0006s ]
SQL: SHOW COLUMNS FROM `blog_link` [ RunTime:0.0202s ]
SQL: SELECT * FROM `blog_link` ORDER BY sort desc  [ RunTime:0.0005s ]
SQL: SELECT `id`,`title` FROM `blog_article` ORDER BY rand() LIMIT 5   [ RunTime:0.0021s ]
INFO: [ view_parse ] --START--
INFO: [ template_filter ] --START--
INFO: Run Behavior\ContentReplaceBehavior [ RunTime:0.000123s ]
INFO: [ template_filter ] --END-- [ RunTime:0.000165s ]
NOTIC: [8] Undefined variable: ismobile D:\PHPstudy\WWW\blog\Application\Runtime\Cache\Home\2a94b8bda04ff446dcedd42276fc99ee.php 第 114 行.
NOTIC: [8] Undefined variable: ismobile D:\PHPstudy\WWW\blog\Application\Runtime\Cache\Home\2a94b8bda04ff446dcedd42276fc99ee.php 第 145 行.
INFO: Run Behavior\ParseTemplateBehavior [ RunTime:0.019220s ]
INFO: [ view_parse ] --END-- [ RunTime:0.019272s ]
INFO: [ view_filter ] --START--
INFO: Run Behavior\WriteHtmlCacheBehavior [ RunTime:0.000288s ]
INFO: [ view_filter ] --END-- [ RunTime:0.000315s ]
INFO: [ app_end ] --START--
INFO: Run Behavior\ShowPageTraceBehavior [ RunTime:0.000471s ]
INFO: [ app_end ] --END-- [ RunTime:0.000512s ]

[ 2018-08-18T22:35:08+08:00 ] 127.0.0.1 /blog/index.php/Home/Photo/index.html
INFO: [ app_init ] --START--
INFO: Run Behavior\BuildLiteBehavior [ RunTime:0.000010s ]
INFO: [ app_init ] --END-- [ RunTime:0.000284s ]
INFO: [ app_begin ] --START--
INFO: Run Behavior\ReadHtmlCacheBehavior [ RunTime:0.000427s ]
INFO: [ app_begin ] --END-- [ RunTime:0.000475s ]
SQL: SHOW COLUMNS FROM `blog_photo` [ RunTime:0.0312s ]
SQL: SELECT * FROM `blog_photo`  [ RunTime:0.0079s ]
INFO: [ view_parse ] --START--
INFO: [ template_filter ] --START--
INFO: Run Behavior\ContentReplaceBehavior [ RunTime:0.000060s ]
INFO: [ template_filter ] --END-- [ RunTime:0.000098s ]
INFO: Run Behavior\ParseTemplateBehavior [ RunTime:0.007185s ]
INFO: [ view_parse ] --END-- [ RunTime:0.007222s ]
INFO: [ view_filter ] --START--
INFO: Run Behavior\WriteHtmlCacheBehavior [ RunTime:0.000175s ]
INFO: [ view_filter ] --END-- [ RunTime:0.000197s ]
INFO: [ app_end ] --START--
INFO: Run Behavior\ShowPageTraceBehavior [ RunTime:0.000465s ]
INFO: [ app_end ] --END-- [ RunTime:0.000515s ]

[ 2018-08-18T22:35:58+08:00 ] 127.0.0.1 /blog/index.php/Home/Photo/index.html
INFO: [ app_init ] --START--
INFO: Run Behavior\BuildLiteBehavior [ RunTime:0.000009s ]
INFO: [ app_init ] --END-- [ RunTime:0.000255s ]
INFO: [ app_begin ] --START--
INFO: Run Behavior\ReadHtmlCacheBehavior [ RunTime:0.000305s ]
INFO: [ app_begin ] --END-- [ RunTime:0.000336s ]
SQL: SHOW COLUMNS FROM `blog_photo` [ RunTime:0.0051s ]
SQL: SELECT * FROM `blog_photo`  [ RunTime:0.0004s ]
INFO: [ view_parse ] --START--
INFO: [ template_filter ] --START--
INFO: Run Behavior\ContentReplaceBehavior [ RunTime:0.000059s ]
INFO: [ template_filter ] --END-- [ RunTime:0.000104s ]
INFO: Run Behavior\ParseTemplateBehavior [ RunTime:0.005977s ]
INFO: [ view_parse ] --END-- [ RunTime:0.006015s ]
INFO: [ view_filter ] --START--
INFO: Run Behavior\WriteHtmlCacheBehavior [ RunTime:0.000177s ]
INFO: [ view_filter ] --END-- [ RunTime:0.000200s ]
INFO: [ app_end ] --START--
INFO: Run Behavior\ShowPageTraceBehavior [ RunTime:0.000484s ]
INFO: [ app_end ] --END-- [ RunTime:0.000516s ]

[ 2018-08-18T22:37:47+08:00 ] 127.0.0.1 /blog/index.php/Home/Photo/index.html
INFO: [ app_init ] --START--
INFO: Run Behavior\BuildLiteBehavior [ RunTime:0.000010s ]
INFO: [ app_init ] --END-- [ RunTime:0.000353s ]
INFO: [ app_begin ] --START--
INFO: Run Behavior\ReadHtmlCacheBehavior [ RunTime:0.000364s ]
INFO: [ app_begin ] --END-- [ RunTime:0.000400s ]
SQL: SHOW COLUMNS FROM `blog_photo` [ RunTime:0.0043s ]
SQL: SELECT * FROM `blog_photo`  [ RunTime:0.0005s ]
INFO: [ view_parse ] --START--
INFO: [ template_filter ] --START--
INFO: Run Behavior\ContentReplaceBehavior [ RunTime:0.000072s ]
INFO: [ template_filter ] --END-- [ RunTime:0.000132s ]
INFO: Run Behavior\ParseTemplateBehavior [ RunTime:0.007311s ]
INFO: [ view_parse ] --END-- [ RunTime:0.007365s ]
INFO: [ view_filter ] --START--
INFO: Run Behavior\WriteHtmlCacheBehavior [ RunTime:0.000252s ]
INFO: [ view_filter ] --END-- [ RunTime:0.000277s ]
INFO: [ app_end ] --START--
INFO: Run Behavior\ShowPageTraceBehavior [ RunTime:0.000591s ]
INFO: [ app_end ] --END-- [ RunTime:0.000643s ]

[ 2018-08-18T22:41:01+08:00 ] 127.0.0.1 /blog/index.php/Home/Photo/index.html
INFO: [ app_init ] --START--
INFO: Run Behavior\BuildLiteBehavior [ RunTime:0.000010s ]
INFO: [ app_init ] --END-- [ RunTime:0.000298s ]
INFO: [ app_begin ] --START--
INFO: Run Behavior\ReadHtmlCacheBehavior [ RunTime:0.000385s ]
INFO: [ app_begin ] --END-- [ RunTime:0.000420s ]
SQL: SHOW COLUMNS FROM `blog_photo` [ RunTime:0.0039s ]
SQL: SELECT * FROM `blog_photo`  [ RunTime:0.0004s ]
INFO: [ view_parse ] --START--
INFO: [ template_filter ] --START--
INFO: Run Behavior\ContentReplaceBehavior [ RunTime:0.000068s ]
INFO: [ template_filter ] --END-- [ RunTime:0.000105s ]
INFO: Run Behavior\ParseTemplateBehavior [ RunTime:0.007236s ]
INFO: [ view_parse ] --END-- [ RunTime:0.007276s ]
INFO: [ view_filter ] --START--
INFO: Run Behavior\WriteHtmlCacheBehavior [ RunTime:0.000290s ]
INFO: [ view_filter ] --END-- [ RunTime:0.000318s ]
INFO: [ app_end ] --START--
INFO: Run Behavior\ShowPageTraceBehavior [ RunTime:0.000411s ]
INFO: [ app_end ] --END-- [ RunTime:0.000443s ]

[ 2018-08-18T22:41:39+08:00 ] 127.0.0.1 /blog/index.php/Home/Photo/index.html
INFO: [ app_init ] --START--
INFO: Run Behavior\BuildLiteBehavior [ RunTime:0.000012s ]
INFO: [ app_init ] --END-- [ RunTime:0.000307s ]
INFO: [ app_begin ] --START--
INFO: Run Behavior\ReadHtmlCacheBehavior [ RunTime:0.000353s ]
INFO: [ app_begin ] --END-- [ RunTime:0.000392s ]
SQL: SHOW COLUMNS FROM `blog_photo` [ RunTime:0.0050s ]
SQL: SELECT * FROM `blog_photo`  [ RunTime:0.0006s ]
INFO: [ view_parse ] --START--
INFO: [ template_filter ] --START--
INFO: Run Behavior\ContentReplaceBehavior [ RunTime:0.000096s ]
INFO: [ template_filter ] --END-- [ RunTime:0.000159s ]
INFO: Run Behavior\ParseTemplateBehavior [ RunTime:0.009322s ]
INFO: [ view_parse ] --END-- [ RunTime:0.009391s ]
INFO: [ view_filter ] --START--
INFO: Run Behavior\WriteHtmlCacheBehavior [ RunTime:0.001009s ]
INFO: [ view_filter ] --END-- [ RunTime:0.001083s ]
INFO: [ app_end ] --START--
INFO: Run Behavior\ShowPageTraceBehavior [ RunTime:0.001651s ]
INFO: [ app_end ] --END-- [ RunTime:0.001721s ]

[ 2018-08-18T22:42:23+08:00 ] 127.0.0.1 /blog/index.php/Home/Photo/index.html
INFO: [ app_init ] --START--
INFO: Run Behavior\BuildLiteBehavior [ RunTime:0.000071s ]
INFO: [ app_init ] --END-- [ RunTime:0.000552s ]
INFO: [ app_begin ] --START--
INFO: Run Behavior\ReadHtmlCacheBehavior [ RunTime:0.000352s ]
INFO: [ app_begin ] --END-- [ RunTime:0.000386s ]
SQL: SHOW COLUMNS FROM `blog_photo` [ RunTime:0.0035s ]
SQL: SELECT * FROM `blog_photo`  [ RunTime:0.0005s ]
INFO: [ view_parse ] --START--
INFO: [ template_filter ] --START--
INFO: Run Behavior\ContentReplaceBehavior [ RunTime:0.000069s ]
INFO: [ template_filter ] --END-- [ RunTime:0.000108s ]
INFO: Run Behavior\ParseTemplateBehavior [ RunTime:0.007188s ]
INFO: [ view_parse ] --END-- [ RunTime:0.007240s ]
INFO: [ view_filter ] --START--
INFO: Run Behavior\WriteHtmlCacheBehavior [ RunTime:0.000190s ]
INFO: [ view_filter ] --END-- [ RunTime:0.000215s ]
INFO: [ app_end ] --START--
INFO: Run Behavior\ShowPageTraceBehavior [ RunTime:0.000339s ]
INFO: [ app_end ] --END-- [ RunTime:0.000366s ]

[ 2018-08-18T22:42:49+08:00 ] 127.0.0.1 /blog/index.php/Home/Photo/index.html
INFO: [ app_init ] --START--
INFO: Run Behavior\BuildLiteBehavior [ RunTime:0.000012s ]
INFO: [ app_init ] --END-- [ RunTime:0.000519s ]
INFO: [ app_begin ] --START--
INFO: Run Behavior\ReadHtmlCacheBehavior [ RunTime:0.000320s ]
INFO: [ app_begin ] --END-- [ RunTime:0.000357s ]
SQL: SHOW COLUMNS FROM `blog_photo` [ RunTime:0.0039s ]
SQL: SELECT * FROM `blog_photo`  [ RunTime:0.0004s ]
INFO: [ view_parse ] --START--
INFO: [ template_filter ] --START--
INFO: Run Behavior\ContentReplaceBehavior [ RunTime:0.000064s ]
INFO: [ template_filter ] --END-- [ RunTime:0.000111s ]
INFO: Run Behavior\ParseTemplateBehavior [ RunTime:0.007521s ]
INFO: [ view_parse ] --END-- [ RunTime:0.007567s ]
INFO: [ view_filter ] --START--
INFO: Run Behavior\WriteHtmlCacheBehavior [ RunTime:0.000252s ]
INFO: [ view_filter ] --END-- [ RunTime:0.000288s ]
INFO: [ app_end ] --START--
INFO: Run Behavior\ShowPageTraceBehavior [ RunTime:0.000418s ]
INFO: [ app_end ] --END-- [ RunTime:0.000477s ]

[ 2018-08-18T22:45:44+08:00 ] 127.0.0.1 /blog/index.php/Home/Photo/index.html
INFO: [ app_init ] --START--
INFO: Run Behavior\BuildLiteBehavior [ RunTime:0.000012s ]
INFO: [ app_init ] --END-- [ RunTime:0.000416s ]
INFO: [ app_begin ] --START--
INFO: Run Behavior\ReadHtmlCacheBehavior [ RunTime:0.000447s ]
INFO: [ app_begin ] --END-- [ RunTime:0.000492s ]
SQL: SHOW COLUMNS FROM `blog_photo` [ RunTime:0.0044s ]
SQL: SELECT * FROM `blog_photo`  [ RunTime:0.0004s ]
INFO: [ view_parse ] --START--
INFO: [ template_filter ] --START--
INFO: Run Behavior\ContentReplaceBehavior [ RunTime:0.000077s ]
INFO: [ template_filter ] --END-- [ RunTime:0.000120s ]
INFO: Run Behavior\ParseTemplateBehavior [ RunTime:0.015482s ]
INFO: [ view_parse ] --END-- [ RunTime:0.015539s ]
INFO: [ view_filter ] --START--
INFO: Run Behavior\WriteHtmlCacheBehavior [ RunTime:0.000262s ]
INFO: [ view_filter ] --END-- [ RunTime:0.000290s ]
INFO: [ app_end ] --START--
INFO: Run Behavior\ShowPageTraceBehavior [ RunTime:0.000609s ]
INFO: [ app_end ] --END-- [ RunTime:0.000653s ]

[ 2018-08-18T22:46:43+08:00 ] 127.0.0.1 /blog/index.php/Home/Photo/index.html
INFO: [ app_init ] --START--
INFO: Run Behavior\BuildLiteBehavior [ RunTime:0.000011s ]
INFO: [ app_init ] --END-- [ RunTime:0.000291s ]
INFO: [ app_begin ] --START--
INFO: Run Behavior\ReadHtmlCacheBehavior [ RunTime:0.000313s ]
INFO: [ app_begin ] --END-- [ RunTime:0.000348s ]
SQL: SHOW COLUMNS FROM `blog_photo` [ RunTime:0.0039s ]
SQL: SELECT * FROM `blog_photo`  [ RunTime:0.0004s ]
INFO: [ view_parse ] --START--
INFO: [ template_filter ] --START--
INFO: Run Behavior\ContentReplaceBehavior [ RunTime:0.000065s ]
INFO: [ template_filter ] --END-- [ RunTime:0.000110s ]
INFO: Run Behavior\ParseTemplateBehavior [ RunTime:0.038879s ]
INFO: [ view_parse ] --END-- [ RunTime:0.038928s ]
INFO: [ view_filter ] --START--
INFO: Run Behavior\WriteHtmlCacheBehavior [ RunTime:0.000250s ]
INFO: [ view_filter ] --END-- [ RunTime:0.000273s ]
INFO: [ app_end ] --START--
INFO: Run Behavior\ShowPageTraceBehavior [ RunTime:0.000502s ]
INFO: [ app_end ] --END-- [ RunTime:0.000540s ]

[ 2018-08-18T22:47:27+08:00 ] 127.0.0.1 /blog/index.php/Home/Photo/index.html
INFO: [ app_init ] --START--
INFO: Run Behavior\BuildLiteBehavior [ RunTime:0.000011s ]
INFO: [ app_init ] --END-- [ RunTime:0.000279s ]
INFO: [ app_begin ] --START--
INFO: Run Behavior\ReadHtmlCacheBehavior [ RunTime:0.000599s ]
INFO: [ app_begin ] --END-- [ RunTime:0.000665s ]
SQL: SHOW COLUMNS FROM `blog_photo` [ RunTime:0.0041s ]
SQL: SELECT * FROM `blog_photo`  [ RunTime:0.0005s ]
INFO: [ view_parse ] --START--
INFO: [ template_filter ] --START--
INFO: Run Behavior\ContentReplaceBehavior [ RunTime:0.000061s ]
INFO: [ template_filter ] --END-- [ RunTime:0.000100s ]

[ 2018-08-18T22:47:35+08:00 ] 127.0.0.1 /blog/index.php/Home/Photo/index.html
INFO: [ app_init ] --START--
INFO: Run Behavior\BuildLiteBehavior [ RunTime:0.000011s ]
INFO: [ app_init ] --END-- [ RunTime:0.000286s ]
INFO: [ app_begin ] --START--
INFO: Run Behavior\ReadHtmlCacheBehavior [ RunTime:0.000346s ]
INFO: [ app_begin ] --END-- [ RunTime:0.000383s ]
SQL: SHOW COLUMNS FROM `blog_photo` [ RunTime:0.0044s ]
SQL: SELECT * FROM `blog_photo`  [ RunTime:0.0011s ]
INFO: [ view_parse ] --START--
INFO: [ template_filter ] --START--
INFO: Run Behavior\ContentReplaceBehavior [ RunTime:0.000103s ]
INFO: [ template_filter ] --END-- [ RunTime:0.000165s ]

[ 2018-08-18T22:50:15+08:00 ] 127.0.0.1 /blog/index.php/Home/Photo/index.html
INFO: [ app_init ] --START--
INFO: Run Behavior\BuildLiteBehavior [ RunTime:0.000014s ]
INFO: [ app_init ] --END-- [ RunTime:0.000367s ]
INFO: [ app_begin ] --START--
INFO: Run Behavior\ReadHtmlCacheBehavior [ RunTime:0.000615s ]
INFO: [ app_begin ] --END-- [ RunTime:0.000684s ]
SQL: SHOW COLUMNS FROM `blog_photo` [ RunTime:0.0048s ]
SQL: SELECT * FROM `blog_photo`  [ RunTime:0.0005s ]
INFO: [ view_parse ] --START--
INFO: [ template_filter ] --START--
INFO: Run Behavior\ContentReplaceBehavior [ RunTime:0.000064s ]
INFO: [ template_filter ] --END-- [ RunTime:0.000105s ]
NOTIC: [8] Undefined index: add_time  D:\PHPstudy\WWW\blog\Application\Runtime\Cache\Home\558a3efeccaa3bb0fbbca1a94fd73cdc.php 第 88 行.
NOTIC: [8] Undefined index: add_time  D:\PHPstudy\WWW\blog\Application\Runtime\Cache\Home\558a3efeccaa3bb0fbbca1a94fd73cdc.php 第 88 行.
NOTIC: [8] Undefined index: add_time  D:\PHPstudy\WWW\blog\Application\Runtime\Cache\Home\558a3efeccaa3bb0fbbca1a94fd73cdc.php 第 88 行.
NOTIC: [8] Undefined index: add_time  D:\PHPstudy\WWW\blog\Application\Runtime\Cache\Home\558a3efeccaa3bb0fbbca1a94fd73cdc.php 第 88 行.
NOTIC: [8] Undefined index: add_time  D:\PHPstudy\WWW\blog\Application\Runtime\Cache\Home\558a3efeccaa3bb0fbbca1a94fd73cdc.php 第 88 行.
NOTIC: [8] Undefined index: add_time  D:\PHPstudy\WWW\blog\Application\Runtime\Cache\Home\558a3efeccaa3bb0fbbca1a94fd73cdc.php 第 88 行.
NOTIC: [8] Undefined index: add_time  D:\PHPstudy\WWW\blog\Application\Runtime\Cache\Home\558a3efeccaa3bb0fbbca1a94fd73cdc.php 第 88 行.
NOTIC: [8] Undefined index: add_time  D:\PHPstudy\WWW\blog\Application\Runtime\Cache\Home\558a3efeccaa3bb0fbbca1a94fd73cdc.php 第 88 行.
INFO: Run Behavior\ParseTemplateBehavior [ RunTime:0.007794s ]
INFO: [ view_parse ] --END-- [ RunTime:0.007836s ]
INFO: [ view_filter ] --START--
INFO: Run Behavior\WriteHtmlCacheBehavior [ RunTime:0.000325s ]
INFO: [ view_filter ] --END-- [ RunTime:0.000366s ]
INFO: [ app_end ] --START--
INFO: Run Behavior\ShowPageTraceBehavior [ RunTime:0.000444s ]
INFO: [ app_end ] --END-- [ RunTime:0.000484s ]

[ 2018-08-18T22:51:31+08:00 ] 127.0.0.1 /blog/index.php/Home/Photo/index.html
INFO: [ app_init ] --START--
INFO: Run Behavior\BuildLiteBehavior [ RunTime:0.000016s ]
INFO: [ app_init ] --END-- [ RunTime:0.000440s ]
INFO: [ app_begin ] --START--
INFO: Run Behavior\ReadHtmlCacheBehavior [ RunTime:0.000395s ]
INFO: [ app_begin ] --END-- [ RunTime:0.000433s ]
SQL: SHOW COLUMNS FROM `blog_photo` [ RunTime:0.0039s ]
SQL: SELECT * FROM `blog_photo`  [ RunTime:0.0004s ]
INFO: [ view_parse ] --START--
INFO: [ template_filter ] --START--
INFO: Run Behavior\ContentReplaceBehavior [ RunTime:0.000087s ]
INFO: [ template_filter ] --END-- [ RunTime:0.000144s ]
NOTIC: [8] Undefined index: ['add_time']  D:\PHPstudy\WWW\blog\Application\Runtime\Cache\Home\558a3efeccaa3bb0fbbca1a94fd73cdc.php 第 88 行.
NOTIC: [8] Undefined index: ['add_time']  D:\PHPstudy\WWW\blog\Application\Runtime\Cache\Home\558a3efeccaa3bb0fbbca1a94fd73cdc.php 第 88 行.
NOTIC: [8] Undefined index: ['add_time']  D:\PHPstudy\WWW\blog\Application\Runtime\Cache\Home\558a3efeccaa3bb0fbbca1a94fd73cdc.php 第 88 行.
NOTIC: [8] Undefined index: ['add_time']  D:\PHPstudy\WWW\blog\Application\Runtime\Cache\Home\558a3efeccaa3bb0fbbca1a94fd73cdc.php 第 88 行.
NOTIC: [8] Undefined index: ['add_time']  D:\PHPstudy\WWW\blog\Application\Runtime\Cache\Home\558a3efeccaa3bb0fbbca1a94fd73cdc.php 第 88 行.
NOTIC: [8] Undefined index: ['add_time']  D:\PHPstudy\WWW\blog\Application\Runtime\Cache\Home\558a3efeccaa3bb0fbbca1a94fd73cdc.php 第 88 行.
NOTIC: [8] Undefined index: ['add_time']  D:\PHPstudy\WWW\blog\Application\Runtime\Cache\Home\558a3efeccaa3bb0fbbca1a94fd73cdc.php 第 88 行.
NOTIC: [8] Undefined index: ['add_time']  D:\PHPstudy\WWW\blog\Application\Runtime\Cache\Home\558a3efeccaa3bb0fbbca1a94fd73cdc.php 第 88 行.
INFO: Run Behavior\ParseTemplateBehavior [ RunTime:0.007931s ]
INFO: [ view_parse ] --END-- [ RunTime:0.007968s ]
INFO: [ view_filter ] --START--
INFO: Run Behavior\WriteHtmlCacheBehavior [ RunTime:0.000216s ]
INFO: [ view_filter ] --END-- [ RunTime:0.000240s ]
INFO: [ app_end ] --START--
INFO: Run Behavior\ShowPageTraceBehavior [ RunTime:0.000395s ]
INFO: [ app_end ] --END-- [ RunTime:0.000428s ]

[ 2018-08-18T22:51:35+08:00 ] 127.0.0.1 /blog/index.php/Home/Photo/index.html
INFO: [ app_init ] --START--
INFO: Run Behavior\BuildLiteBehavior [ RunTime:0.000010s ]
INFO: [ app_init ] --END-- [ RunTime:0.000290s ]
INFO: [ app_begin ] --START--
INFO: Run Behavior\ReadHtmlCacheBehavior [ RunTime:0.000545s ]
INFO: [ app_begin ] --END-- [ RunTime:0.000592s ]
SQL: SHOW COLUMNS FROM `blog_photo` [ RunTime:0.0040s ]
SQL: SELECT * FROM `blog_photo`  [ RunTime:0.0004s ]
INFO: [ view_parse ] --START--
INFO: [ template_filter ] --START--
INFO: Run Behavior\ContentReplaceBehavior [ RunTime:0.000059s ]
INFO: [ template_filter ] --END-- [ RunTime:0.000095s ]
NOTIC: [8] Undefined index: ['add_time']  D:\PHPstudy\WWW\blog\Application\Runtime\Cache\Home\558a3efeccaa3bb0fbbca1a94fd73cdc.php 第 88 行.
NOTIC: [8] Undefined index: ['add_time']  D:\PHPstudy\WWW\blog\Application\Runtime\Cache\Home\558a3efeccaa3bb0fbbca1a94fd73cdc.php 第 88 行.
NOTIC: [8] Undefined index: ['add_time']  D:\PHPstudy\WWW\blog\Application\Runtime\Cache\Home\558a3efeccaa3bb0fbbca1a94fd73cdc.php 第 88 行.
NOTIC: [8] Undefined index: ['add_time']  D:\PHPstudy\WWW\blog\Application\Runtime\Cache\Home\558a3efeccaa3bb0fbbca1a94fd73cdc.php 第 88 行.
NOTIC: [8] Undefined index: ['add_time']  D:\PHPstudy\WWW\blog\Application\Runtime\Cache\Home\558a3efeccaa3bb0fbbca1a94fd73cdc.php 第 88 行.
NOTIC: [8] Undefined index: ['add_time']  D:\PHPstudy\WWW\blog\Application\Runtime\Cache\Home\558a3efeccaa3bb0fbbca1a94fd73cdc.php 第 88 行.
NOTIC: [8] Undefined index: ['add_time']  D:\PHPstudy\WWW\blog\Application\Runtime\Cache\Home\558a3efeccaa3bb0fbbca1a94fd73cdc.php 第 88 行.
NOTIC: [8] Undefined index: ['add_time']  D:\PHPstudy\WWW\blog\Application\Runtime\Cache\Home\558a3efeccaa3bb0fbbca1a94fd73cdc.php 第 88 行.
INFO: Run Behavior\ParseTemplateBehavior [ RunTime:0.007172s ]
INFO: [ view_parse ] --END-- [ RunTime:0.007212s ]
INFO: [ view_filter ] --START--
INFO: Run Behavior\WriteHtmlCacheBehavior [ RunTime:0.000187s ]
INFO: [ view_filter ] --END-- [ RunTime:0.000215s ]
INFO: [ app_end ] --START--
INFO: Run Behavior\ShowPageTraceBehavior [ RunTime:0.000360s ]
INFO: [ app_end ] --END-- [ RunTime:0.000389s ]

[ 2018-08-18T22:52:05+08:00 ] 127.0.0.1 /blog/index.php/Home/Photo/index.html
INFO: [ app_init ] --START--
INFO: Run Behavior\BuildLiteBehavior [ RunTime:0.000018s ]
INFO: [ app_init ] --END-- [ RunTime:0.000412s ]
INFO: [ app_begin ] --START--
INFO: Run Behavior\ReadHtmlCacheBehavior [ RunTime:0.000439s ]
INFO: [ app_begin ] --END-- [ RunTime:0.000479s ]
SQL: SHOW COLUMNS FROM `blog_photo` [ RunTime:0.0037s ]
SQL: SELECT * FROM `blog_photo`  [ RunTime:0.0004s ]
INFO: [ view_parse ] --START--
INFO: [ template_filter ] --START--
INFO: Run Behavior\ContentReplaceBehavior [ RunTime:0.000103s ]
INFO: [ template_filter ] --END-- [ RunTime:0.000161s ]
INFO: Run Behavior\ParseTemplateBehavior [ RunTime:0.008831s ]
INFO: [ view_parse ] --END-- [ RunTime:0.008873s ]
INFO: [ view_filter ] --START--
INFO: Run Behavior\WriteHtmlCacheBehavior [ RunTime:0.000198s ]
INFO: [ view_filter ] --END-- [ RunTime:0.000225s ]
INFO: [ app_end ] --START--
INFO: Run Behavior\ShowPageTraceBehavior [ RunTime:0.000502s ]
INFO: [ app_end ] --END-- [ RunTime:0.000552s ]

[ 2018-08-18T22:52:27+08:00 ] 127.0.0.1 /blog/index.php/Home/Photo/index.html
INFO: [ app_init ] --START--
INFO: Run Behavior\BuildLiteBehavior [ RunTime:0.000009s ]
INFO: [ app_init ] --END-- [ RunTime:0.000316s ]
INFO: [ app_begin ] --START--
INFO: Run Behavior\ReadHtmlCacheBehavior [ RunTime:0.000363s ]
INFO: [ app_begin ] --END-- [ RunTime:0.000395s ]
SQL: SHOW COLUMNS FROM `blog_photo` [ RunTime:0.0309s ]
SQL: SELECT * FROM `blog_photo`  [ RunTime:0.0005s ]
INFO: [ view_parse ] --START--
INFO: [ template_filter ] --START--
INFO: Run Behavior\ContentReplaceBehavior [ RunTime:0.000101s ]
INFO: [ template_filter ] --END-- [ RunTime:0.000145s ]
INFO: Run Behavior\ParseTemplateBehavior [ RunTime:0.008545s ]
INFO: [ view_parse ] --END-- [ RunTime:0.008585s ]
INFO: [ view_filter ] --START--
INFO: Run Behavior\WriteHtmlCacheBehavior [ RunTime:0.000230s ]
INFO: [ view_filter ] --END-- [ RunTime:0.000253s ]
INFO: [ app_end ] --START--
INFO: Run Behavior\ShowPageTraceBehavior [ RunTime:0.000396s ]
INFO: [ app_end ] --END-- [ RunTime:0.000432s ]

[ 2018-08-18T22:52:33+08:00 ] 127.0.0.1 /blog/index.php/Home/Comment/index.html
INFO: [ app_init ] --START--
INFO: Run Behavior\BuildLiteBehavior [ RunTime:0.000010s ]
INFO: [ app_init ] --END-- [ RunTime:0.000284s ]
INFO: [ app_begin ] --START--
INFO: Run Behavior\ReadHtmlCacheBehavior [ RunTime:0.000314s ]
INFO: [ app_begin ] --END-- [ RunTime:0.000353s ]
SQL: SHOW COLUMNS FROM `blog_link` [ RunTime:0.0044s ]
SQL: SELECT * FROM `blog_link` ORDER BY sort desc  [ RunTime:0.0006s ]
SQL: SHOW COLUMNS FROM `blog_article` [ RunTime:0.0044s ]
SQL: SELECT `id`,`title` FROM `blog_article` ORDER BY rand() LIMIT 5   [ RunTime:0.0005s ]
SQL: SHOW COLUMNS FROM `blog_comment` [ RunTime:0.0342s ]
SQL: SELECT * FROM `blog_comment`  [ RunTime:0.0004s ]
INFO: [ view_parse ] --START--
INFO: [ template_filter ] --START--
INFO: Run Behavior\ContentReplaceBehavior [ RunTime:0.000071s ]
INFO: [ template_filter ] --END-- [ RunTime:0.000108s ]
NOTIC: [8] Use of undefined constant data - assumed 'data' D:\PHPstudy\WWW\blog\Application\Runtime\Cache\Home\9bada13f8d65fe468b3b3610ce95bf98.php 第 71 行.
NOTIC: [8] Undefined variable: ismobile D:\PHPstudy\WWW\blog\Application\Runtime\Cache\Home\9bada13f8d65fe468b3b3610ce95bf98.php 第 112 行.
INFO: Run Behavior\ParseTemplateBehavior [ RunTime:0.030762s ]
INFO: [ view_parse ] --END-- [ RunTime:0.030798s ]
INFO: [ view_filter ] --START--
INFO: Run Behavior\WriteHtmlCacheBehavior [ RunTime:0.000246s ]
INFO: [ view_filter ] --END-- [ RunTime:0.000270s ]
INFO: [ app_end ] --START--
INFO: Run Behavior\ShowPageTraceBehavior [ RunTime:0.000377s ]
INFO: [ app_end ] --END-- [ RunTime:0.000407s ]

[ 2018-08-18T22:52:35+08:00 ] 127.0.0.1 /blog/index.php/Home/Photo/index.html
INFO: [ app_init ] --START--
INFO: Run Behavior\BuildLiteBehavior [ RunTime:0.000010s ]
INFO: [ app_init ] --END-- [ RunTime:0.000269s ]
INFO: [ app_begin ] --START--
INFO: Run Behavior\ReadHtmlCacheBehavior [ RunTime:0.000315s ]
INFO: [ app_begin ] --END-- [ RunTime:0.000346s ]
SQL: SHOW COLUMNS FROM `blog_photo` [ RunTime:0.0053s ]
SQL: SELECT * FROM `blog_photo`  [ RunTime:0.0006s ]
INFO: [ view_parse ] --START--
INFO: [ template_filter ] --START--
INFO: Run Behavior\ContentReplaceBehavior [ RunTime:0.000081s ]
INFO: [ template_filter ] --END-- [ RunTime:0.000127s ]
INFO: Run Behavior\ParseTemplateBehavior [ RunTime:0.009184s ]
INFO: [ view_parse ] --END-- [ RunTime:0.009229s ]
INFO: [ view_filter ] --START--
INFO: Run Behavior\WriteHtmlCacheBehavior [ RunTime:0.000207s ]
INFO: [ view_filter ] --END-- [ RunTime:0.000230s ]
INFO: [ app_end ] --START--
INFO: Run Behavior\ShowPageTraceBehavior [ RunTime:0.000486s ]
INFO: [ app_end ] --END-- [ RunTime:0.000529s ]

[ 2018-08-18T22:52:36+08:00 ] 127.0.0.1 /blog/index.php/Home/Article/index.html
INFO: [ app_init ] --START--
INFO: Run Behavior\BuildLiteBehavior [ RunTime:0.000020s ]
INFO: [ app_init ] --END-- [ RunTime:0.000302s ]
INFO: [ app_begin ] --START--
INFO: Run Behavior\ReadHtmlCacheBehavior [ RunTime:0.000364s ]
INFO: [ app_begin ] --END-- [ RunTime:0.000416s ]
SQL: SHOW COLUMNS FROM `blog_link` [ RunTime:0.0038s ]
SQL: SELECT * FROM `blog_link` ORDER BY sort desc  [ RunTime:0.0004s ]
SQL: SHOW COLUMNS FROM `blog_article` [ RunTime:0.0036s ]
SQL: SELECT COUNT(*) AS tp_count FROM `blog_article` LIMIT 1   [ RunTime:0.0003s ]
SQL: SELECT * FROM `blog_article` WHERE `cate` = '留言板' LIMIT 0,5   [ RunTime:0.0307s ]
SQL: SELECT `id`,`title` FROM `blog_article` ORDER BY rand() LIMIT 5   [ RunTime:0.0007s ]
INFO: [ view_parse ] --START--
INFO: [ template_filter ] --START--
INFO: Run Behavior\ContentReplaceBehavior [ RunTime:0.000071s ]
INFO: [ template_filter ] --END-- [ RunTime:0.000107s ]
NOTIC: [8] Undefined variable: ismobile D:\PHPstudy\WWW\blog\Application\Runtime\Cache\Home\2ac6c1276904b87404ed678dbabb985c.php 第 83 行.
NOTIC: [8] Undefined variable: ismobile D:\PHPstudy\WWW\blog\Application\Runtime\Cache\Home\2ac6c1276904b87404ed678dbabb985c.php 第 100 行.
INFO: Run Behavior\ParseTemplateBehavior [ RunTime:0.017750s ]
INFO: [ view_parse ] --END-- [ RunTime:0.017792s ]
INFO: [ view_filter ] --START--
INFO: Run Behavior\WriteHtmlCacheBehavior [ RunTime:0.000172s ]
INFO: [ view_filter ] --END-- [ RunTime:0.000194s ]
INFO: [ app_end ] --START--
INFO: Run Behavior\ShowPageTraceBehavior [ RunTime:0.000377s ]
INFO: [ app_end ] --END-- [ RunTime:0.000415s ]

[ 2018-08-18T22:52:37+08:00 ] 127.0.0.1 /blog/index.php/Home/Index/index.html
INFO: [ app_init ] --START--
INFO: Run Behavior\BuildLiteBehavior [ RunTime:0.000015s ]
INFO: [ app_init ] --END-- [ RunTime:0.000394s ]
INFO: [ app_begin ] --START--
INFO: Run Behavior\ReadHtmlCacheBehavior [ RunTime:0.000438s ]
INFO: [ app_begin ] --END-- [ RunTime:0.000484s ]
SQL: SHOW COLUMNS FROM `blog_carousel` [ RunTime:0.0039s ]
SQL: SELECT * FROM `blog_carousel`  [ RunTime:0.0004s ]
SQL: SHOW COLUMNS FROM `blog_article` [ RunTime:0.0042s ]
SQL: SELECT COUNT(*) AS tp_count FROM `blog_article` LIMIT 1   [ RunTime:0.0006s ]
SQL: SELECT * FROM `blog_article` ORDER BY time desc LIMIT 0,5   [ RunTime:0.0011s ]
SQL: SHOW COLUMNS FROM `blog_link` [ RunTime:0.0043s ]
SQL: SELECT * FROM `blog_link` ORDER BY sort desc  [ RunTime:0.0006s ]
SQL: SELECT `id`,`title` FROM `blog_article` ORDER BY rand() LIMIT 5   [ RunTime:0.0007s ]
INFO: [ view_parse ] --START--
INFO: [ template_filter ] --START--
INFO: Run Behavior\ContentReplaceBehavior [ RunTime:0.000086s ]
INFO: [ template_filter ] --END-- [ RunTime:0.000127s ]
NOTIC: [8] Undefined variable: ismobile D:\PHPstudy\WWW\blog\Application\Runtime\Cache\Home\2a94b8bda04ff446dcedd42276fc99ee.php 第 114 行.
NOTIC: [8] Undefined variable: ismobile D:\PHPstudy\WWW\blog\Application\Runtime\Cache\Home\2a94b8bda04ff446dcedd42276fc99ee.php 第 145 行.
INFO: Run Behavior\ParseTemplateBehavior [ RunTime:0.012802s ]
INFO: [ view_parse ] --END-- [ RunTime:0.012850s ]
INFO: [ view_filter ] --START--
INFO: Run Behavior\WriteHtmlCacheBehavior [ RunTime:0.000225s ]
INFO: [ view_filter ] --END-- [ RunTime:0.000251s ]
INFO: [ app_end ] --START--
INFO: Run Behavior\ShowPageTraceBehavior [ RunTime:0.000753s ]
INFO: [ app_end ] --END-- [ RunTime:0.000809s ]

[ 2018-08-18T22:52:38+08:00 ] 127.0.0.1 /blog/index.php/Home/Photo/index.html
INFO: [ app_init ] --START--
INFO: Run Behavior\BuildLiteBehavior [ RunTime:0.000015s ]
INFO: [ app_init ] --END-- [ RunTime:0.000447s ]
INFO: [ app_begin ] --START--
INFO: Run Behavior\ReadHtmlCacheBehavior [ RunTime:0.000550s ]
INFO: [ app_begin ] --END-- [ RunTime:0.000612s ]
SQL: SHOW COLUMNS FROM `blog_photo` [ RunTime:0.0052s ]
SQL: SELECT * FROM `blog_photo`  [ RunTime:0.0006s ]
INFO: [ view_parse ] --START--
INFO: [ template_filter ] --START--
INFO: Run Behavior\ContentReplaceBehavior [ RunTime:0.000095s ]
INFO: [ template_filter ] --END-- [ RunTime:0.000161s ]
INFO: Run Behavior\ParseTemplateBehavior [ RunTime:0.011552s ]
INFO: [ view_parse ] --END-- [ RunTime:0.011638s ]
INFO: [ view_filter ] --START--
INFO: Run Behavior\WriteHtmlCacheBehavior [ RunTime:0.000316s ]
INFO: [ view_filter ] --END-- [ RunTime:0.000357s ]
INFO: [ app_end ] --START--
INFO: Run Behavior\ShowPageTraceBehavior [ RunTime:0.000551s ]
INFO: [ app_end ] --END-- [ RunTime:0.000599s ]

[ 2018-08-18T22:55:17+08:00 ] 127.0.0.1 /blog/index.php/Home/Photo/index.html
INFO: [ app_init ] --START--
INFO: Run Behavior\BuildLiteBehavior [ RunTime:0.000017s ]
INFO: [ app_init ] --END-- [ RunTime:0.000926s ]
INFO: [ app_begin ] --START--
INFO: Run Behavior\ReadHtmlCacheBehavior [ RunTime:0.000557s ]
INFO: [ app_begin ] --END-- [ RunTime:0.000617s ]
SQL: SHOW COLUMNS FROM `blog_photo` [ RunTime:0.0048s ]
SQL: SELECT COUNT(*) AS tp_count FROM `blog_photo` LIMIT 1   [ RunTime:0.0003s ]
SQL: SELECT * FROM `blog_photo`  [ RunTime:0.0004s ]
INFO: [ view_parse ] --START--
INFO: [ template_filter ] --START--
INFO: Run Behavior\ContentReplaceBehavior [ RunTime:0.000074s ]
INFO: [ template_filter ] --END-- [ RunTime:0.000117s ]
INFO: Run Behavior\ParseTemplateBehavior [ RunTime:0.016989s ]
INFO: [ view_parse ] --END-- [ RunTime:0.017046s ]
INFO: [ view_filter ] --START--
INFO: Run Behavior\WriteHtmlCacheBehavior [ RunTime:0.000332s ]
INFO: [ view_filter ] --END-- [ RunTime:0.000370s ]
INFO: [ app_end ] --START--
INFO: Run Behavior\ShowPageTraceBehavior [ RunTime:0.000827s ]
INFO: [ app_end ] --END-- [ RunTime:0.000873s ]

[ 2018-08-18T22:55:19+08:00 ] 127.0.0.1 /blog/index.php/Home/Photo/index.html
INFO: [ app_init ] --START--
INFO: Run Behavior\BuildLiteBehavior [ RunTime:0.000016s ]
INFO: [ app_init ] --END-- [ RunTime:0.000472s ]
INFO: [ app_begin ] --START--
INFO: Run Behavior\ReadHtmlCacheBehavior [ RunTime:0.000458s ]
INFO: [ app_begin ] --END-- [ RunTime:0.000521s ]
SQL: SHOW COLUMNS FROM `blog_photo` [ RunTime:0.0085s ]
SQL: SELECT COUNT(*) AS tp_count FROM `blog_photo` LIMIT 1   [ RunTime:0.0003s ]
SQL: SELECT * FROM `blog_photo`  [ RunTime:0.0004s ]
INFO: [ view_parse ] --START--
INFO: [ template_filter ] --START--
INFO: Run Behavior\ContentReplaceBehavior [ RunTime:0.000115s ]
INFO: [ template_filter ] --END-- [ RunTime:0.000197s ]
INFO: Run Behavior\ParseTemplateBehavior [ RunTime:0.008436s ]
INFO: [ view_parse ] --END-- [ RunTime:0.008475s ]
INFO: [ view_filter ] --START--
INFO: Run Behavior\WriteHtmlCacheBehavior [ RunTime:0.000215s ]
INFO: [ view_filter ] --END-- [ RunTime:0.000242s ]
INFO: [ app_end ] --START--
INFO: Run Behavior\ShowPageTraceBehavior [ RunTime:0.000386s ]
INFO: [ app_end ] --END-- [ RunTime:0.000421s ]

[ 2018-08-18T22:56:08+08:00 ] 127.0.0.1 /blog/index.php/Home/Photo/index.html
INFO: [ app_init ] --START--
INFO: Run Behavior\BuildLiteBehavior [ RunTime:0.000016s ]
INFO: [ app_init ] --END-- [ RunTime:0.000413s ]
INFO: [ app_begin ] --START--
INFO: Run Behavior\ReadHtmlCacheBehavior [ RunTime:0.000527s ]
INFO: [ app_begin ] --END-- [ RunTime:0.000592s ]
SQL: SHOW COLUMNS FROM `blog_photo` [ RunTime:0.1093s ]
SQL: SELECT COUNT(*) AS tp_count FROM `blog_photo` LIMIT 1   [ RunTime:0.0004s ]
SQL: SELECT * FROM `blog_photo` LIMIT 0,5   [ RunTime:0.0004s ]
INFO: [ view_parse ] --START--
INFO: [ template_filter ] --START--
INFO: Run Behavior\ContentReplaceBehavior [ RunTime:0.000059s ]
INFO: [ template_filter ] --END-- [ RunTime:0.000094s ]
INFO: Run Behavior\ParseTemplateBehavior [ RunTime:0.007281s ]
INFO: [ view_parse ] --END-- [ RunTime:0.007327s ]
INFO: [ view_filter ] --START--
INFO: Run Behavior\WriteHtmlCacheBehavior [ RunTime:0.000215s ]
INFO: [ view_filter ] --END-- [ RunTime:0.000244s ]
INFO: [ app_end ] --START--
INFO: Run Behavior\ShowPageTraceBehavior [ RunTime:0.000471s ]
INFO: [ app_end ] --END-- [ RunTime:0.000512s ]

[ 2018-08-18T22:56:17+08:00 ] 127.0.0.1 /blog/index.php/Home/Photo/index.html
INFO: [ app_init ] --START--
INFO: Run Behavior\BuildLiteBehavior [ RunTime:0.000012s ]
INFO: [ app_init ] --END-- [ RunTime:0.000468s ]
INFO: [ app_begin ] --START--
INFO: Run Behavior\ReadHtmlCacheBehavior [ RunTime:0.000535s ]
INFO: [ app_begin ] --END-- [ RunTime:0.000574s ]
SQL: SHOW COLUMNS FROM `blog_photo` [ RunTime:0.0042s ]
SQL: SELECT COUNT(*) AS tp_count FROM `blog_photo` LIMIT 1   [ RunTime:0.0004s ]
SQL: SELECT * FROM `blog_photo` LIMIT 0,4   [ RunTime:0.0005s ]
INFO: [ view_parse ] --START--
INFO: [ template_filter ] --START--
INFO: Run Behavior\ContentReplaceBehavior [ RunTime:0.000058s ]
INFO: [ template_filter ] --END-- [ RunTime:0.000095s ]
INFO: Run Behavior\ParseTemplateBehavior [ RunTime:0.007165s ]
INFO: [ view_parse ] --END-- [ RunTime:0.007216s ]
INFO: [ view_filter ] --START--
INFO: Run Behavior\WriteHtmlCacheBehavior [ RunTime:0.000185s ]
INFO: [ view_filter ] --END-- [ RunTime:0.000211s ]
INFO: [ app_end ] --START--
INFO: Run Behavior\ShowPageTraceBehavior [ RunTime:0.000427s ]
INFO: [ app_end ] --END-- [ RunTime:0.000467s ]

[ 2018-08-18T22:56:59+08:00 ] 127.0.0.1 /blog/index.php/Home/Photo/index.html
INFO: [ app_init ] --START--
INFO: Run Behavior\BuildLiteBehavior [ RunTime:0.000010s ]
INFO: [ app_init ] --END-- [ RunTime:0.000261s ]
INFO: [ app_begin ] --START--
INFO: Run Behavior\ReadHtmlCacheBehavior [ RunTime:0.000302s ]
INFO: [ app_begin ] --END-- [ RunTime:0.000335s ]
SQL: SHOW COLUMNS FROM `blog_photo` [ RunTime:0.0041s ]
SQL: SELECT COUNT(*) AS tp_count FROM `blog_photo` LIMIT 1   [ RunTime:0.0003s ]
SQL: SELECT * FROM `blog_photo` LIMIT 0,4   [ RunTime:0.0003s ]
INFO: [ view_parse ] --START--
INFO: [ template_filter ] --START--
INFO: Run Behavior\ContentReplaceBehavior [ RunTime:0.000060s ]
INFO: [ template_filter ] --END-- [ RunTime:0.000100s ]
INFO: Run Behavior\ParseTemplateBehavior [ RunTime:0.007454s ]
INFO: [ view_parse ] --END-- [ RunTime:0.007494s ]
INFO: [ view_filter ] --START--
INFO: Run Behavior\WriteHtmlCacheBehavior [ RunTime:0.000185s ]
INFO: [ view_filter ] --END-- [ RunTime:0.000211s ]
INFO: [ app_end ] --START--
INFO: Run Behavior\ShowPageTraceBehavior [ RunTime:0.000387s ]
INFO: [ app_end ] --END-- [ RunTime:0.000417s ]

[ 2018-08-18T22:57:27+08:00 ] 127.0.0.1 /blog/index.php/Home/Photo/index.html
INFO: [ app_init ] --START--
INFO: Run Behavior\BuildLiteBehavior [ RunTime:0.000018s ]
INFO: [ app_init ] --END-- [ RunTime:0.000617s ]
INFO: [ app_begin ] --START--
INFO: Run Behavior\ReadHtmlCacheBehavior [ RunTime:0.000418s ]
INFO: [ app_begin ] --END-- [ RunTime:0.000460s ]
SQL: SHOW COLUMNS FROM `blog_photo` [ RunTime:0.0050s ]
SQL: SELECT COUNT(*) AS tp_count FROM `blog_photo` LIMIT 1   [ RunTime:0.0005s ]
SQL: SELECT * FROM `blog_photo` LIMIT 0,4   [ RunTime:0.0004s ]
INFO: [ view_parse ] --START--
INFO: [ template_filter ] --START--
INFO: Run Behavior\ContentReplaceBehavior [ RunTime:0.000067s ]
INFO: [ template_filter ] --END-- [ RunTime:0.000107s ]
INFO: Run Behavior\ParseTemplateBehavior [ RunTime:0.009503s ]
INFO: [ view_parse ] --END-- [ RunTime:0.009616s ]
INFO: [ view_filter ] --START--
INFO: Run Behavior\WriteHtmlCacheBehavior [ RunTime:0.000362s ]
INFO: [ view_filter ] --END-- [ RunTime:0.000395s ]
INFO: [ app_end ] --START--
INFO: Run Behavior\ShowPageTraceBehavior [ RunTime:0.000783s ]
INFO: [ app_end ] --END-- [ RunTime:0.000829s ]

[ 2018-08-18T22:57:29+08:00 ] 127.0.0.1 /blog/index.php/Home/Photo/index/p/2.html
INFO: [ app_init ] --START--
INFO: Run Behavior\BuildLiteBehavior [ RunTime:0.000013s ]
INFO: [ app_init ] --END-- [ RunTime:0.000402s ]
INFO: [ app_begin ] --START--
INFO: Run Behavior\ReadHtmlCacheBehavior [ RunTime:0.000603s ]
INFO: [ app_begin ] --END-- [ RunTime:0.000684s ]
SQL: SHOW COLUMNS FROM `blog_photo` [ RunTime:0.0063s ]
SQL: SELECT COUNT(*) AS tp_count FROM `blog_photo` LIMIT 1   [ RunTime:0.0004s ]
SQL: SELECT * FROM `blog_photo` LIMIT 4,4   [ RunTime:0.0005s ]
INFO: [ view_parse ] --START--
INFO: [ template_filter ] --START--
INFO: Run Behavior\ContentReplaceBehavior [ RunTime:0.000096s ]
INFO: [ template_filter ] --END-- [ RunTime:0.000162s ]
INFO: Run Behavior\ParseTemplateBehavior [ RunTime:0.008308s ]
INFO: [ view_parse ] --END-- [ RunTime:0.008352s ]
INFO: [ view_filter ] --START--
INFO: Run Behavior\WriteHtmlCacheBehavior [ RunTime:0.000223s ]
INFO: [ view_filter ] --END-- [ RunTime:0.000251s ]
INFO: [ app_end ] --START--
INFO: Run Behavior\ShowPageTraceBehavior [ RunTime:0.000522s ]
INFO: [ app_end ] --END-- [ RunTime:0.000575s ]

[ 2018-08-18T22:57:30+08:00 ] 127.0.0.1 /blog/index.php/Home/Photo/index/p/1.html
INFO: [ app_init ] --START--
INFO: Run Behavior\BuildLiteBehavior [ RunTime:0.000010s ]
INFO: [ app_init ] --END-- [ RunTime:0.000272s ]
INFO: [ app_begin ] --START--
INFO: Run Behavior\ReadHtmlCacheBehavior [ RunTime:0.000319s ]
INFO: [ app_begin ] --END-- [ RunTime:0.000357s ]
SQL: SHOW COLUMNS FROM `blog_photo` [ RunTime:0.0046s ]
SQL: SELECT COUNT(*) AS tp_count FROM `blog_photo` LIMIT 1   [ RunTime:0.0004s ]
SQL: SELECT * FROM `blog_photo` LIMIT 0,4   [ RunTime:0.0005s ]
INFO: [ view_parse ] --START--
INFO: [ template_filter ] --START--
INFO: Run Behavior\ContentReplaceBehavior [ RunTime:0.000091s ]
INFO: [ template_filter ] --END-- [ RunTime:0.000146s ]
INFO: Run Behavior\ParseTemplateBehavior [ RunTime:0.007236s ]
INFO: [ view_parse ] --END-- [ RunTime:0.007280s ]
INFO: [ view_filter ] --START--
INFO: Run Behavior\WriteHtmlCacheBehavior [ RunTime:0.000204s ]
INFO: [ view_filter ] --END-- [ RunTime:0.000241s ]
INFO: [ app_end ] --START--
INFO: Run Behavior\ShowPageTraceBehavior [ RunTime:0.000504s ]
INFO: [ app_end ] --END-- [ RunTime:0.000551s ]

[ 2018-08-18T22:57:32+08:00 ] 127.0.0.1 /blog/index.php/Home/Photo/index/p/2.html
INFO: [ app_init ] --START--
INFO: Run Behavior\BuildLiteBehavior [ RunTime:0.000009s ]
INFO: [ app_init ] --END-- [ RunTime:0.000267s ]
INFO: [ app_begin ] --START--
INFO: Run Behavior\ReadHtmlCacheBehavior [ RunTime:0.000321s ]
INFO: [ app_begin ] --END-- [ RunTime:0.000354s ]
SQL: SHOW COLUMNS FROM `blog_photo` [ RunTime:0.0045s ]
SQL: SELECT COUNT(*) AS tp_count FROM `blog_photo` LIMIT 1   [ RunTime:0.0003s ]
SQL: SELECT * FROM `blog_photo` LIMIT 4,4   [ RunTime:0.0004s ]
INFO: [ view_parse ] --START--
INFO: [ template_filter ] --START--
INFO: Run Behavior\ContentReplaceBehavior [ RunTime:0.000089s ]
INFO: [ template_filter ] --END-- [ RunTime:0.000157s ]
INFO: Run Behavior\ParseTemplateBehavior [ RunTime:0.008233s ]
INFO: [ view_parse ] --END-- [ RunTime:0.008295s ]
INFO: [ view_filter ] --START--
INFO: Run Behavior\WriteHtmlCacheBehavior [ RunTime:0.000273s ]
INFO: [ view_filter ] --END-- [ RunTime:0.000313s ]
INFO: [ app_end ] --START--
INFO: Run Behavior\ShowPageTraceBehavior [ RunTime:0.000556s ]
INFO: [ app_end ] --END-- [ RunTime:0.000609s ]

[ 2018-08-18T22:57:33+08:00 ] 127.0.0.1 /blog/index.php/Home/Photo/index/p/1.html
INFO: [ app_init ] --START--
INFO: Run Behavior\BuildLiteBehavior [ RunTime:0.000019s ]
INFO: [ app_init ] --END-- [ RunTime:0.000390s ]
INFO: [ app_begin ] --START--
INFO: Run Behavior\ReadHtmlCacheBehavior [ RunTime:0.000371s ]
INFO: [ app_begin ] --END-- [ RunTime:0.000407s ]
SQL: SHOW COLUMNS FROM `blog_photo` [ RunTime:0.0044s ]
SQL: SELECT COUNT(*) AS tp_count FROM `blog_photo` LIMIT 1   [ RunTime:0.0004s ]
SQL: SELECT * FROM `blog_photo` LIMIT 0,4   [ RunTime:0.0003s ]
INFO: [ view_parse ] --START--
INFO: [ template_filter ] --START--
INFO: Run Behavior\ContentReplaceBehavior [ RunTime:0.000062s ]
INFO: [ template_filter ] --END-- [ RunTime:0.000107s ]
INFO: Run Behavior\ParseTemplateBehavior [ RunTime:0.006968s ]
INFO: [ view_parse ] --END-- [ RunTime:0.007023s ]
INFO: [ view_filter ] --START--
INFO: Run Behavior\WriteHtmlCacheBehavior [ RunTime:0.000209s ]
INFO: [ view_filter ] --END-- [ RunTime:0.000237s ]
INFO: [ app_end ] --START--
INFO: Run Behavior\ShowPageTraceBehavior [ RunTime:0.000529s ]
INFO: [ app_end ] --END-- [ RunTime:0.000579s ]

[ 2018-08-18T22:57:57+08:00 ] 127.0.0.1 /blog/index.php/Home/Photo/index/p/1.html
INFO: [ app_init ] --START--
INFO: Run Behavior\BuildLiteBehavior [ RunTime:0.000015s ]
INFO: [ app_init ] --END-- [ RunTime:0.000318s ]
INFO: [ app_begin ] --START--
INFO: Run Behavior\ReadHtmlCacheBehavior [ RunTime:0.000379s ]
INFO: [ app_begin ] --END-- [ RunTime:0.000414s ]
SQL: SHOW COLUMNS FROM `blog_photo` [ RunTime:0.0040s ]
SQL: SELECT COUNT(*) AS tp_count FROM `blog_photo` LIMIT 1   [ RunTime:0.0003s ]
SQL: SELECT * FROM `blog_photo` LIMIT 0,4   [ RunTime:0.0006s ]
INFO: [ view_parse ] --START--
INFO: [ template_filter ] --START--
INFO: Run Behavior\ContentReplaceBehavior [ RunTime:0.000061s ]
INFO: [ template_filter ] --END-- [ RunTime:0.000116s ]
INFO: Run Behavior\ParseTemplateBehavior [ RunTime:0.006761s ]
INFO: [ view_parse ] --END-- [ RunTime:0.006812s ]
INFO: [ view_filter ] --START--
INFO: Run Behavior\WriteHtmlCacheBehavior [ RunTime:0.000183s ]
INFO: [ view_filter ] --END-- [ RunTime:0.000211s ]
INFO: [ app_end ] --START--
INFO: Run Behavior\ShowPageTraceBehavior [ RunTime:0.000411s ]
INFO: [ app_end ] --END-- [ RunTime:0.000452s ]

[ 2018-08-18T22:58:35+08:00 ] 127.0.0.1 /blog/index.php/Home/Photo/index/p/1.html
INFO: [ app_init ] --START--
INFO: Run Behavior\BuildLiteBehavior [ RunTime:0.000018s ]
INFO: [ app_init ] --END-- [ RunTime:0.000407s ]
INFO: [ app_begin ] --START--
INFO: Run Behavior\ReadHtmlCacheBehavior [ RunTime:0.000392s ]
INFO: [ app_begin ] --END-- [ RunTime:0.000442s ]
SQL: SHOW COLUMNS FROM `blog_photo` [ RunTime:0.0041s ]
SQL: SELECT COUNT(*) AS tp_count FROM `blog_photo` LIMIT 1   [ RunTime:0.0004s ]
SQL: SELECT * FROM `blog_photo` LIMIT 0,4   [ RunTime:0.0004s ]
INFO: [ view_parse ] --START--
INFO: [ template_filter ] --START--
INFO: Run Behavior\ContentReplaceBehavior [ RunTime:0.000060s ]
INFO: [ template_filter ] --END-- [ RunTime:0.000098s ]
INFO: Run Behavior\ParseTemplateBehavior [ RunTime:0.007678s ]
INFO: [ view_parse ] --END-- [ RunTime:0.007717s ]
INFO: [ view_filter ] --START--
INFO: Run Behavior\WriteHtmlCacheBehavior [ RunTime:0.000186s ]
INFO: [ view_filter ] --END-- [ RunTime:0.000211s ]
INFO: [ app_end ] --START--
INFO: Run Behavior\ShowPageTraceBehavior [ RunTime:0.000441s ]
INFO: [ app_end ] --END-- [ RunTime:0.000473s ]

[ 2018-08-18T22:59:00+08:00 ] 127.0.0.1 /blog/index.php/Home/Photo/index/p/1.html
INFO: [ app_init ] --START--
INFO: Run Behavior\BuildLiteBehavior [ RunTime:0.000017s ]
INFO: [ app_init ] --END-- [ RunTime:0.000476s ]
INFO: [ app_begin ] --START--
INFO: Run Behavior\ReadHtmlCacheBehavior [ RunTime:0.000402s ]
INFO: [ app_begin ] --END-- [ RunTime:0.000447s ]
SQL: SHOW COLUMNS FROM `blog_photo` [ RunTime:0.0045s ]
SQL: SELECT COUNT(*) AS tp_count FROM `blog_photo` LIMIT 1   [ RunTime:0.0003s ]
SQL: SELECT * FROM `blog_photo` LIMIT 0,4   [ RunTime:0.0007s ]
INFO: [ view_parse ] --START--
INFO: [ template_filter ] --START--
INFO: Run Behavior\ContentReplaceBehavior [ RunTime:0.000063s ]
INFO: [ template_filter ] --END-- [ RunTime:0.000111s ]
INFO: Run Behavior\ParseTemplateBehavior [ RunTime:0.007162s ]
INFO: [ view_parse ] --END-- [ RunTime:0.007217s ]
INFO: [ view_filter ] --START--
INFO: Run Behavior\WriteHtmlCacheBehavior [ RunTime:0.000195s ]
INFO: [ view_filter ] --END-- [ RunTime:0.000224s ]
INFO: [ app_end ] --START--
INFO: Run Behavior\ShowPageTraceBehavior [ RunTime:0.000496s ]
INFO: [ app_end ] --END-- [ RunTime:0.000542s ]

[ 2018-08-18T22:59:02+08:00 ] 127.0.0.1 /blog/index.php/Home/Photo/index/p/1.html
INFO: [ app_init ] --START--
INFO: Run Behavior\BuildLiteBehavior [ RunTime:0.000010s ]
INFO: [ app_init ] --END-- [ RunTime:0.000277s ]
INFO: [ app_begin ] --START--
INFO: Run Behavior\ReadHtmlCacheBehavior [ RunTime:0.000389s ]
INFO: [ app_begin ] --END-- [ RunTime:0.000430s ]
SQL: SHOW COLUMNS FROM `blog_photo` [ RunTime:0.0039s ]
SQL: SELECT COUNT(*) AS tp_count FROM `blog_photo` LIMIT 1   [ RunTime:0.0004s ]
SQL: SELECT * FROM `blog_photo` LIMIT 0,4   [ RunTime:0.0004s ]
INFO: [ view_parse ] --START--
INFO: [ template_filter ] --START--
INFO: Run Behavior\ContentReplaceBehavior [ RunTime:0.000061s ]
INFO: [ template_filter ] --END-- [ RunTime:0.000104s ]
INFO: Run Behavior\ParseTemplateBehavior [ RunTime:0.008202s ]
INFO: [ view_parse ] --END-- [ RunTime:0.008258s ]
INFO: [ view_filter ] --START--
INFO: Run Behavior\WriteHtmlCacheBehavior [ RunTime:0.000197s ]
INFO: [ view_filter ] --END-- [ RunTime:0.000230s ]
INFO: [ app_end ] --START--
INFO: Run Behavior\ShowPageTraceBehavior [ RunTime:0.000487s ]
INFO: [ app_end ] --END-- [ RunTime:0.000531s ]

[ 2018-08-18T22:59:12+08:00 ] 127.0.0.1 /blog/index.php/Home/Photo/index/p/1.html
INFO: [ app_init ] --START--
INFO: Run Behavior\BuildLiteBehavior [ RunTime:0.000010s ]
INFO: [ app_init ] --END-- [ RunTime:0.000291s ]
INFO: [ app_begin ] --START--
INFO: Run Behavior\ReadHtmlCacheBehavior [ RunTime:0.000367s ]
INFO: [ app_begin ] --END-- [ RunTime:0.000401s ]
SQL: SHOW COLUMNS FROM `blog_photo` [ RunTime:0.0038s ]
SQL: SELECT COUNT(*) AS tp_count FROM `blog_photo` LIMIT 1   [ RunTime:0.0003s ]
SQL: SELECT * FROM `blog_photo` LIMIT 0,4   [ RunTime:0.0005s ]
INFO: [ view_parse ] --START--
INFO: [ template_filter ] --START--
INFO: Run Behavior\ContentReplaceBehavior [ RunTime:0.000077s ]
INFO: [ template_filter ] --END-- [ RunTime:0.000119s ]
INFO: Run Behavior\ParseTemplateBehavior [ RunTime:0.007420s ]
INFO: [ view_parse ] --END-- [ RunTime:0.007462s ]
INFO: [ view_filter ] --START--
INFO: Run Behavior\WriteHtmlCacheBehavior [ RunTime:0.000198s ]
INFO: [ view_filter ] --END-- [ RunTime:0.000233s ]
INFO: [ app_end ] --START--
INFO: Run Behavior\ShowPageTraceBehavior [ RunTime:0.000366s ]
INFO: [ app_end ] --END-- [ RunTime:0.000403s ]

[ 2018-08-18T22:59:13+08:00 ] 127.0.0.1 /blog/index.php/Home/Photo/index/p/1.html
INFO: [ app_init ] --START--
INFO: Run Behavior\BuildLiteBehavior [ RunTime:0.000017s ]
INFO: [ app_init ] --END-- [ RunTime:0.000432s ]
INFO: [ app_begin ] --START--
INFO: Run Behavior\ReadHtmlCacheBehavior [ RunTime:0.000488s ]
INFO: [ app_begin ] --END-- [ RunTime:0.000546s ]
SQL: SHOW COLUMNS FROM `blog_photo` [ RunTime:0.0043s ]
SQL: SELECT COUNT(*) AS tp_count FROM `blog_photo` LIMIT 1   [ RunTime:0.0004s ]
SQL: SELECT * FROM `blog_photo` LIMIT 0,4   [ RunTime:0.0004s ]
INFO: [ view_parse ] --START--
INFO: [ template_filter ] --START--
INFO: Run Behavior\ContentReplaceBehavior [ RunTime:0.000059s ]
INFO: [ template_filter ] --END-- [ RunTime:0.000095s ]
INFO: Run Behavior\ParseTemplateBehavior [ RunTime:0.008415s ]
INFO: [ view_parse ] --END-- [ RunTime:0.008455s ]
INFO: [ view_filter ] --START--
INFO: Run Behavior\WriteHtmlCacheBehavior [ RunTime:0.000194s ]
INFO: [ view_filter ] --END-- [ RunTime:0.000220s ]
INFO: [ app_end ] --START--
INFO: Run Behavior\ShowPageTraceBehavior [ RunTime:0.000589s ]
INFO: [ app_end ] --END-- [ RunTime:0.000637s ]

[ 2018-08-18T22:59:42+08:00 ] 127.0.0.1 /blog/index.php/Home/Photo/index/p/1.html
INFO: [ app_init ] --START--
INFO: Run Behavior\BuildLiteBehavior [ RunTime:0.000013s ]
INFO: [ app_init ] --END-- [ RunTime:0.000363s ]
INFO: [ app_begin ] --START--
INFO: Run Behavior\ReadHtmlCacheBehavior [ RunTime:0.000373s ]
INFO: [ app_begin ] --END-- [ RunTime:0.000406s ]
SQL: SHOW COLUMNS FROM `blog_photo` [ RunTime:0.0037s ]
SQL: SELECT COUNT(*) AS tp_count FROM `blog_photo` LIMIT 1   [ RunTime:0.0004s ]
SQL: SELECT * FROM `blog_photo` LIMIT 0,4   [ RunTime:0.0004s ]
INFO: [ view_parse ] --START--
INFO: [ template_filter ] --START--
INFO: Run Behavior\ContentReplaceBehavior [ RunTime:0.000123s ]
INFO: [ template_filter ] --END-- [ RunTime:0.000221s ]
INFO: Run Behavior\ParseTemplateBehavior [ RunTime:0.009483s ]
INFO: [ view_parse ] --END-- [ RunTime:0.009541s ]
INFO: [ view_filter ] --START--
INFO: Run Behavior\WriteHtmlCacheBehavior [ RunTime:0.000401s ]
INFO: [ view_filter ] --END-- [ RunTime:0.000437s ]
INFO: [ app_end ] --START--
INFO: Run Behavior\ShowPageTraceBehavior [ RunTime:0.000471s ]
INFO: [ app_end ] --END-- [ RunTime:0.000505s ]

[ 2018-08-18T22:59:43+08:00 ] 127.0.0.1 /blog/index.php/Home/Photo/index/p/1.html
INFO: [ app_init ] --START--
INFO: Run Behavior\BuildLiteBehavior [ RunTime:0.000013s ]
INFO: [ app_init ] --END-- [ RunTime:0.000431s ]
INFO: [ app_begin ] --START--
INFO: Run Behavior\ReadHtmlCacheBehavior [ RunTime:0.000469s ]
INFO: [ app_begin ] --END-- [ RunTime:0.000507s ]
SQL: SHOW COLUMNS FROM `blog_photo` [ RunTime:0.0058s ]
SQL: SELECT COUNT(*) AS tp_count FROM `blog_photo` LIMIT 1   [ RunTime:0.0004s ]
SQL: SELECT * FROM `blog_photo` LIMIT 0,4   [ RunTime:0.0006s ]
INFO: [ view_parse ] --START--
INFO: [ template_filter ] --START--
INFO: Run Behavior\ContentReplaceBehavior [ RunTime:0.000064s ]
INFO: [ template_filter ] --END-- [ RunTime:0.000108s ]
INFO: Run Behavior\ParseTemplateBehavior [ RunTime:0.008852s ]
INFO: [ view_parse ] --END-- [ RunTime:0.008921s ]
INFO: [ view_filter ] --START--
INFO: Run Behavior\WriteHtmlCacheBehavior [ RunTime:0.000268s ]
INFO: [ view_filter ] --END-- [ RunTime:0.000310s ]
INFO: [ app_end ] --START--
INFO: Run Behavior\ShowPageTraceBehavior [ RunTime:0.000511s ]
INFO: [ app_end ] --END-- [ RunTime:0.000563s ]

[ 2018-08-18T22:59:43+08:00 ] 127.0.0.1 /blog/index.php/Home/Photo/index/p/1.html
INFO: [ app_init ] --START--
INFO: Run Behavior\BuildLiteBehavior [ RunTime:0.000010s ]
INFO: [ app_init ] --END-- [ RunTime:0.000277s ]
INFO: [ app_begin ] --START--
INFO: Run Behavior\ReadHtmlCacheBehavior [ RunTime:0.000317s ]
INFO: [ app_begin ] --END-- [ RunTime:0.000360s ]
SQL: SHOW COLUMNS FROM `blog_photo` [ RunTime:0.0044s ]
SQL: SELECT COUNT(*) AS tp_count FROM `blog_photo` LIMIT 1   [ RunTime:0.0003s ]
SQL: SELECT * FROM `blog_photo` LIMIT 0,4   [ RunTime:0.0004s ]
INFO: [ view_parse ] --START--
INFO: [ template_filter ] --START--
INFO: Run Behavior\ContentReplaceBehavior [ RunTime:0.000092s ]
INFO: [ template_filter ] --END-- [ RunTime:0.000151s ]
INFO: Run Behavior\ParseTemplateBehavior [ RunTime:0.009983s ]
INFO: [ view_parse ] --END-- [ RunTime:0.010049s ]
INFO: [ view_filter ] --START--
INFO: Run Behavior\WriteHtmlCacheBehavior [ RunTime:0.000402s ]
INFO: [ view_filter ] --END-- [ RunTime:0.000458s ]
INFO: [ app_end ] --START--
INFO: Run Behavior\ShowPageTraceBehavior [ RunTime:0.000599s ]
INFO: [ app_end ] --END-- [ RunTime:0.000654s ]

[ 2018-08-18T23:00:40+08:00 ] 127.0.0.1 /blog/index.php/Home/Photo/index/p/1.html
INFO: [ app_init ] --START--
INFO: Run Behavior\BuildLiteBehavior [ RunTime:0.000016s ]
INFO: [ app_init ] --END-- [ RunTime:0.000448s ]
INFO: [ app_begin ] --START--
INFO: Run Behavior\ReadHtmlCacheBehavior [ RunTime:0.000487s ]
INFO: [ app_begin ] --END-- [ RunTime:0.000542s ]
SQL: SHOW COLUMNS FROM `blog_photo` [ RunTime:0.0111s ]
SQL: SELECT COUNT(*) AS tp_count FROM `blog_photo` LIMIT 1   [ RunTime:0.0003s ]
SQL: SELECT * FROM `blog_photo` LIMIT 0,4   [ RunTime:0.0004s ]
INFO: [ view_parse ] --START--
INFO: [ template_filter ] --START--
INFO: Run Behavior\ContentReplaceBehavior [ RunTime:0.000070s ]
INFO: [ template_filter ] --END-- [ RunTime:0.000125s ]
INFO: Run Behavior\ParseTemplateBehavior [ RunTime:0.007772s ]
INFO: [ view_parse ] --END-- [ RunTime:0.007817s ]
INFO: [ view_filter ] --START--
INFO: Run Behavior\WriteHtmlCacheBehavior [ RunTime:0.000216s ]
INFO: [ view_filter ] --END-- [ RunTime:0.000250s ]
INFO: [ app_end ] --START--
INFO: Run Behavior\ShowPageTraceBehavior [ RunTime:0.000556s ]
INFO: [ app_end ] --END-- [ RunTime:0.000607s ]

[ 2018-08-18T23:00:41+08:00 ] 127.0.0.1 /blog/index.php/Home/Photo/index/p/1.html
INFO: [ app_init ] --START--
INFO: Run Behavior\BuildLiteBehavior [ RunTime:0.000020s ]
INFO: [ app_init ] --END-- [ RunTime:0.000300s ]
INFO: [ app_begin ] --START--
INFO: Run Behavior\ReadHtmlCacheBehavior [ RunTime:0.000341s ]
INFO: [ app_begin ] --END-- [ RunTime:0.000375s ]
SQL: SHOW COLUMNS FROM `blog_photo` [ RunTime:0.0041s ]
SQL: SELECT COUNT(*) AS tp_count FROM `blog_photo` LIMIT 1   [ RunTime:0.0004s ]
SQL: SELECT * FROM `blog_photo` LIMIT 0,4   [ RunTime:0.0004s ]
INFO: [ view_parse ] --START--
INFO: [ template_filter ] --START--
INFO: Run Behavior\ContentReplaceBehavior [ RunTime:0.000061s ]
INFO: [ template_filter ] --END-- [ RunTime:0.000108s ]
INFO: Run Behavior\ParseTemplateBehavior [ RunTime:0.009915s ]
INFO: [ view_parse ] --END-- [ RunTime:0.009956s ]
INFO: [ view_filter ] --START--
INFO: Run Behavior\WriteHtmlCacheBehavior [ RunTime:0.000247s ]
INFO: [ view_filter ] --END-- [ RunTime:0.000278s ]
INFO: [ app_end ] --START--
INFO: Run Behavior\ShowPageTraceBehavior [ RunTime:0.000418s ]
INFO: [ app_end ] --END-- [ RunTime:0.000459s ]

[ 2018-08-18T23:01:40+08:00 ] 127.0.0.1 /blog/index.php/Home/Photo/index/p/1.html
INFO: [ app_init ] --START--
INFO: Run Behavior\BuildLiteBehavior [ RunTime:0.000010s ]
INFO: [ app_init ] --END-- [ RunTime:0.000313s ]
INFO: [ app_begin ] --START--
INFO: Run Behavior\ReadHtmlCacheBehavior [ RunTime:0.000376s ]
INFO: [ app_begin ] --END-- [ RunTime:0.000422s ]
SQL: SHOW COLUMNS FROM `blog_photo` [ RunTime:0.0042s ]
SQL: SELECT COUNT(*) AS tp_count FROM `blog_photo` LIMIT 1   [ RunTime:0.0003s ]
SQL: SELECT * FROM `blog_photo` LIMIT 0,4   [ RunTime:0.0005s ]
INFO: [ view_parse ] --START--
INFO: [ template_filter ] --START--
INFO: Run Behavior\ContentReplaceBehavior [ RunTime:0.000085s ]
INFO: [ template_filter ] --END-- [ RunTime:0.000138s ]
INFO: Run Behavior\ParseTemplateBehavior [ RunTime:0.014401s ]
INFO: [ view_parse ] --END-- [ RunTime:0.014443s ]
INFO: [ view_filter ] --START--
INFO: Run Behavior\WriteHtmlCacheBehavior [ RunTime:0.000266s ]
INFO: [ view_filter ] --END-- [ RunTime:0.000289s ]
INFO: [ app_end ] --START--
INFO: Run Behavior\ShowPageTraceBehavior [ RunTime:0.000464s ]
INFO: [ app_end ] --END-- [ RunTime:0.000516s ]

[ 2018-08-18T23:02:09+08:00 ] 127.0.0.1 /blog/index.php/Home/Photo/index/p/1.html
INFO: [ app_init ] --START--
INFO: Run Behavior\BuildLiteBehavior [ RunTime:0.000010s ]
INFO: [ app_init ] --END-- [ RunTime:0.000274s ]
INFO: [ app_begin ] --START--
INFO: Run Behavior\ReadHtmlCacheBehavior [ RunTime:0.000313s ]
INFO: [ app_begin ] --END-- [ RunTime:0.000345s ]
SQL: SHOW COLUMNS FROM `blog_photo` [ RunTime:0.0036s ]
SQL: SELECT COUNT(*) AS tp_count FROM `blog_photo` LIMIT 1   [ RunTime:0.0004s ]
SQL: SELECT * FROM `blog_photo` LIMIT 0,4   [ RunTime:0.0004s ]
INFO: [ view_parse ] --START--
INFO: [ template_filter ] --START--
INFO: Run Behavior\ContentReplaceBehavior [ RunTime:0.000057s ]
INFO: [ template_filter ] --END-- [ RunTime:0.000093s ]
INFO: Run Behavior\ParseTemplateBehavior [ RunTime:0.007104s ]
INFO: [ view_parse ] --END-- [ RunTime:0.007155s ]
INFO: [ view_filter ] --START--
INFO: Run Behavior\WriteHtmlCacheBehavior [ RunTime:0.000405s ]
INFO: [ view_filter ] --END-- [ RunTime:0.000442s ]
INFO: [ app_end ] --START--
INFO: Run Behavior\ShowPageTraceBehavior [ RunTime:0.000537s ]
INFO: [ app_end ] --END-- [ RunTime:0.000579s ]

[ 2018-08-18T23:02:18+08:00 ] 127.0.0.1 /blog/index.php/Home/Photo/index/p/2.html
INFO: [ app_init ] --START--
INFO: Run Behavior\BuildLiteBehavior [ RunTime:0.000008s ]
INFO: [ app_init ] --END-- [ RunTime:0.000260s ]
INFO: [ app_begin ] --START--
INFO: Run Behavior\ReadHtmlCacheBehavior [ RunTime:0.000317s ]
INFO: [ app_begin ] --END-- [ RunTime:0.000348s ]
SQL: SHOW COLUMNS FROM `blog_photo` [ RunTime:0.0041s ]
SQL: SELECT COUNT(*) AS tp_count FROM `blog_photo` LIMIT 1   [ RunTime:0.0004s ]
SQL: SELECT * FROM `blog_photo` LIMIT 4,4   [ RunTime:0.0004s ]
INFO: [ view_parse ] --START--
INFO: [ template_filter ] --START--
INFO: Run Behavior\ContentReplaceBehavior [ RunTime:0.000060s ]
INFO: [ template_filter ] --END-- [ RunTime:0.000100s ]
INFO: Run Behavior\ParseTemplateBehavior [ RunTime:0.007119s ]
INFO: [ view_parse ] --END-- [ RunTime:0.007166s ]
INFO: [ view_filter ] --START--
INFO: Run Behavior\WriteHtmlCacheBehavior [ RunTime:0.000191s ]
INFO: [ view_filter ] --END-- [ RunTime:0.000216s ]
INFO: [ app_end ] --START--
INFO: Run Behavior\ShowPageTraceBehavior [ RunTime:0.000389s ]
INFO: [ app_end ] --END-- [ RunTime:0.000426s ]

[ 2018-08-18T23:02:19+08:00 ] 127.0.0.1 /blog/index.php/Home/Photo/index/p/1.html
INFO: [ app_init ] --START--
INFO: Run Behavior\BuildLiteBehavior [ RunTime:0.000009s ]
INFO: [ app_init ] --END-- [ RunTime:0.000260s ]
INFO: [ app_begin ] --START--
INFO: Run Behavior\ReadHtmlCacheBehavior [ RunTime:0.000321s ]
INFO: [ app_begin ] --END-- [ RunTime:0.000357s ]
SQL: SHOW COLUMNS FROM `blog_photo` [ RunTime:0.0038s ]
SQL: SELECT COUNT(*) AS tp_count FROM `blog_photo` LIMIT 1   [ RunTime:0.0003s ]
SQL: SELECT * FROM `blog_photo` LIMIT 0,4   [ RunTime:0.0004s ]
INFO: [ view_parse ] --START--
INFO: [ template_filter ] --START--
INFO: Run Behavior\ContentReplaceBehavior [ RunTime:0.000058s ]
INFO: [ template_filter ] --END-- [ RunTime:0.000092s ]
INFO: Run Behavior\ParseTemplateBehavior [ RunTime:0.006435s ]
INFO: [ view_parse ] --END-- [ RunTime:0.006489s ]
INFO: [ view_filter ] --START--
INFO: Run Behavior\WriteHtmlCacheBehavior [ RunTime:0.000293s ]
INFO: [ view_filter ] --END-- [ RunTime:0.000324s ]
INFO: [ app_end ] --START--
INFO: Run Behavior\ShowPageTraceBehavior [ RunTime:0.000539s ]
INFO: [ app_end ] --END-- [ RunTime:0.000585s ]

[ 2018-08-18T23:02:20+08:00 ] 127.0.0.1 /blog/index.php/Home/Photo/index/p/2.html
INFO: [ app_init ] --START--
INFO: Run Behavior\BuildLiteBehavior [ RunTime:0.000010s ]
INFO: [ app_init ] --END-- [ RunTime:0.000268s ]
INFO: [ app_begin ] --START--
INFO: Run Behavior\ReadHtmlCacheBehavior [ RunTime:0.000391s ]
INFO: [ app_begin ] --END-- [ RunTime:0.000469s ]
SQL: SHOW COLUMNS FROM `blog_photo` [ RunTime:0.0039s ]
SQL: SELECT COUNT(*) AS tp_count FROM `blog_photo` LIMIT 1   [ RunTime:0.0003s ]
SQL: SELECT * FROM `blog_photo` LIMIT 4,4   [ RunTime:0.0004s ]
INFO: [ view_parse ] --START--
INFO: [ template_filter ] --START--
INFO: Run Behavior\ContentReplaceBehavior [ RunTime:0.000064s ]
INFO: [ template_filter ] --END-- [ RunTime:0.000140s ]
INFO: Run Behavior\ParseTemplateBehavior [ RunTime:0.008407s ]
INFO: [ view_parse ] --END-- [ RunTime:0.008476s ]
INFO: [ view_filter ] --START--
INFO: Run Behavior\WriteHtmlCacheBehavior [ RunTime:0.000384s ]
INFO: [ view_filter ] --END-- [ RunTime:0.000463s ]
INFO: [ app_end ] --START--
INFO: Run Behavior\ShowPageTraceBehavior [ RunTime:0.000642s ]
INFO: [ app_end ] --END-- [ RunTime:0.000698s ]

[ 2018-08-18T23:02:21+08:00 ] 127.0.0.1 /blog/index.php/Home/Photo/index/p/1.html
INFO: [ app_init ] --START--
INFO: Run Behavior\BuildLiteBehavior [ RunTime:0.000010s ]
INFO: [ app_init ] --END-- [ RunTime:0.000312s ]
INFO: [ app_begin ] --START--
INFO: Run Behavior\ReadHtmlCacheBehavior [ RunTime:0.000353s ]
INFO: [ app_begin ] --END-- [ RunTime:0.000395s ]
SQL: SHOW COLUMNS FROM `blog_photo` [ RunTime:0.0041s ]
SQL: SELECT COUNT(*) AS tp_count FROM `blog_photo` LIMIT 1   [ RunTime:0.0004s ]
SQL: SELECT * FROM `blog_photo` LIMIT 0,4   [ RunTime:0.0005s ]
INFO: [ view_parse ] --START--
INFO: [ template_filter ] --START--
INFO: Run Behavior\ContentReplaceBehavior [ RunTime:0.000074s ]
INFO: [ template_filter ] --END-- [ RunTime:0.000128s ]
INFO: Run Behavior\ParseTemplateBehavior [ RunTime:0.009722s ]
INFO: [ view_parse ] --END-- [ RunTime:0.009793s ]
INFO: [ view_filter ] --START--
INFO: Run Behavior\WriteHtmlCacheBehavior [ RunTime:0.000290s ]
INFO: [ view_filter ] --END-- [ RunTime:0.000335s ]
INFO: [ app_end ] --START--
INFO: Run Behavior\ShowPageTraceBehavior [ RunTime:0.000536s ]
INFO: [ app_end ] --END-- [ RunTime:0.000588s ]

[ 2018-08-18T23:03:47+08:00 ] 127.0.0.1 /blog/index.php/Home/Photo/index/p/1.html
INFO: [ app_init ] --START--
INFO: Run Behavior\BuildLiteBehavior [ RunTime:0.000018s ]
INFO: [ app_init ] --END-- [ RunTime:0.000530s ]
INFO: [ app_begin ] --START--
INFO: Run Behavior\ReadHtmlCacheBehavior [ RunTime:0.000424s ]
INFO: [ app_begin ] --END-- [ RunTime:0.000468s ]
SQL: SHOW COLUMNS FROM `blog_photo` [ RunTime:0.0044s ]
SQL: SELECT COUNT(*) AS tp_count FROM `blog_photo` LIMIT 1   [ RunTime:0.0003s ]
SQL: SELECT * FROM `blog_photo` LIMIT 0,4   [ RunTime:0.0004s ]
INFO: [ view_parse ] --START--
INFO: [ template_filter ] --START--
INFO: Run Behavior\ContentReplaceBehavior [ RunTime:0.000100s ]
INFO: [ template_filter ] --END-- [ RunTime:0.000156s ]
INFO: Run Behavior\ParseTemplateBehavior [ RunTime:0.009428s ]
INFO: [ view_parse ] --END-- [ RunTime:0.009477s ]
INFO: [ view_filter ] --START--
INFO: Run Behavior\WriteHtmlCacheBehavior [ RunTime:0.000337s ]
INFO: [ view_filter ] --END-- [ RunTime:0.000378s ]
INFO: [ app_end ] --START--
INFO: Run Behavior\ShowPageTraceBehavior [ RunTime:0.000609s ]
INFO: [ app_end ] --END-- [ RunTime:0.000664s ]

[ 2018-08-18T23:03:48+08:00 ] 127.0.0.1 /blog/index.php/Home/Photo/index/p/2.html
INFO: [ app_init ] --START--
INFO: Run Behavior\BuildLiteBehavior [ RunTime:0.000010s ]
INFO: [ app_init ] --END-- [ RunTime:0.000271s ]
INFO: [ app_begin ] --START--
INFO: Run Behavior\ReadHtmlCacheBehavior [ RunTime:0.000410s ]
INFO: [ app_begin ] --END-- [ RunTime:0.000448s ]
SQL: SHOW COLUMNS FROM `blog_photo` [ RunTime:0.0039s ]
SQL: SELECT COUNT(*) AS tp_count FROM `blog_photo` LIMIT 1   [ RunTime:0.0004s ]
SQL: SELECT * FROM `blog_photo` LIMIT 4,4   [ RunTime:0.0005s ]
INFO: [ view_parse ] --START--
INFO: [ template_filter ] --START--
INFO: Run Behavior\ContentReplaceBehavior [ RunTime:0.000066s ]
INFO: [ template_filter ] --END-- [ RunTime:0.000106s ]
INFO: Run Behavior\ParseTemplateBehavior [ RunTime:0.008314s ]
INFO: [ view_parse ] --END-- [ RunTime:0.008368s ]
INFO: [ view_filter ] --START--
INFO: Run Behavior\WriteHtmlCacheBehavior [ RunTime:0.000220s ]
INFO: [ view_filter ] --END-- [ RunTime:0.000250s ]
INFO: [ app_end ] --START--
INFO: Run Behavior\ShowPageTraceBehavior [ RunTime:0.000515s ]
INFO: [ app_end ] --END-- [ RunTime:0.000562s ]

[ 2018-08-18T23:03:49+08:00 ] 127.0.0.1 /blog/index.php/Home/Photo/index/p/1.html
INFO: [ app_init ] --START--
INFO: Run Behavior\BuildLiteBehavior [ RunTime:0.000010s ]
INFO: [ app_init ] --END-- [ RunTime:0.000290s ]
INFO: [ app_begin ] --START--
INFO: Run Behavior\ReadHtmlCacheBehavior [ RunTime:0.000621s ]
INFO: [ app_begin ] --END-- [ RunTime:0.000685s ]
SQL: SHOW COLUMNS FROM `blog_photo` [ RunTime:0.0037s ]
SQL: SELECT COUNT(*) AS tp_count FROM `blog_photo` LIMIT 1   [ RunTime:0.0003s ]
SQL: SELECT * FROM `blog_photo` LIMIT 0,4   [ RunTime:0.0003s ]
INFO: [ view_parse ] --START--
INFO: [ template_filter ] --START--
INFO: Run Behavior\ContentReplaceBehavior [ RunTime:0.000083s ]
INFO: [ template_filter ] --END-- [ RunTime:0.000133s ]
INFO: Run Behavior\ParseTemplateBehavior [ RunTime:0.006740s ]
INFO: [ view_parse ] --END-- [ RunTime:0.006777s ]
INFO: [ view_filter ] --START--
INFO: Run Behavior\WriteHtmlCacheBehavior [ RunTime:0.000234s ]
INFO: [ view_filter ] --END-- [ RunTime:0.000270s ]
INFO: [ app_end ] --START--
INFO: Run Behavior\ShowPageTraceBehavior [ RunTime:0.000512s ]
INFO: [ app_end ] --END-- [ RunTime:0.000559s ]

[ 2018-08-18T23:03:50+08:00 ] 127.0.0.1 /blog/index.php/Home/Photo/index/p/2.html
INFO: [ app_init ] --START--
INFO: Run Behavior\BuildLiteBehavior [ RunTime:0.000010s ]
INFO: [ app_init ] --END-- [ RunTime:0.000299s ]
INFO: [ app_begin ] --START--
INFO: Run Behavior\ReadHtmlCacheBehavior [ RunTime:0.000328s ]
INFO: [ app_begin ] --END-- [ RunTime:0.000360s ]
SQL: SHOW COLUMNS FROM `blog_photo` [ RunTime:0.0040s ]
SQL: SELECT COUNT(*) AS tp_count FROM `blog_photo` LIMIT 1   [ RunTime:0.0003s ]
SQL: SELECT * FROM `blog_photo` LIMIT 4,4   [ RunTime:0.0004s ]
INFO: [ view_parse ] --START--
INFO: [ template_filter ] --START--
INFO: Run Behavior\ContentReplaceBehavior [ RunTime:0.000066s ]
INFO: [ template_filter ] --END-- [ RunTime:0.000120s ]
INFO: Run Behavior\ParseTemplateBehavior [ RunTime:0.008267s ]
INFO: [ view_parse ] --END-- [ RunTime:0.008317s ]
INFO: [ view_filter ] --START--
INFO: Run Behavior\WriteHtmlCacheBehavior [ RunTime:0.000264s ]
INFO: [ view_filter ] --END-- [ RunTime:0.000292s ]
INFO: [ app_end ] --START--
INFO: Run Behavior\ShowPageTraceBehavior [ RunTime:0.000596s ]
INFO: [ app_end ] --END-- [ RunTime:0.000649s ]

[ 2018-08-18T23:03:51+08:00 ] 127.0.0.1 /blog/index.php/Home/Photo/index/p/1.html
INFO: [ app_init ] --START--
INFO: Run Behavior\BuildLiteBehavior [ RunTime:0.000009s ]
INFO: [ app_init ] --END-- [ RunTime:0.000249s ]
INFO: [ app_begin ] --START--
INFO: Run Behavior\ReadHtmlCacheBehavior [ RunTime:0.000302s ]
INFO: [ app_begin ] --END-- [ RunTime:0.000350s ]
SQL: SHOW COLUMNS FROM `blog_photo` [ RunTime:0.0036s ]
SQL: SELECT COUNT(*) AS tp_count FROM `blog_photo` LIMIT 1   [ RunTime:0.0003s ]
SQL: SELECT * FROM `blog_photo` LIMIT 0,4   [ RunTime:0.0004s ]
INFO: [ view_parse ] --START--
INFO: [ template_filter ] --START--
INFO: Run Behavior\ContentReplaceBehavior [ RunTime:0.000060s ]
INFO: [ template_filter ] --END-- [ RunTime:0.000105s ]
INFO: Run Behavior\ParseTemplateBehavior [ RunTime:0.006851s ]
INFO: [ view_parse ] --END-- [ RunTime:0.006901s ]
INFO: [ view_filter ] --START--
INFO: Run Behavior\WriteHtmlCacheBehavior [ RunTime:0.000304s ]
INFO: [ view_filter ] --END-- [ RunTime:0.000346s ]
INFO: [ app_end ] --START--
INFO: Run Behavior\ShowPageTraceBehavior [ RunTime:0.000676s ]
INFO: [ app_end ] --END-- [ RunTime:0.000740s ]

[ 2018-08-18T23:03:51+08:00 ] 127.0.0.1 /blog/index.php/Home/Photo/index/p/2.html
INFO: [ app_init ] --START--
INFO: Run Behavior\BuildLiteBehavior [ RunTime:0.000015s ]
INFO: [ app_init ] --END-- [ RunTime:0.000412s ]
INFO: [ app_begin ] --START--
INFO: Run Behavior\ReadHtmlCacheBehavior [ RunTime:0.000614s ]
INFO: [ app_begin ] --END-- [ RunTime:0.000703s ]
SQL: SHOW COLUMNS FROM `blog_photo` [ RunTime:0.0037s ]
SQL: SELECT COUNT(*) AS tp_count FROM `blog_photo` LIMIT 1   [ RunTime:0.0004s ]
SQL: SELECT * FROM `blog_photo` LIMIT 4,4   [ RunTime:0.0004s ]
INFO: [ view_parse ] --START--
INFO: [ template_filter ] --START--
INFO: Run Behavior\ContentReplaceBehavior [ RunTime:0.000098s ]
INFO: [ template_filter ] --END-- [ RunTime:0.000177s ]
INFO: Run Behavior\ParseTemplateBehavior [ RunTime:0.008587s ]
INFO: [ view_parse ] --END-- [ RunTime:0.008630s ]
INFO: [ view_filter ] --START--
INFO: Run Behavior\WriteHtmlCacheBehavior [ RunTime:0.000210s ]
INFO: [ view_filter ] --END-- [ RunTime:0.000237s ]
INFO: [ app_end ] --START--
INFO: Run Behavior\ShowPageTraceBehavior [ RunTime:0.000439s ]
INFO: [ app_end ] --END-- [ RunTime:0.000481s ]

[ 2018-08-18T23:03:52+08:00 ] 127.0.0.1 /blog/index.php/Home/Photo/index/p/1.html
INFO: [ app_init ] --START--
INFO: Run Behavior\BuildLiteBehavior [ RunTime:0.000011s ]
INFO: [ app_init ] --END-- [ RunTime:0.000259s ]
INFO: [ app_begin ] --START--
INFO: Run Behavior\ReadHtmlCacheBehavior [ RunTime:0.000400s ]
INFO: [ app_begin ] --END-- [ RunTime:0.000439s ]
SQL: SHOW COLUMNS FROM `blog_photo` [ RunTime:0.0036s ]
SQL: SELECT COUNT(*) AS tp_count FROM `blog_photo` LIMIT 1   [ RunTime:0.0003s ]
SQL: SELECT * FROM `blog_photo` LIMIT 0,4   [ RunTime:0.0003s ]
INFO: [ view_parse ] --START--
INFO: [ template_filter ] --START--
INFO: Run Behavior\ContentReplaceBehavior [ RunTime:0.000084s ]
INFO: [ template_filter ] --END-- [ RunTime:0.000134s ]
INFO: Run Behavior\ParseTemplateBehavior [ RunTime:0.008225s ]
INFO: [ view_parse ] --END-- [ RunTime:0.008263s ]
INFO: [ view_filter ] --START--
INFO: Run Behavior\WriteHtmlCacheBehavior [ RunTime:0.000240s ]
INFO: [ view_filter ] --END-- [ RunTime:0.000275s ]
INFO: [ app_end ] --START--
INFO: Run Behavior\ShowPageTraceBehavior [ RunTime:0.000478s ]
INFO: [ app_end ] --END-- [ RunTime:0.000521s ]

[ 2018-08-18T23:04:10+08:00 ] 127.0.0.1 /blog/index.php/Home/Photo/index/p/1.html
INFO: [ app_init ] --START--
INFO: Run Behavior\BuildLiteBehavior [ RunTime:0.000009s ]
INFO: [ app_init ] --END-- [ RunTime:0.000276s ]
INFO: [ app_begin ] --START--
INFO: Run Behavior\ReadHtmlCacheBehavior [ RunTime:0.000399s ]
INFO: [ app_begin ] --END-- [ RunTime:0.000438s ]
SQL: SHOW COLUMNS FROM `blog_photo` [ RunTime:0.0038s ]
SQL: SELECT COUNT(*) AS tp_count FROM `blog_photo` LIMIT 1   [ RunTime:0.0003s ]
SQL: SELECT * FROM `blog_photo` LIMIT 0,4   [ RunTime:0.0003s ]
INFO: [ view_parse ] --START--
INFO: [ template_filter ] --START--
INFO: Run Behavior\ContentReplaceBehavior [ RunTime:0.000062s ]
INFO: [ template_filter ] --END-- [ RunTime:0.000122s ]
INFO: Run Behavior\ParseTemplateBehavior [ RunTime:0.007219s ]
INFO: [ view_parse ] --END-- [ RunTime:0.007265s ]
INFO: [ view_filter ] --START--
INFO: Run Behavior\WriteHtmlCacheBehavior [ RunTime:0.000184s ]
INFO: [ view_filter ] --END-- [ RunTime:0.000209s ]
INFO: [ app_end ] --START--
INFO: Run Behavior\ShowPageTraceBehavior [ RunTime:0.000425s ]
INFO: [ app_end ] --END-- [ RunTime:0.000469s ]

[ 2018-08-18T23:04:21+08:00 ] 127.0.0.1 /blog/index.php/Home/Photo/index/p/1.html
INFO: [ app_init ] --START--
INFO: Run Behavior\BuildLiteBehavior [ RunTime:0.000021s ]
INFO: [ app_init ] --END-- [ RunTime:0.000622s ]
INFO: [ app_begin ] --START--
INFO: Run Behavior\ReadHtmlCacheBehavior [ RunTime:0.000377s ]
INFO: [ app_begin ] --END-- [ RunTime:0.000416s ]
SQL: SHOW COLUMNS FROM `blog_photo` [ RunTime:0.0035s ]
SQL: SELECT COUNT(*) AS tp_count FROM `blog_photo` LIMIT 1   [ RunTime:0.0004s ]
SQL: SELECT * FROM `blog_photo` LIMIT 0,8   [ RunTime:0.0004s ]
INFO: [ view_parse ] --START--
INFO: [ template_filter ] --START--
INFO: Run Behavior\ContentReplaceBehavior [ RunTime:0.000096s ]
INFO: [ template_filter ] --END-- [ RunTime:0.000156s ]
INFO: Run Behavior\ParseTemplateBehavior [ RunTime:0.008746s ]
INFO: [ view_parse ] --END-- [ RunTime:0.008793s ]
INFO: [ view_filter ] --START--
INFO: Run Behavior\WriteHtmlCacheBehavior [ RunTime:0.000197s ]
INFO: [ view_filter ] --END-- [ RunTime:0.000224s ]
INFO: [ app_end ] --START--
INFO: Run Behavior\ShowPageTraceBehavior [ RunTime:0.000493s ]
INFO: [ app_end ] --END-- [ RunTime:0.000536s ]

[ 2018-08-18T23:04:37+08:00 ] 127.0.0.1 /blog/index.php/home
INFO: [ app_init ] --START--
INFO: Run Behavior\BuildLiteBehavior [ RunTime:0.000013s ]
INFO: [ app_init ] --END-- [ RunTime:0.000374s ]
INFO: [ app_begin ] --START--
INFO: Run Behavior\ReadHtmlCacheBehavior [ RunTime:0.001384s ]
INFO: [ app_begin ] --END-- [ RunTime:0.001486s ]
SQL: SHOW COLUMNS FROM `blog_carousel` [ RunTime:0.0248s ]
SQL: SELECT * FROM `blog_carousel`  [ RunTime:0.0007s ]
SQL: SHOW COLUMNS FROM `blog_article` [ RunTime:0.0054s ]
SQL: SELECT COUNT(*) AS tp_count FROM `blog_article` LIMIT 1   [ RunTime:0.0004s ]
SQL: SELECT * FROM `blog_article` ORDER BY time desc LIMIT 0,5   [ RunTime:0.0005s ]
SQL: SHOW COLUMNS FROM `blog_link` [ RunTime:0.0047s ]
SQL: SELECT * FROM `blog_link` ORDER BY sort desc  [ RunTime:0.0010s ]
SQL: SELECT `id`,`title` FROM `blog_article` ORDER BY rand() LIMIT 5   [ RunTime:0.0008s ]
INFO: [ view_parse ] --START--
INFO: [ template_filter ] --START--
INFO: Run Behavior\ContentReplaceBehavior [ RunTime:0.000136s ]
INFO: [ template_filter ] --END-- [ RunTime:0.000198s ]
NOTIC: [8] Undefined variable: ismobile D:\PHPstudy\WWW\blog\Application\Runtime\Cache\Home\2a94b8bda04ff446dcedd42276fc99ee.php 第 114 行.
NOTIC: [8] Undefined variable: ismobile D:\PHPstudy\WWW\blog\Application\Runtime\Cache\Home\2a94b8bda04ff446dcedd42276fc99ee.php 第 145 行.
INFO: Run Behavior\ParseTemplateBehavior [ RunTime:0.015960s ]
INFO: [ view_parse ] --END-- [ RunTime:0.016022s ]
INFO: [ view_filter ] --START--
INFO: Run Behavior\WriteHtmlCacheBehavior [ RunTime:0.000418s ]
INFO: [ view_filter ] --END-- [ RunTime:0.000468s ]
INFO: [ app_end ] --START--
INFO: Run Behavior\ShowPageTraceBehavior [ RunTime:0.000615s ]
INFO: [ app_end ] --END-- [ RunTime:0.000674s ]

[ 2018-08-18T23:04:42+08:00 ] 127.0.0.1 /blog/index.php/Home/Photo/index.html
INFO: [ app_init ] --START--
INFO: Run Behavior\BuildLiteBehavior [ RunTime:0.000012s ]
INFO: [ app_init ] --END-- [ RunTime:0.000317s ]
INFO: [ app_begin ] --START--
INFO: Run Behavior\ReadHtmlCacheBehavior [ RunTime:0.000408s ]
INFO: [ app_begin ] --END-- [ RunTime:0.000451s ]
SQL: SHOW COLUMNS FROM `blog_photo` [ RunTime:0.0039s ]
SQL: SELECT COUNT(*) AS tp_count FROM `blog_photo` LIMIT 1   [ RunTime:0.0004s ]
SQL: SELECT * FROM `blog_photo` LIMIT 0,8   [ RunTime:0.0010s ]
INFO: [ view_parse ] --START--
INFO: [ template_filter ] --START--
INFO: Run Behavior\ContentReplaceBehavior [ RunTime:0.000059s ]
INFO: [ template_filter ] --END-- [ RunTime:0.000098s ]
INFO: Run Behavior\ParseTemplateBehavior [ RunTime:0.007526s ]
INFO: [ view_parse ] --END-- [ RunTime:0.007612s ]
INFO: [ view_filter ] --START--
INFO: Run Behavior\WriteHtmlCacheBehavior [ RunTime:0.000183s ]
INFO: [ view_filter ] --END-- [ RunTime:0.000209s ]
INFO: [ app_end ] --START--
INFO: Run Behavior\ShowPageTraceBehavior [ RunTime:0.000374s ]
INFO: [ app_end ] --END-- [ RunTime:0.000413s ]

[ 2018-08-18T23:04:55+08:00 ] 127.0.0.1 /blog/index.php/Home/Article/index.html
INFO: [ app_init ] --START--
INFO: Run Behavior\BuildLiteBehavior [ RunTime:0.000009s ]
INFO: [ app_init ] --END-- [ RunTime:0.000248s ]
INFO: [ app_begin ] --START--
INFO: Run Behavior\ReadHtmlCacheBehavior [ RunTime:0.000299s ]
INFO: [ app_begin ] --END-- [ RunTime:0.000331s ]
SQL: SHOW COLUMNS FROM `blog_link` [ RunTime:0.0044s ]
SQL: SELECT * FROM `blog_link` ORDER BY sort desc  [ RunTime:0.0004s ]
SQL: SHOW COLUMNS FROM `blog_article` [ RunTime:0.0072s ]
SQL: SELECT COUNT(*) AS tp_count FROM `blog_article` LIMIT 1   [ RunTime:0.0006s ]
SQL: SELECT * FROM `blog_article` WHERE `cate` = '留言板' LIMIT 0,5   [ RunTime:0.0004s ]
SQL: SELECT `id`,`title` FROM `blog_article` ORDER BY rand() LIMIT 5   [ RunTime:0.0004s ]
INFO: [ view_parse ] --START--
INFO: [ template_filter ] --START--
INFO: Run Behavior\ContentReplaceBehavior [ RunTime:0.000085s ]
INFO: [ template_filter ] --END-- [ RunTime:0.000122s ]
NOTIC: [8] Undefined variable: ismobile D:\PHPstudy\WWW\blog\Application\Runtime\Cache\Home\2ac6c1276904b87404ed678dbabb985c.php 第 83 行.
NOTIC: [8] Undefined variable: ismobile D:\PHPstudy\WWW\blog\Application\Runtime\Cache\Home\2ac6c1276904b87404ed678dbabb985c.php 第 100 行.
INFO: Run Behavior\ParseTemplateBehavior [ RunTime:0.008273s ]
INFO: [ view_parse ] --END-- [ RunTime:0.008305s ]
INFO: [ view_filter ] --START--
INFO: Run Behavior\WriteHtmlCacheBehavior [ RunTime:0.000170s ]
INFO: [ view_filter ] --END-- [ RunTime:0.000192s ]
INFO: [ app_end ] --START--
INFO: Run Behavior\ShowPageTraceBehavior [ RunTime:0.000358s ]
INFO: [ app_end ] --END-- [ RunTime:0.000386s ]

[ 2018-08-18T23:05:06+08:00 ] 127.0.0.1 /blog/index.php/Home/Photo/index.html
INFO: [ app_init ] --START--
INFO: Run Behavior\BuildLiteBehavior [ RunTime:0.000009s ]
INFO: [ app_init ] --END-- [ RunTime:0.000271s ]
INFO: [ app_begin ] --START--
INFO: Run Behavior\ReadHtmlCacheBehavior [ RunTime:0.000332s ]
INFO: [ app_begin ] --END-- [ RunTime:0.000365s ]
SQL: SHOW COLUMNS FROM `blog_photo` [ RunTime:0.0045s ]
SQL: SELECT COUNT(*) AS tp_count FROM `blog_photo` LIMIT 1   [ RunTime:0.0005s ]
SQL: SELECT * FROM `blog_photo` LIMIT 0,8   [ RunTime:0.0006s ]
INFO: [ view_parse ] --START--
INFO: [ template_filter ] --START--
INFO: Run Behavior\ContentReplaceBehavior [ RunTime:0.000096s ]
INFO: [ template_filter ] --END-- [ RunTime:0.000163s ]
INFO: Run Behavior\ParseTemplateBehavior [ RunTime:0.009778s ]
INFO: [ view_parse ] --END-- [ RunTime:0.009846s ]
INFO: [ view_filter ] --START--
INFO: Run Behavior\WriteHtmlCacheBehavior [ RunTime:0.000294s ]
INFO: [ view_filter ] --END-- [ RunTime:0.000335s ]
INFO: [ app_end ] --START--
INFO: Run Behavior\ShowPageTraceBehavior [ RunTime:0.000544s ]
INFO: [ app_end ] --END-- [ RunTime:0.000592s ]

[ 2018-08-18T23:05:13+08:00 ] 127.0.0.1 /blog/index.php/Home/Index/index.html
INFO: [ app_init ] --START--
INFO: Run Behavior\BuildLiteBehavior [ RunTime:0.000011s ]
INFO: [ app_init ] --END-- [ RunTime:0.000349s ]
INFO: [ app_begin ] --START--
INFO: Run Behavior\ReadHtmlCacheBehavior [ RunTime:0.000360s ]
INFO: [ app_begin ] --END-- [ RunTime:0.000395s ]
SQL: SHOW COLUMNS FROM `blog_carousel` [ RunTime:0.0042s ]
SQL: SELECT * FROM `blog_carousel`  [ RunTime:0.0005s ]
SQL: SHOW COLUMNS FROM `blog_article` [ RunTime:0.0072s ]
SQL: SELECT COUNT(*) AS tp_count FROM `blog_article` LIMIT 1   [ RunTime:0.0003s ]
SQL: SELECT * FROM `blog_article` ORDER BY time desc LIMIT 0,5   [ RunTime:0.0004s ]
SQL: SHOW COLUMNS FROM `blog_link` [ RunTime:0.0058s ]
SQL: SELECT * FROM `blog_link` ORDER BY sort desc  [ RunTime:0.0005s ]
SQL: SELECT `id`,`title` FROM `blog_article` ORDER BY rand() LIMIT 5   [ RunTime:0.0005s ]
INFO: [ view_parse ] --START--
INFO: [ template_filter ] --START--
INFO: Run Behavior\ContentReplaceBehavior [ RunTime:0.000083s ]
INFO: [ template_filter ] --END-- [ RunTime:0.000123s ]
NOTIC: [8] Undefined variable: ismobile D:\PHPstudy\WWW\blog\Application\Runtime\Cache\Home\2a94b8bda04ff446dcedd42276fc99ee.php 第 114 行.
NOTIC: [8] Undefined variable: ismobile D:\PHPstudy\WWW\blog\Application\Runtime\Cache\Home\2a94b8bda04ff446dcedd42276fc99ee.php 第 145 行.
INFO: Run Behavior\ParseTemplateBehavior [ RunTime:0.011258s ]
INFO: [ view_parse ] --END-- [ RunTime:0.011311s ]
INFO: [ view_filter ] --START--
INFO: Run Behavior\WriteHtmlCacheBehavior [ RunTime:0.000218s ]
INFO: [ view_filter ] --END-- [ RunTime:0.000254s ]
INFO: [ app_end ] --START--
INFO: Run Behavior\ShowPageTraceBehavior [ RunTime:0.000381s ]
INFO: [ app_end ] --END-- [ RunTime:0.000417s ]

[ 2018-08-18T23:05:17+08:00 ] 127.0.0.1 /blog/index.php/Home/Comment/index.html
INFO: [ app_init ] --START--
INFO: Run Behavior\BuildLiteBehavior [ RunTime:0.000009s ]
INFO: [ app_init ] --END-- [ RunTime:0.000245s ]
INFO: [ app_begin ] --START--
INFO: Run Behavior\ReadHtmlCacheBehavior [ RunTime:0.000303s ]
INFO: [ app_begin ] --END-- [ RunTime:0.000335s ]
SQL: SHOW COLUMNS FROM `blog_link` [ RunTime:0.0041s ]
SQL: SELECT * FROM `blog_link` ORDER BY sort desc  [ RunTime:0.0004s ]
SQL: SHOW COLUMNS FROM `blog_article` [ RunTime:0.0068s ]
SQL: SELECT `id`,`title` FROM `blog_article` ORDER BY rand() LIMIT 5   [ RunTime:0.0010s ]
SQL: SHOW COLUMNS FROM `blog_comment` [ RunTime:0.0050s ]
SQL: SELECT * FROM `blog_comment`  [ RunTime:0.0004s ]
INFO: [ view_parse ] --START--
INFO: [ template_filter ] --START--
INFO: Run Behavior\ContentReplaceBehavior [ RunTime:0.000074s ]
INFO: [ template_filter ] --END-- [ RunTime:0.000121s ]
NOTIC: [8] Use of undefined constant data - assumed 'data' D:\PHPstudy\WWW\blog\Application\Runtime\Cache\Home\9bada13f8d65fe468b3b3610ce95bf98.php 第 71 行.
NOTIC: [8] Undefined variable: ismobile D:\PHPstudy\WWW\blog\Application\Runtime\Cache\Home\9bada13f8d65fe468b3b3610ce95bf98.php 第 112 行.
INFO: Run Behavior\ParseTemplateBehavior [ RunTime:0.008150s ]
INFO: [ view_parse ] --END-- [ RunTime:0.008196s ]
INFO: [ view_filter ] --START--
INFO: Run Behavior\WriteHtmlCacheBehavior [ RunTime:0.000192s ]
INFO: [ view_filter ] --END-- [ RunTime:0.000225s ]
INFO: [ app_end ] --START--
INFO: Run Behavior\ShowPageTraceBehavior [ RunTime:0.000486s ]
INFO: [ app_end ] --END-- [ RunTime:0.000533s ]

[ 2018-08-18T23:05:30+08:00 ] 127.0.0.1 /blog/index.php/Home/Photo/index.html
INFO: [ app_init ] --START--
INFO: Run Behavior\BuildLiteBehavior [ RunTime:0.000010s ]
INFO: [ app_init ] --END-- [ RunTime:0.000289s ]
INFO: [ app_begin ] --START--
INFO: Run Behavior\ReadHtmlCacheBehavior [ RunTime:0.000323s ]
INFO: [ app_begin ] --END-- [ RunTime:0.000357s ]
SQL: SHOW COLUMNS FROM `blog_photo` [ RunTime:0.0045s ]
SQL: SELECT COUNT(*) AS tp_count FROM `blog_photo` LIMIT 1   [ RunTime:0.0004s ]
SQL: SELECT * FROM `blog_photo` LIMIT 0,8   [ RunTime:0.0004s ]
INFO: [ view_parse ] --START--
INFO: [ template_filter ] --START--
INFO: Run Behavior\ContentReplaceBehavior [ RunTime:0.000094s ]
INFO: [ template_filter ] --END-- [ RunTime:0.000153s ]
INFO: Run Behavior\ParseTemplateBehavior [ RunTime:0.008088s ]
INFO: [ view_parse ] --END-- [ RunTime:0.008151s ]
INFO: [ view_filter ] --START--
INFO: Run Behavior\WriteHtmlCacheBehavior [ RunTime:0.000305s ]
INFO: [ view_filter ] --END-- [ RunTime:0.000349s ]
INFO: [ app_end ] --START--
INFO: Run Behavior\ShowPageTraceBehavior [ RunTime:0.000571s ]
INFO: [ app_end ] --END-- [ RunTime:0.000624s ]

[ 2018-08-18T23:05:30+08:00 ] 127.0.0.1 /blog/index.php/Home/Article/index.html
INFO: [ app_init ] --START--
INFO: Run Behavior\BuildLiteBehavior [ RunTime:0.000012s ]
INFO: [ app_init ] --END-- [ RunTime:0.000352s ]
INFO: [ app_begin ] --START--
INFO: Run Behavior\ReadHtmlCacheBehavior [ RunTime:0.000549s ]
INFO: [ app_begin ] --END-- [ RunTime:0.000637s ]
SQL: SHOW COLUMNS FROM `blog_link` [ RunTime:0.0039s ]
SQL: SELECT * FROM `blog_link` ORDER BY sort desc  [ RunTime:0.0005s ]
SQL: SHOW COLUMNS FROM `blog_article` [ RunTime:0.0077s ]
SQL: SELECT COUNT(*) AS tp_count FROM `blog_article` LIMIT 1   [ RunTime:0.0003s ]
SQL: SELECT * FROM `blog_article` WHERE `cate` = '留言板' LIMIT 0,5   [ RunTime:0.0004s ]
SQL: SELECT `id`,`title` FROM `blog_article` ORDER BY rand() LIMIT 5   [ RunTime:0.0005s ]
INFO: [ view_parse ] --START--
INFO: [ template_filter ] --START--
INFO: Run Behavior\ContentReplaceBehavior [ RunTime:0.000075s ]
INFO: [ template_filter ] --END-- [ RunTime:0.000112s ]
NOTIC: [8] Undefined variable: ismobile D:\PHPstudy\WWW\blog\Application\Runtime\Cache\Home\2ac6c1276904b87404ed678dbabb985c.php 第 83 行.
NOTIC: [8] Undefined variable: ismobile D:\PHPstudy\WWW\blog\Application\Runtime\Cache\Home\2ac6c1276904b87404ed678dbabb985c.php 第 100 行.
INFO: Run Behavior\ParseTemplateBehavior [ RunTime:0.010426s ]
INFO: [ view_parse ] --END-- [ RunTime:0.010476s ]
INFO: [ view_filter ] --START--
INFO: Run Behavior\WriteHtmlCacheBehavior [ RunTime:0.000252s ]
INFO: [ view_filter ] --END-- [ RunTime:0.000291s ]
INFO: [ app_end ] --START--
INFO: Run Behavior\ShowPageTraceBehavior [ RunTime:0.000575s ]
INFO: [ app_end ] --END-- [ RunTime:0.000629s ]

[ 2018-08-18T23:05:31+08:00 ] 127.0.0.1 /blog/index.php/Home/Index/index.html
INFO: [ app_init ] --START--
INFO: Run Behavior\BuildLiteBehavior [ RunTime:0.000015s ]
INFO: [ app_init ] --END-- [ RunTime:0.000425s ]
INFO: [ app_begin ] --START--
INFO: Run Behavior\ReadHtmlCacheBehavior [ RunTime:0.000510s ]
INFO: [ app_begin ] --END-- [ RunTime:0.000566s ]
SQL: SHOW COLUMNS FROM `blog_carousel` [ RunTime:0.0235s ]
SQL: SELECT * FROM `blog_carousel`  [ RunTime:0.0004s ]
SQL: SHOW COLUMNS FROM `blog_article` [ RunTime:0.0045s ]
SQL: SELECT COUNT(*) AS tp_count FROM `blog_article` LIMIT 1   [ RunTime:0.0003s ]
SQL: SELECT * FROM `blog_article` ORDER BY time desc LIMIT 0,5   [ RunTime:0.0004s ]
SQL: SHOW COLUMNS FROM `blog_link` [ RunTime:0.0039s ]
SQL: SELECT * FROM `blog_link` ORDER BY sort desc  [ RunTime:0.0003s ]
SQL: SELECT `id`,`title` FROM `blog_article` ORDER BY rand() LIMIT 5   [ RunTime:0.0004s ]
INFO: [ view_parse ] --START--
INFO: [ template_filter ] --START--
INFO: Run Behavior\ContentReplaceBehavior [ RunTime:0.000085s ]
INFO: [ template_filter ] --END-- [ RunTime:0.000128s ]
NOTIC: [8] Undefined variable: ismobile D:\PHPstudy\WWW\blog\Application\Runtime\Cache\Home\2a94b8bda04ff446dcedd42276fc99ee.php 第 114 行.
NOTIC: [8] Undefined variable: ismobile D:\PHPstudy\WWW\blog\Application\Runtime\Cache\Home\2a94b8bda04ff446dcedd42276fc99ee.php 第 145 行.
INFO: Run Behavior\ParseTemplateBehavior [ RunTime:0.012132s ]
INFO: [ view_parse ] --END-- [ RunTime:0.012175s ]
INFO: [ view_filter ] --START--
INFO: Run Behavior\WriteHtmlCacheBehavior [ RunTime:0.000218s ]
INFO: [ view_filter ] --END-- [ RunTime:0.000244s ]
INFO: [ app_end ] --START--
INFO: Run Behavior\ShowPageTraceBehavior [ RunTime:0.000529s ]
INFO: [ app_end ] --END-- [ RunTime:0.000577s ]

