[ 2018-08-06T14:07:02+08:00 ] 127.0.0.1 /blog/index.php/home
INFO: [ app_init ] --START--
INFO: Run Behavior\BuildLiteBehavior [ RunTime:0.000010s ]
INFO: [ app_init ] --END-- [ RunTime:0.000324s ]
INFO: [ app_begin ] --START--
INFO: Run Behavior\ReadHtmlCacheBehavior [ RunTime:0.000359s ]
INFO: [ app_begin ] --END-- [ RunTime:0.000393s ]
SQL: SHOW COLUMNS FROM `blog_carousel` [ RunTime:0.1005s ]
SQL: SELECT * FROM `blog_carousel`  [ RunTime:0.0004s ]
SQL: SHOW COLUMNS FROM `blog_article` [ RunTime:0.0324s ]
SQL: SELECT COUNT(*) AS tp_count FROM `blog_article` LIMIT 1   [ RunTime:0.0004s ]
SQL: SELECT * FROM `blog_article` ORDER BY time desc LIMIT 0,5   [ RunTime:0.0007s ]
SQL: SHOW COLUMNS FROM `blog_link` [ RunTime:0.0289s ]
SQL: SELECT * FROM `blog_link` ORDER BY sort desc  [ RunTime:0.0004s ]
INFO: [ view_parse ] --START--
INFO: [ template_filter ] --START--
INFO: Run Behavior\ContentReplaceBehavior [ RunTime:0.000100s ]
INFO: [ template_filter ] --END-- [ RunTime:0.000144s ]
NOTIC: [8] Undefined variable: ismobile D:\PHPstudy\WWW\blog\Application\Runtime\Cache\Home\2a94b8bda04ff446dcedd42276fc99ee.php 第 114 行.
NOTIC: [8] Undefined variable: ismobile D:\PHPstudy\WWW\blog\Application\Runtime\Cache\Home\2a94b8bda04ff446dcedd42276fc99ee.php 第 145 行.
INFO: Run Behavior\ParseTemplateBehavior [ RunTime:0.052664s ]
INFO: [ view_parse ] --END-- [ RunTime:0.052698s ]
INFO: [ view_filter ] --START--
INFO: Run Behavior\WriteHtmlCacheBehavior [ RunTime:0.000257s ]
INFO: [ view_filter ] --END-- [ RunTime:0.000279s ]
INFO: [ app_end ] --START--
INFO: Run Behavior\ShowPageTraceBehavior [ RunTime:0.000421s ]
INFO: [ app_end ] --END-- [ RunTime:0.000466s ]

[ 2018-08-06T14:07:12+08:00 ] 127.0.0.1 /blog/index.php/Home/Base/search_list.html
INFO: [ app_init ] --START--
INFO: Run Behavior\BuildLiteBehavior [ RunTime:0.000014s ]
INFO: [ app_init ] --END-- [ RunTime:0.000418s ]
INFO: [ app_begin ] --START--
INFO: Run Behavior\ReadHtmlCacheBehavior [ RunTime:0.000530s ]
INFO: [ app_begin ] --END-- [ RunTime:0.000590s ]
SQL: SHOW COLUMNS FROM `blog_article` [ RunTime:0.0061s ]
SQL: SELECT * FROM `blog_article` WHERE `title` LIKE '%1%'  [ RunTime:0.0006s ]
INFO: [ view_parse ] --START--
INFO: [ template_filter ] --START--
INFO: Run Behavior\ContentReplaceBehavior [ RunTime:0.000246s ]
INFO: [ template_filter ] --END-- [ RunTime:0.000351s ]
NOTIC: [8] Undefined variable: data D:\PHPstudy\WWW\blog\Application\Runtime\Cache\Home\2b1808d3214488fc45e3d52bb8cac625.php 第 71 行.
NOTIC: [8] Undefined variable: ismobile D:\PHPstudy\WWW\blog\Application\Runtime\Cache\Home\2b1808d3214488fc45e3d52bb8cac625.php 第 83 行.
NOTIC: [8] Undefined variable: page D:\PHPstudy\WWW\blog\Application\Runtime\Cache\Home\2b1808d3214488fc45e3d52bb8cac625.php 第 84 行.
NOTIC: [8] Undefined variable: ismobile D:\PHPstudy\WWW\blog\Application\Runtime\Cache\Home\2b1808d3214488fc45e3d52bb8cac625.php 第 100 行.
NOTIC: [8] Undefined variable: link D:\PHPstudy\WWW\blog\Application\Runtime\Cache\Home\2b1808d3214488fc45e3d52bb8cac625.php 第 130 行.
NOTIC: [8] Undefined variable: ip D:\PHPstudy\WWW\blog\Application\Runtime\Cache\Home\2b1808d3214488fc45e3d52bb8cac625.php 第 216 行.
INFO: Run Behavior\ParseTemplateBehavior [ RunTime:0.022407s ]
INFO: [ view_parse ] --END-- [ RunTime:0.022460s ]
INFO: [ view_filter ] --START--
INFO: Run Behavior\WriteHtmlCacheBehavior [ RunTime:0.000433s ]
INFO: [ view_filter ] --END-- [ RunTime:0.000478s ]
INFO: [ app_end ] --START--
INFO: Run Behavior\ShowPageTraceBehavior [ RunTime:0.000538s ]
INFO: [ app_end ] --END-- [ RunTime:0.000587s ]

[ 2018-08-06T14:10:15+08:00 ] 127.0.0.1 /blog/index.php/home
INFO: [ app_init ] --START--
INFO: Run Behavior\BuildLiteBehavior [ RunTime:0.000015s ]
INFO: [ app_init ] --END-- [ RunTime:0.000363s ]
INFO: [ app_begin ] --START--
INFO: Run Behavior\ReadHtmlCacheBehavior [ RunTime:0.000556s ]
INFO: [ app_begin ] --END-- [ RunTime:0.000625s ]
SQL: SHOW COLUMNS FROM `blog_carousel` [ RunTime:0.0050s ]
SQL: SELECT * FROM `blog_carousel`  [ RunTime:0.0005s ]
SQL: SHOW COLUMNS FROM `blog_article` [ RunTime:0.0051s ]
SQL: SELECT COUNT(*) AS tp_count FROM `blog_article` LIMIT 1   [ RunTime:0.0003s ]
SQL: SELECT * FROM `blog_article` ORDER BY time desc LIMIT 0,5   [ RunTime:0.0004s ]
SQL: SHOW COLUMNS FROM `blog_link` [ RunTime:0.0038s ]
SQL: SELECT * FROM `blog_link` ORDER BY sort desc  [ RunTime:0.0004s ]
INFO: [ view_parse ] --START--
INFO: [ template_filter ] --START--
INFO: Run Behavior\ContentReplaceBehavior [ RunTime:0.000126s ]
INFO: [ template_filter ] --END-- [ RunTime:0.000189s ]
NOTIC: [8] Undefined variable: ismobile D:\PHPstudy\WWW\blog\Application\Runtime\Cache\Home\2a94b8bda04ff446dcedd42276fc99ee.php 第 114 行.
NOTIC: [8] Undefined variable: ismobile D:\PHPstudy\WWW\blog\Application\Runtime\Cache\Home\2a94b8bda04ff446dcedd42276fc99ee.php 第 145 行.
INFO: Run Behavior\ParseTemplateBehavior [ RunTime:0.013140s ]
INFO: [ view_parse ] --END-- [ RunTime:0.013188s ]
INFO: [ view_filter ] --START--
INFO: Run Behavior\WriteHtmlCacheBehavior [ RunTime:0.000351s ]
INFO: [ view_filter ] --END-- [ RunTime:0.000391s ]
INFO: [ app_end ] --START--
INFO: Run Behavior\ShowPageTraceBehavior [ RunTime:0.000576s ]
INFO: [ app_end ] --END-- [ RunTime:0.000620s ]

[ 2018-08-06T14:10:19+08:00 ] 127.0.0.1 /blog/index.php/Home/Base/search_list.html
INFO: [ app_init ] --START--
INFO: Run Behavior\BuildLiteBehavior [ RunTime:0.000009s ]
INFO: [ app_init ] --END-- [ RunTime:0.000247s ]
INFO: [ app_begin ] --START--
INFO: Run Behavior\ReadHtmlCacheBehavior [ RunTime:0.000317s ]
INFO: [ app_begin ] --END-- [ RunTime:0.000349s ]
SQL: SHOW COLUMNS FROM `blog_article` [ RunTime:0.0040s ]
SQL: SELECT COUNT(*) AS tp_count FROM `blog_article` LIMIT 1   [ RunTime:0.0003s ]
SQL: SELECT * FROM `blog_article` WHERE `title` LIKE '%1%' LIMIT 0,5   [ RunTime:0.0004s ]
INFO: [ view_parse ] --START--
INFO: [ template_filter ] --START--
INFO: Run Behavior\ContentReplaceBehavior [ RunTime:0.000073s ]
INFO: [ template_filter ] --END-- [ RunTime:0.000112s ]
NOTIC: [8] Undefined variable: data D:\PHPstudy\WWW\blog\Application\Runtime\Cache\Home\2b1808d3214488fc45e3d52bb8cac625.php 第 71 行.
NOTIC: [8] Undefined variable: ismobile D:\PHPstudy\WWW\blog\Application\Runtime\Cache\Home\2b1808d3214488fc45e3d52bb8cac625.php 第 83 行.
NOTIC: [8] Undefined variable: ismobile D:\PHPstudy\WWW\blog\Application\Runtime\Cache\Home\2b1808d3214488fc45e3d52bb8cac625.php 第 100 行.
NOTIC: [8] Undefined variable: link D:\PHPstudy\WWW\blog\Application\Runtime\Cache\Home\2b1808d3214488fc45e3d52bb8cac625.php 第 130 行.
NOTIC: [8] Undefined variable: ip D:\PHPstudy\WWW\blog\Application\Runtime\Cache\Home\2b1808d3214488fc45e3d52bb8cac625.php 第 216 行.
INFO: Run Behavior\ParseTemplateBehavior [ RunTime:0.007974s ]
INFO: [ view_parse ] --END-- [ RunTime:0.008016s ]
INFO: [ view_filter ] --START--
INFO: Run Behavior\WriteHtmlCacheBehavior [ RunTime:0.000581s ]
INFO: [ view_filter ] --END-- [ RunTime:0.000704s ]
INFO: [ app_end ] --START--
INFO: Run Behavior\ShowPageTraceBehavior [ RunTime:0.000683s ]
INFO: [ app_end ] --END-- [ RunTime:0.000782s ]

[ 2018-08-06T14:11:09+08:00 ] 127.0.0.1 /blog/index.php/Home/Base/search_list.html
INFO: [ app_init ] --START--
INFO: Run Behavior\BuildLiteBehavior [ RunTime:0.000016s ]
INFO: [ app_init ] --END-- [ RunTime:0.000397s ]
INFO: [ app_begin ] --START--
INFO: Run Behavior\ReadHtmlCacheBehavior [ RunTime:0.000330s ]
INFO: [ app_begin ] --END-- [ RunTime:0.000369s ]
SQL: SHOW COLUMNS FROM `blog_article` [ RunTime:0.0039s ]
SQL: SELECT COUNT(*) AS tp_count FROM `blog_article` LIMIT 1   [ RunTime:0.0003s ]
SQL: SELECT * FROM `blog_article` WHERE `title` LIKE '%1%' LIMIT 0,5   [ RunTime:0.0004s ]
INFO: [ view_parse ] --START--
INFO: [ template_filter ] --START--
INFO: Run Behavior\ContentReplaceBehavior [ RunTime:0.000152s ]
INFO: [ template_filter ] --END-- [ RunTime:0.000236s ]
NOTIC: [8] Undefined variable: data D:\PHPstudy\WWW\blog\Application\Runtime\Cache\Home\2b1808d3214488fc45e3d52bb8cac625.php 第 71 行.
NOTIC: [8] Undefined variable: data D:\PHPstudy\WWW\blog\Application\Runtime\Cache\Home\2b1808d3214488fc45e3d52bb8cac625.php 第 83 行.
NOTIC: [8] Undefined variable: ismobile D:\PHPstudy\WWW\blog\Application\Runtime\Cache\Home\2b1808d3214488fc45e3d52bb8cac625.php 第 100 行.
NOTIC: [8] Undefined variable: link D:\PHPstudy\WWW\blog\Application\Runtime\Cache\Home\2b1808d3214488fc45e3d52bb8cac625.php 第 130 行.
NOTIC: [8] Undefined variable: ip D:\PHPstudy\WWW\blog\Application\Runtime\Cache\Home\2b1808d3214488fc45e3d52bb8cac625.php 第 216 行.
INFO: Run Behavior\ParseTemplateBehavior [ RunTime:0.009546s ]
INFO: [ view_parse ] --END-- [ RunTime:0.009590s ]
INFO: [ view_filter ] --START--
INFO: Run Behavior\WriteHtmlCacheBehavior [ RunTime:0.000184s ]
INFO: [ view_filter ] --END-- [ RunTime:0.000209s ]
INFO: [ app_end ] --START--
INFO: Run Behavior\ShowPageTraceBehavior [ RunTime:0.000359s ]
INFO: [ app_end ] --END-- [ RunTime:0.000394s ]

[ 2018-08-06T14:11:24+08:00 ] 127.0.0.1 /blog/index.php/Home/Base/search_list.html
INFO: [ app_init ] --START--
INFO: Run Behavior\BuildLiteBehavior [ RunTime:0.000012s ]
INFO: [ app_init ] --END-- [ RunTime:0.000286s ]
INFO: [ app_begin ] --START--
INFO: Run Behavior\ReadHtmlCacheBehavior [ RunTime:0.000441s ]
INFO: [ app_begin ] --END-- [ RunTime:0.000490s ]
SQL: SHOW COLUMNS FROM `blog_article` [ RunTime:0.0041s ]
SQL: SELECT COUNT(*) AS tp_count FROM `blog_article` LIMIT 1   [ RunTime:0.0003s ]
SQL: SELECT * FROM `blog_article` WHERE `title` LIKE '%1%' LIMIT 0,5   [ RunTime:0.0004s ]
INFO: [ view_parse ] --START--
INFO: [ template_filter ] --START--
INFO: Run Behavior\ContentReplaceBehavior [ RunTime:0.000073s ]
INFO: [ template_filter ] --END-- [ RunTime:0.000113s ]
NOTIC: [8] Undefined variable: ismobile D:\PHPstudy\WWW\blog\Application\Runtime\Cache\Home\2b1808d3214488fc45e3d52bb8cac625.php 第 100 行.
NOTIC: [8] Undefined variable: link D:\PHPstudy\WWW\blog\Application\Runtime\Cache\Home\2b1808d3214488fc45e3d52bb8cac625.php 第 130 行.
NOTIC: [8] Undefined variable: ip D:\PHPstudy\WWW\blog\Application\Runtime\Cache\Home\2b1808d3214488fc45e3d52bb8cac625.php 第 216 行.
INFO: Run Behavior\ParseTemplateBehavior [ RunTime:0.008561s ]
INFO: [ view_parse ] --END-- [ RunTime:0.008598s ]
INFO: [ view_filter ] --START--
INFO: Run Behavior\WriteHtmlCacheBehavior [ RunTime:0.000188s ]
INFO: [ view_filter ] --END-- [ RunTime:0.000212s ]
INFO: [ app_end ] --START--
INFO: Run Behavior\ShowPageTraceBehavior [ RunTime:0.000402s ]
INFO: [ app_end ] --END-- [ RunTime:0.000437s ]

[ 2018-08-06T14:11:46+08:00 ] 127.0.0.1 /blog/index.php/Home/Base/search_list.html
INFO: [ app_init ] --START--
INFO: Run Behavior\BuildLiteBehavior [ RunTime:0.000013s ]
INFO: [ app_init ] --END-- [ RunTime:0.000294s ]
INFO: [ app_begin ] --START--
INFO: Run Behavior\ReadHtmlCacheBehavior [ RunTime:0.000416s ]
INFO: [ app_begin ] --END-- [ RunTime:0.000464s ]
SQL: SHOW COLUMNS FROM `blog_article` [ RunTime:0.0052s ]
SQL: SELECT COUNT(*) AS tp_count FROM `blog_article` LIMIT 1   [ RunTime:0.0003s ]
SQL: SELECT * FROM `blog_article` WHERE `title` LIKE '%1%' LIMIT 0,1   [ RunTime:0.0004s ]
INFO: [ view_parse ] --START--
INFO: [ template_filter ] --START--
INFO: Run Behavior\ContentReplaceBehavior [ RunTime:0.000108s ]
INFO: [ template_filter ] --END-- [ RunTime:0.000159s ]
NOTIC: [8] Undefined variable: ismobile D:\PHPstudy\WWW\blog\Application\Runtime\Cache\Home\2b1808d3214488fc45e3d52bb8cac625.php 第 100 行.
NOTIC: [8] Undefined variable: link D:\PHPstudy\WWW\blog\Application\Runtime\Cache\Home\2b1808d3214488fc45e3d52bb8cac625.php 第 130 行.
NOTIC: [8] Undefined variable: ip D:\PHPstudy\WWW\blog\Application\Runtime\Cache\Home\2b1808d3214488fc45e3d52bb8cac625.php 第 216 行.
INFO: Run Behavior\ParseTemplateBehavior [ RunTime:0.010693s ]
INFO: [ view_parse ] --END-- [ RunTime:0.010757s ]
INFO: [ view_filter ] --START--
INFO: Run Behavior\WriteHtmlCacheBehavior [ RunTime:0.000438s ]
INFO: [ view_filter ] --END-- [ RunTime:0.000469s ]
INFO: [ app_end ] --START--
INFO: Run Behavior\ShowPageTraceBehavior [ RunTime:0.000663s ]
INFO: [ app_end ] --END-- [ RunTime:0.000718s ]

[ 2018-08-06T14:11:48+08:00 ] 127.0.0.1 /blog/index.php/Home/Base/search_list/p/2.html
INFO: [ app_init ] --START--
INFO: Run Behavior\BuildLiteBehavior [ RunTime:0.000011s ]
INFO: [ app_init ] --END-- [ RunTime:0.000283s ]
INFO: [ app_begin ] --START--
INFO: Run Behavior\ReadHtmlCacheBehavior [ RunTime:0.000321s ]
INFO: [ app_begin ] --END-- [ RunTime:0.000356s ]
SQL: SHOW COLUMNS FROM `blog_article` [ RunTime:0.0056s ]
SQL: SELECT COUNT(*) AS tp_count FROM `blog_article` LIMIT 1   [ RunTime:0.0004s ]
NOTIC: [8] Undefined variable: condition D:\PHPstudy\WWW\blog\Application\Home\Controller\BaseController.class.php 第 60 行.
SQL: SELECT * FROM `blog_article` LIMIT 1,1   [ RunTime:0.0005s ]
INFO: [ view_parse ] --START--
INFO: [ template_filter ] --START--
INFO: Run Behavior\ContentReplaceBehavior [ RunTime:0.000076s ]
INFO: [ template_filter ] --END-- [ RunTime:0.000115s ]
NOTIC: [8] Undefined variable: ismobile D:\PHPstudy\WWW\blog\Application\Runtime\Cache\Home\2b1808d3214488fc45e3d52bb8cac625.php 第 100 行.
NOTIC: [8] Undefined variable: link D:\PHPstudy\WWW\blog\Application\Runtime\Cache\Home\2b1808d3214488fc45e3d52bb8cac625.php 第 130 行.
NOTIC: [8] Undefined variable: ip D:\PHPstudy\WWW\blog\Application\Runtime\Cache\Home\2b1808d3214488fc45e3d52bb8cac625.php 第 216 行.
INFO: Run Behavior\ParseTemplateBehavior [ RunTime:0.010746s ]
INFO: [ view_parse ] --END-- [ RunTime:0.010800s ]
INFO: [ view_filter ] --START--
INFO: Run Behavior\WriteHtmlCacheBehavior [ RunTime:0.000503s ]
INFO: [ view_filter ] --END-- [ RunTime:0.000567s ]
INFO: [ app_end ] --START--
INFO: Run Behavior\ShowPageTraceBehavior [ RunTime:0.000716s ]
INFO: [ app_end ] --END-- [ RunTime:0.000773s ]

[ 2018-08-06T14:11:50+08:00 ] 127.0.0.1 /blog/index.php/Home/Base/search_list/p/1.html
INFO: [ app_init ] --START--
INFO: Run Behavior\BuildLiteBehavior [ RunTime:0.000017s ]
INFO: [ app_init ] --END-- [ RunTime:0.000441s ]
INFO: [ app_begin ] --START--
INFO: Run Behavior\ReadHtmlCacheBehavior [ RunTime:0.000494s ]
INFO: [ app_begin ] --END-- [ RunTime:0.000552s ]
SQL: SHOW COLUMNS FROM `blog_article` [ RunTime:0.0057s ]
SQL: SELECT COUNT(*) AS tp_count FROM `blog_article` LIMIT 1   [ RunTime:0.0004s ]
NOTIC: [8] Undefined variable: condition D:\PHPstudy\WWW\blog\Application\Home\Controller\BaseController.class.php 第 60 行.
SQL: SELECT * FROM `blog_article` LIMIT 0,1   [ RunTime:0.0005s ]
INFO: [ view_parse ] --START--
INFO: [ template_filter ] --START--
INFO: Run Behavior\ContentReplaceBehavior [ RunTime:0.000116s ]
INFO: [ template_filter ] --END-- [ RunTime:0.000177s ]
NOTIC: [8] Undefined variable: ismobile D:\PHPstudy\WWW\blog\Application\Runtime\Cache\Home\2b1808d3214488fc45e3d52bb8cac625.php 第 100 行.
NOTIC: [8] Undefined variable: link D:\PHPstudy\WWW\blog\Application\Runtime\Cache\Home\2b1808d3214488fc45e3d52bb8cac625.php 第 130 行.
NOTIC: [8] Undefined variable: ip D:\PHPstudy\WWW\blog\Application\Runtime\Cache\Home\2b1808d3214488fc45e3d52bb8cac625.php 第 216 行.
INFO: Run Behavior\ParseTemplateBehavior [ RunTime:0.011477s ]
INFO: [ view_parse ] --END-- [ RunTime:0.011533s ]
INFO: [ view_filter ] --START--
INFO: Run Behavior\WriteHtmlCacheBehavior [ RunTime:0.000256s ]
INFO: [ view_filter ] --END-- [ RunTime:0.000294s ]
INFO: [ app_end ] --START--
INFO: Run Behavior\ShowPageTraceBehavior [ RunTime:0.000476s ]
INFO: [ app_end ] --END-- [ RunTime:0.000523s ]

[ 2018-08-06T14:11:53+08:00 ] 127.0.0.1 /blog/index.php/Home/Base/search_list/p/2.html
INFO: [ app_init ] --START--
INFO: Run Behavior\BuildLiteBehavior [ RunTime:0.000015s ]
INFO: [ app_init ] --END-- [ RunTime:0.000380s ]
INFO: [ app_begin ] --START--
INFO: Run Behavior\ReadHtmlCacheBehavior [ RunTime:0.000453s ]
INFO: [ app_begin ] --END-- [ RunTime:0.000505s ]
SQL: SHOW COLUMNS FROM `blog_article` [ RunTime:0.0046s ]
SQL: SELECT COUNT(*) AS tp_count FROM `blog_article` LIMIT 1   [ RunTime:0.0004s ]
NOTIC: [8] Undefined variable: condition D:\PHPstudy\WWW\blog\Application\Home\Controller\BaseController.class.php 第 60 行.
SQL: SELECT * FROM `blog_article` LIMIT 1,1   [ RunTime:0.0007s ]
INFO: [ view_parse ] --START--
INFO: [ template_filter ] --START--
INFO: Run Behavior\ContentReplaceBehavior [ RunTime:0.000121s ]
INFO: [ template_filter ] --END-- [ RunTime:0.000181s ]
NOTIC: [8] Undefined variable: ismobile D:\PHPstudy\WWW\blog\Application\Runtime\Cache\Home\2b1808d3214488fc45e3d52bb8cac625.php 第 100 行.
NOTIC: [8] Undefined variable: link D:\PHPstudy\WWW\blog\Application\Runtime\Cache\Home\2b1808d3214488fc45e3d52bb8cac625.php 第 130 行.
NOTIC: [8] Undefined variable: ip D:\PHPstudy\WWW\blog\Application\Runtime\Cache\Home\2b1808d3214488fc45e3d52bb8cac625.php 第 216 行.
INFO: Run Behavior\ParseTemplateBehavior [ RunTime:0.012446s ]
INFO: [ view_parse ] --END-- [ RunTime:0.012512s ]
INFO: [ view_filter ] --START--
INFO: Run Behavior\WriteHtmlCacheBehavior [ RunTime:0.000285s ]
INFO: [ view_filter ] --END-- [ RunTime:0.000317s ]
INFO: [ app_end ] --START--
INFO: Run Behavior\ShowPageTraceBehavior [ RunTime:0.000524s ]
INFO: [ app_end ] --END-- [ RunTime:0.000581s ]

[ 2018-08-06T14:11:55+08:00 ] 127.0.0.1 /blog/index.php/Home/Base/search_list/p/1.html
INFO: [ app_init ] --START--
INFO: Run Behavior\BuildLiteBehavior [ RunTime:0.000014s ]
INFO: [ app_init ] --END-- [ RunTime:0.000332s ]
INFO: [ app_begin ] --START--
INFO: Run Behavior\ReadHtmlCacheBehavior [ RunTime:0.000479s ]
INFO: [ app_begin ] --END-- [ RunTime:0.000534s ]
SQL: SHOW COLUMNS FROM `blog_article` [ RunTime:0.0037s ]
SQL: SELECT COUNT(*) AS tp_count FROM `blog_article` LIMIT 1   [ RunTime:0.0004s ]
NOTIC: [8] Undefined variable: condition D:\PHPstudy\WWW\blog\Application\Home\Controller\BaseController.class.php 第 60 行.
SQL: SELECT * FROM `blog_article` LIMIT 0,1   [ RunTime:0.0004s ]
INFO: [ view_parse ] --START--
INFO: [ template_filter ] --START--
INFO: Run Behavior\ContentReplaceBehavior [ RunTime:0.000111s ]
INFO: [ template_filter ] --END-- [ RunTime:0.000160s ]
NOTIC: [8] Undefined variable: ismobile D:\PHPstudy\WWW\blog\Application\Runtime\Cache\Home\2b1808d3214488fc45e3d52bb8cac625.php 第 100 行.
NOTIC: [8] Undefined variable: link D:\PHPstudy\WWW\blog\Application\Runtime\Cache\Home\2b1808d3214488fc45e3d52bb8cac625.php 第 130 行.
NOTIC: [8] Undefined variable: ip D:\PHPstudy\WWW\blog\Application\Runtime\Cache\Home\2b1808d3214488fc45e3d52bb8cac625.php 第 216 行.
INFO: Run Behavior\ParseTemplateBehavior [ RunTime:0.009884s ]
INFO: [ view_parse ] --END-- [ RunTime:0.009926s ]
INFO: [ view_filter ] --START--
INFO: Run Behavior\WriteHtmlCacheBehavior [ RunTime:0.000195s ]
INFO: [ view_filter ] --END-- [ RunTime:0.000221s ]
INFO: [ app_end ] --START--
INFO: Run Behavior\ShowPageTraceBehavior [ RunTime:0.000415s ]
INFO: [ app_end ] --END-- [ RunTime:0.000451s ]

[ 2018-08-06T14:11:57+08:00 ] 127.0.0.1 /blog/index.php/Home/Base/search_list/p/2.html
INFO: [ app_init ] --START--
INFO: Run Behavior\BuildLiteBehavior [ RunTime:0.000009s ]
INFO: [ app_init ] --END-- [ RunTime:0.000259s ]
INFO: [ app_begin ] --START--
INFO: Run Behavior\ReadHtmlCacheBehavior [ RunTime:0.000412s ]
INFO: [ app_begin ] --END-- [ RunTime:0.000452s ]
SQL: SHOW COLUMNS FROM `blog_article` [ RunTime:0.0045s ]
SQL: SELECT COUNT(*) AS tp_count FROM `blog_article` LIMIT 1   [ RunTime:0.0004s ]
NOTIC: [8] Undefined variable: condition D:\PHPstudy\WWW\blog\Application\Home\Controller\BaseController.class.php 第 60 行.
SQL: SELECT * FROM `blog_article` LIMIT 1,1   [ RunTime:0.0004s ]
INFO: [ view_parse ] --START--
INFO: [ template_filter ] --START--
INFO: Run Behavior\ContentReplaceBehavior [ RunTime:0.000069s ]
INFO: [ template_filter ] --END-- [ RunTime:0.000104s ]
NOTIC: [8] Undefined variable: ismobile D:\PHPstudy\WWW\blog\Application\Runtime\Cache\Home\2b1808d3214488fc45e3d52bb8cac625.php 第 100 行.
NOTIC: [8] Undefined variable: link D:\PHPstudy\WWW\blog\Application\Runtime\Cache\Home\2b1808d3214488fc45e3d52bb8cac625.php 第 130 行.
NOTIC: [8] Undefined variable: ip D:\PHPstudy\WWW\blog\Application\Runtime\Cache\Home\2b1808d3214488fc45e3d52bb8cac625.php 第 216 行.
INFO: Run Behavior\ParseTemplateBehavior [ RunTime:0.052083s ]
INFO: [ view_parse ] --END-- [ RunTime:0.052118s ]
INFO: [ view_filter ] --START--
INFO: Run Behavior\WriteHtmlCacheBehavior [ RunTime:0.000204s ]
INFO: [ view_filter ] --END-- [ RunTime:0.000227s ]
INFO: [ app_end ] --START--
INFO: Run Behavior\ShowPageTraceBehavior [ RunTime:0.000370s ]
INFO: [ app_end ] --END-- [ RunTime:0.000398s ]

[ 2018-08-06T14:12:01+08:00 ] 127.0.0.1 /blog/index.php/Home/Base/search_list/p/1.html
INFO: [ app_init ] --START--
INFO: Run Behavior\BuildLiteBehavior [ RunTime:0.000010s ]
INFO: [ app_init ] --END-- [ RunTime:0.000289s ]
INFO: [ app_begin ] --START--
INFO: Run Behavior\ReadHtmlCacheBehavior [ RunTime:0.000298s ]
INFO: [ app_begin ] --END-- [ RunTime:0.000341s ]
SQL: SHOW COLUMNS FROM `blog_article` [ RunTime:0.0047s ]
SQL: SELECT COUNT(*) AS tp_count FROM `blog_article` LIMIT 1   [ RunTime:0.0005s ]
NOTIC: [8] Undefined variable: condition D:\PHPstudy\WWW\blog\Application\Home\Controller\BaseController.class.php 第 60 行.
SQL: SELECT * FROM `blog_article` LIMIT 0,1   [ RunTime:0.0004s ]
INFO: [ view_parse ] --START--
INFO: [ template_filter ] --START--
INFO: Run Behavior\ContentReplaceBehavior [ RunTime:0.000075s ]
INFO: [ template_filter ] --END-- [ RunTime:0.000114s ]
NOTIC: [8] Undefined variable: ismobile D:\PHPstudy\WWW\blog\Application\Runtime\Cache\Home\2b1808d3214488fc45e3d52bb8cac625.php 第 100 行.
NOTIC: [8] Undefined variable: link D:\PHPstudy\WWW\blog\Application\Runtime\Cache\Home\2b1808d3214488fc45e3d52bb8cac625.php 第 130 行.
NOTIC: [8] Undefined variable: ip D:\PHPstudy\WWW\blog\Application\Runtime\Cache\Home\2b1808d3214488fc45e3d52bb8cac625.php 第 216 行.
INFO: Run Behavior\ParseTemplateBehavior [ RunTime:0.008146s ]
INFO: [ view_parse ] --END-- [ RunTime:0.008184s ]
INFO: [ view_filter ] --START--
INFO: Run Behavior\WriteHtmlCacheBehavior [ RunTime:0.000303s ]
INFO: [ view_filter ] --END-- [ RunTime:0.000343s ]
INFO: [ app_end ] --START--
INFO: Run Behavior\ShowPageTraceBehavior [ RunTime:0.001131s ]
INFO: [ app_end ] --END-- [ RunTime:0.001186s ]

[ 2018-08-06T14:12:03+08:00 ] 127.0.0.1 /blog/index.php/Home/Base/search_list/p/1.html
INFO: [ app_init ] --START--
INFO: Run Behavior\BuildLiteBehavior [ RunTime:0.000013s ]
INFO: [ app_init ] --END-- [ RunTime:0.000384s ]
INFO: [ app_begin ] --START--
INFO: Run Behavior\ReadHtmlCacheBehavior [ RunTime:0.000478s ]
INFO: [ app_begin ] --END-- [ RunTime:0.000529s ]
SQL: SHOW COLUMNS FROM `blog_article` [ RunTime:0.0048s ]
SQL: SELECT COUNT(*) AS tp_count FROM `blog_article` LIMIT 1   [ RunTime:0.0003s ]
NOTIC: [8] Undefined variable: condition D:\PHPstudy\WWW\blog\Application\Home\Controller\BaseController.class.php 第 60 行.
SQL: SELECT * FROM `blog_article` LIMIT 0,1   [ RunTime:0.0004s ]
INFO: [ view_parse ] --START--
INFO: [ template_filter ] --START--
INFO: Run Behavior\ContentReplaceBehavior [ RunTime:0.000119s ]
INFO: [ template_filter ] --END-- [ RunTime:0.000176s ]
NOTIC: [8] Undefined variable: ismobile D:\PHPstudy\WWW\blog\Application\Runtime\Cache\Home\2b1808d3214488fc45e3d52bb8cac625.php 第 100 行.
NOTIC: [8] Undefined variable: link D:\PHPstudy\WWW\blog\Application\Runtime\Cache\Home\2b1808d3214488fc45e3d52bb8cac625.php 第 130 行.
NOTIC: [8] Undefined variable: ip D:\PHPstudy\WWW\blog\Application\Runtime\Cache\Home\2b1808d3214488fc45e3d52bb8cac625.php 第 216 行.
INFO: Run Behavior\ParseTemplateBehavior [ RunTime:0.008610s ]
INFO: [ view_parse ] --END-- [ RunTime:0.008649s ]
INFO: [ view_filter ] --START--
INFO: Run Behavior\WriteHtmlCacheBehavior [ RunTime:0.000215s ]
INFO: [ view_filter ] --END-- [ RunTime:0.000245s ]
INFO: [ app_end ] --START--
INFO: Run Behavior\ShowPageTraceBehavior [ RunTime:0.000534s ]
INFO: [ app_end ] --END-- [ RunTime:0.000580s ]

[ 2018-08-06T14:12:11+08:00 ] 127.0.0.1 /blog/index.php/Home/Base/search_list/p/1.html
INFO: [ app_init ] --START--
INFO: Run Behavior\BuildLiteBehavior [ RunTime:0.000009s ]
INFO: [ app_init ] --END-- [ RunTime:0.000247s ]
INFO: [ app_begin ] --START--
INFO: Run Behavior\ReadHtmlCacheBehavior [ RunTime:0.000323s ]
INFO: [ app_begin ] --END-- [ RunTime:0.000353s ]
SQL: SHOW COLUMNS FROM `blog_article` [ RunTime:0.0045s ]
SQL: SELECT COUNT(*) AS tp_count FROM `blog_article` LIMIT 1   [ RunTime:0.0003s ]
NOTIC: [8] Undefined variable: condition D:\PHPstudy\WWW\blog\Application\Home\Controller\BaseController.class.php 第 60 行.
SQL: SELECT * FROM `blog_article` LIMIT 0,5   [ RunTime:0.0004s ]
INFO: [ view_parse ] --START--
INFO: [ template_filter ] --START--
INFO: Run Behavior\ContentReplaceBehavior [ RunTime:0.000104s ]
INFO: [ template_filter ] --END-- [ RunTime:0.000140s ]
NOTIC: [8] Undefined variable: ismobile D:\PHPstudy\WWW\blog\Application\Runtime\Cache\Home\2b1808d3214488fc45e3d52bb8cac625.php 第 100 行.
NOTIC: [8] Undefined variable: link D:\PHPstudy\WWW\blog\Application\Runtime\Cache\Home\2b1808d3214488fc45e3d52bb8cac625.php 第 130 行.
NOTIC: [8] Undefined variable: ip D:\PHPstudy\WWW\blog\Application\Runtime\Cache\Home\2b1808d3214488fc45e3d52bb8cac625.php 第 216 行.
INFO: Run Behavior\ParseTemplateBehavior [ RunTime:0.007872s ]
INFO: [ view_parse ] --END-- [ RunTime:0.007906s ]
INFO: [ view_filter ] --START--
INFO: Run Behavior\WriteHtmlCacheBehavior [ RunTime:0.000187s ]
INFO: [ view_filter ] --END-- [ RunTime:0.000209s ]
INFO: [ app_end ] --START--
INFO: Run Behavior\ShowPageTraceBehavior [ RunTime:0.000351s ]
INFO: [ app_end ] --END-- [ RunTime:0.000378s ]

[ 2018-08-06T14:12:19+08:00 ] 127.0.0.1 /blog/index.php/Home/Base/search_list/p/1.html
INFO: [ app_init ] --START--
INFO: Run Behavior\BuildLiteBehavior [ RunTime:0.000010s ]
INFO: [ app_init ] --END-- [ RunTime:0.000325s ]
INFO: [ app_begin ] --START--
INFO: Run Behavior\ReadHtmlCacheBehavior [ RunTime:0.000535s ]
INFO: [ app_begin ] --END-- [ RunTime:0.000583s ]
SQL: SHOW COLUMNS FROM `blog_article` [ RunTime:0.0038s ]
SQL: SELECT COUNT(*) AS tp_count FROM `blog_article` LIMIT 1   [ RunTime:0.0003s ]
NOTIC: [8] Undefined variable: condition D:\PHPstudy\WWW\blog\Application\Home\Controller\BaseController.class.php 第 60 行.
SQL: SELECT * FROM `blog_article` LIMIT 0,5   [ RunTime:0.0004s ]
INFO: [ view_parse ] --START--
INFO: [ template_filter ] --START--
INFO: Run Behavior\ContentReplaceBehavior [ RunTime:0.000077s ]
INFO: [ template_filter ] --END-- [ RunTime:0.000126s ]
NOTIC: [8] Undefined variable: ismobile D:\PHPstudy\WWW\blog\Application\Runtime\Cache\Home\2b1808d3214488fc45e3d52bb8cac625.php 第 100 行.
NOTIC: [8] Undefined variable: link D:\PHPstudy\WWW\blog\Application\Runtime\Cache\Home\2b1808d3214488fc45e3d52bb8cac625.php 第 130 行.
NOTIC: [8] Undefined variable: ip D:\PHPstudy\WWW\blog\Application\Runtime\Cache\Home\2b1808d3214488fc45e3d52bb8cac625.php 第 216 行.
INFO: Run Behavior\ParseTemplateBehavior [ RunTime:0.008909s ]
INFO: [ view_parse ] --END-- [ RunTime:0.008945s ]
INFO: [ view_filter ] --START--
INFO: Run Behavior\WriteHtmlCacheBehavior [ RunTime:0.000234s ]
INFO: [ view_filter ] --END-- [ RunTime:0.000259s ]
INFO: [ app_end ] --START--
INFO: Run Behavior\ShowPageTraceBehavior [ RunTime:0.000464s ]
INFO: [ app_end ] --END-- [ RunTime:0.000493s ]

[ 2018-08-06T14:12:43+08:00 ] 127.0.0.1 /blog/index.php/Home/Index/index.html
INFO: [ app_init ] --START--
INFO: Run Behavior\BuildLiteBehavior [ RunTime:0.000009s ]
INFO: [ app_init ] --END-- [ RunTime:0.000246s ]
INFO: [ app_begin ] --START--
INFO: Run Behavior\ReadHtmlCacheBehavior [ RunTime:0.000350s ]
INFO: [ app_begin ] --END-- [ RunTime:0.000382s ]
SQL: SHOW COLUMNS FROM `blog_carousel` [ RunTime:0.0043s ]
SQL: SELECT * FROM `blog_carousel`  [ RunTime:0.0006s ]
SQL: SHOW COLUMNS FROM `blog_article` [ RunTime:0.0037s ]
SQL: SELECT COUNT(*) AS tp_count FROM `blog_article` LIMIT 1   [ RunTime:0.0003s ]
SQL: SELECT * FROM `blog_article` ORDER BY time desc LIMIT 0,5   [ RunTime:0.0004s ]
SQL: SHOW COLUMNS FROM `blog_link` [ RunTime:0.0038s ]
SQL: SELECT * FROM `blog_link` ORDER BY sort desc  [ RunTime:0.0004s ]
INFO: [ view_parse ] --START--
INFO: [ template_filter ] --START--
INFO: Run Behavior\ContentReplaceBehavior [ RunTime:0.000140s ]
INFO: [ template_filter ] --END-- [ RunTime:0.000197s ]
NOTIC: [8] Undefined variable: ismobile D:\PHPstudy\WWW\blog\Application\Runtime\Cache\Home\2a94b8bda04ff446dcedd42276fc99ee.php 第 114 行.
NOTIC: [8] Undefined variable: ismobile D:\PHPstudy\WWW\blog\Application\Runtime\Cache\Home\2a94b8bda04ff446dcedd42276fc99ee.php 第 145 行.
INFO: Run Behavior\ParseTemplateBehavior [ RunTime:0.010114s ]
INFO: [ view_parse ] --END-- [ RunTime:0.010166s ]
INFO: [ view_filter ] --START--
INFO: Run Behavior\WriteHtmlCacheBehavior [ RunTime:0.000521s ]
INFO: [ view_filter ] --END-- [ RunTime:0.000567s ]
INFO: [ app_end ] --START--
INFO: Run Behavior\ShowPageTraceBehavior [ RunTime:0.000915s ]
INFO: [ app_end ] --END-- [ RunTime:0.000984s ]

[ 2018-08-06T14:12:46+08:00 ] 127.0.0.1 /blog/index.php/Home/Index/index.html
INFO: [ app_init ] --START--
INFO: Run Behavior\BuildLiteBehavior [ RunTime:0.000010s ]
INFO: [ app_init ] --END-- [ RunTime:0.000258s ]
INFO: [ app_begin ] --START--
INFO: Run Behavior\ReadHtmlCacheBehavior [ RunTime:0.000326s ]
INFO: [ app_begin ] --END-- [ RunTime:0.000360s ]
SQL: SHOW COLUMNS FROM `blog_carousel` [ RunTime:0.0042s ]
SQL: SELECT * FROM `blog_carousel`  [ RunTime:0.0003s ]
SQL: SHOW COLUMNS FROM `blog_article` [ RunTime:0.0039s ]
SQL: SELECT COUNT(*) AS tp_count FROM `blog_article` LIMIT 1   [ RunTime:0.0003s ]
SQL: SELECT * FROM `blog_article` ORDER BY time desc LIMIT 0,5   [ RunTime:0.0004s ]
SQL: SHOW COLUMNS FROM `blog_link` [ RunTime:0.0059s ]
SQL: SELECT * FROM `blog_link` ORDER BY sort desc  [ RunTime:0.0006s ]
INFO: [ view_parse ] --START--
INFO: [ template_filter ] --START--
INFO: Run Behavior\ContentReplaceBehavior [ RunTime:0.000077s ]
INFO: [ template_filter ] --END-- [ RunTime:0.000112s ]
NOTIC: [8] Undefined variable: ismobile D:\PHPstudy\WWW\blog\Application\Runtime\Cache\Home\2a94b8bda04ff446dcedd42276fc99ee.php 第 114 行.
NOTIC: [8] Undefined variable: ismobile D:\PHPstudy\WWW\blog\Application\Runtime\Cache\Home\2a94b8bda04ff446dcedd42276fc99ee.php 第 145 行.
INFO: Run Behavior\ParseTemplateBehavior [ RunTime:0.009117s ]
INFO: [ view_parse ] --END-- [ RunTime:0.009164s ]
INFO: [ view_filter ] --START--
INFO: Run Behavior\WriteHtmlCacheBehavior [ RunTime:0.000180s ]
INFO: [ view_filter ] --END-- [ RunTime:0.000225s ]
INFO: [ app_end ] --START--
INFO: Run Behavior\ShowPageTraceBehavior [ RunTime:0.000494s ]
INFO: [ app_end ] --END-- [ RunTime:0.000539s ]

[ 2018-08-06T14:12:52+08:00 ] 127.0.0.1 /blog/index.php/Home/Base/search_list.html
INFO: [ app_init ] --START--
INFO: Run Behavior\BuildLiteBehavior [ RunTime:0.000010s ]
INFO: [ app_init ] --END-- [ RunTime:0.000250s ]
INFO: [ app_begin ] --START--
INFO: Run Behavior\ReadHtmlCacheBehavior [ RunTime:0.000295s ]
INFO: [ app_begin ] --END-- [ RunTime:0.000329s ]
SQL: SHOW COLUMNS FROM `blog_article` [ RunTime:0.0052s ]
SQL: SELECT COUNT(*) AS tp_count FROM `blog_article` LIMIT 1   [ RunTime:0.0005s ]
SQL: SELECT * FROM `blog_article` WHERE `title` LIKE '%1%' LIMIT 0,5   [ RunTime:0.0004s ]
INFO: [ view_parse ] --START--
INFO: [ template_filter ] --START--
INFO: Run Behavior\ContentReplaceBehavior [ RunTime:0.000100s ]
INFO: [ template_filter ] --END-- [ RunTime:0.000148s ]
NOTIC: [8] Undefined variable: ismobile D:\PHPstudy\WWW\blog\Application\Runtime\Cache\Home\2b1808d3214488fc45e3d52bb8cac625.php 第 100 行.
NOTIC: [8] Undefined variable: link D:\PHPstudy\WWW\blog\Application\Runtime\Cache\Home\2b1808d3214488fc45e3d52bb8cac625.php 第 130 行.
NOTIC: [8] Undefined variable: ip D:\PHPstudy\WWW\blog\Application\Runtime\Cache\Home\2b1808d3214488fc45e3d52bb8cac625.php 第 216 行.
INFO: Run Behavior\ParseTemplateBehavior [ RunTime:0.008533s ]
INFO: [ view_parse ] --END-- [ RunTime:0.008569s ]
INFO: [ view_filter ] --START--
INFO: Run Behavior\WriteHtmlCacheBehavior [ RunTime:0.000188s ]
INFO: [ view_filter ] --END-- [ RunTime:0.000214s ]
INFO: [ app_end ] --START--
INFO: Run Behavior\ShowPageTraceBehavior [ RunTime:0.000404s ]
INFO: [ app_end ] --END-- [ RunTime:0.000438s ]

[ 2018-08-06T14:13:08+08:00 ] 127.0.0.1 /blog/index.php/Home/Index/index.html
INFO: [ app_init ] --START--
INFO: Run Behavior\BuildLiteBehavior [ RunTime:0.000010s ]
INFO: [ app_init ] --END-- [ RunTime:0.000362s ]
INFO: [ app_begin ] --START--
INFO: Run Behavior\ReadHtmlCacheBehavior [ RunTime:0.000362s ]
INFO: [ app_begin ] --END-- [ RunTime:0.000394s ]
SQL: SHOW COLUMNS FROM `blog_carousel` [ RunTime:0.0046s ]
SQL: SELECT * FROM `blog_carousel`  [ RunTime:0.0004s ]
SQL: SHOW COLUMNS FROM `blog_article` [ RunTime:0.0037s ]
SQL: SELECT COUNT(*) AS tp_count FROM `blog_article` LIMIT 1   [ RunTime:0.0003s ]
SQL: SELECT * FROM `blog_article` ORDER BY time desc LIMIT 0,5   [ RunTime:0.0004s ]
SQL: SHOW COLUMNS FROM `blog_link` [ RunTime:0.0037s ]
SQL: SELECT * FROM `blog_link` ORDER BY sort desc  [ RunTime:0.0004s ]
INFO: [ view_parse ] --START--
INFO: [ template_filter ] --START--
INFO: Run Behavior\ContentReplaceBehavior [ RunTime:0.000092s ]
INFO: [ template_filter ] --END-- [ RunTime:0.000131s ]
NOTIC: [8] Undefined variable: ismobile D:\PHPstudy\WWW\blog\Application\Runtime\Cache\Home\2a94b8bda04ff446dcedd42276fc99ee.php 第 114 行.
NOTIC: [8] Undefined variable: ismobile D:\PHPstudy\WWW\blog\Application\Runtime\Cache\Home\2a94b8bda04ff446dcedd42276fc99ee.php 第 145 行.
INFO: Run Behavior\ParseTemplateBehavior [ RunTime:0.018811s ]
INFO: [ view_parse ] --END-- [ RunTime:0.018876s ]
INFO: [ view_filter ] --START--
INFO: Run Behavior\WriteHtmlCacheBehavior [ RunTime:0.000502s ]
INFO: [ view_filter ] --END-- [ RunTime:0.000550s ]
INFO: [ app_end ] --START--
INFO: Run Behavior\ShowPageTraceBehavior [ RunTime:0.000566s ]
INFO: [ app_end ] --END-- [ RunTime:0.000613s ]

[ 2018-08-06T14:13:11+08:00 ] 127.0.0.1 /blog/index.php/Home/Index/index.html
INFO: [ app_init ] --START--
INFO: Run Behavior\BuildLiteBehavior [ RunTime:0.000010s ]
INFO: [ app_init ] --END-- [ RunTime:0.000291s ]
INFO: [ app_begin ] --START--
INFO: Run Behavior\ReadHtmlCacheBehavior [ RunTime:0.000661s ]
INFO: [ app_begin ] --END-- [ RunTime:0.000780s ]
SQL: SHOW COLUMNS FROM `blog_carousel` [ RunTime:0.0041s ]
SQL: SELECT * FROM `blog_carousel`  [ RunTime:0.0004s ]
SQL: SHOW COLUMNS FROM `blog_article` [ RunTime:0.0061s ]
SQL: SELECT COUNT(*) AS tp_count FROM `blog_article` LIMIT 1   [ RunTime:0.0004s ]
SQL: SELECT * FROM `blog_article` ORDER BY time desc LIMIT 0,5   [ RunTime:0.0005s ]
SQL: SHOW COLUMNS FROM `blog_link` [ RunTime:0.0041s ]
SQL: SELECT * FROM `blog_link` ORDER BY sort desc  [ RunTime:0.0005s ]
INFO: [ view_parse ] --START--
INFO: [ template_filter ] --START--
INFO: Run Behavior\ContentReplaceBehavior [ RunTime:0.000101s ]
INFO: [ template_filter ] --END-- [ RunTime:0.000175s ]
NOTIC: [8] Undefined variable: ismobile D:\PHPstudy\WWW\blog\Application\Runtime\Cache\Home\2a94b8bda04ff446dcedd42276fc99ee.php 第 114 行.
NOTIC: [8] Undefined variable: ismobile D:\PHPstudy\WWW\blog\Application\Runtime\Cache\Home\2a94b8bda04ff446dcedd42276fc99ee.php 第 145 行.
INFO: Run Behavior\ParseTemplateBehavior [ RunTime:0.010541s ]
INFO: [ view_parse ] --END-- [ RunTime:0.010590s ]
INFO: [ view_filter ] --START--
INFO: Run Behavior\WriteHtmlCacheBehavior [ RunTime:0.000227s ]
INFO: [ view_filter ] --END-- [ RunTime:0.000256s ]
INFO: [ app_end ] --START--
INFO: Run Behavior\ShowPageTraceBehavior [ RunTime:0.000531s ]
INFO: [ app_end ] --END-- [ RunTime:0.000577s ]

[ 2018-08-06T14:13:14+08:00 ] 127.0.0.1 /blog/index.php/Home/Base/search_list.html
INFO: [ app_init ] --START--
INFO: Run Behavior\BuildLiteBehavior [ RunTime:0.000009s ]
INFO: [ app_init ] --END-- [ RunTime:0.000273s ]
INFO: [ app_begin ] --START--
INFO: Run Behavior\ReadHtmlCacheBehavior [ RunTime:0.000294s ]
INFO: [ app_begin ] --END-- [ RunTime:0.000337s ]
SQL: SHOW COLUMNS FROM `blog_article` [ RunTime:0.0040s ]
SQL: SELECT COUNT(*) AS tp_count FROM `blog_article` LIMIT 1   [ RunTime:0.0003s ]
SQL: SELECT * FROM `blog_article` WHERE `title` LIKE '%1%' LIMIT 0,1   [ RunTime:0.0004s ]
INFO: [ view_parse ] --START--
INFO: [ template_filter ] --START--
INFO: Run Behavior\ContentReplaceBehavior [ RunTime:0.000070s ]
INFO: [ template_filter ] --END-- [ RunTime:0.000107s ]
NOTIC: [8] Undefined variable: ismobile D:\PHPstudy\WWW\blog\Application\Runtime\Cache\Home\2b1808d3214488fc45e3d52bb8cac625.php 第 100 行.
NOTIC: [8] Undefined variable: link D:\PHPstudy\WWW\blog\Application\Runtime\Cache\Home\2b1808d3214488fc45e3d52bb8cac625.php 第 130 行.
NOTIC: [8] Undefined variable: ip D:\PHPstudy\WWW\blog\Application\Runtime\Cache\Home\2b1808d3214488fc45e3d52bb8cac625.php 第 216 行.
INFO: Run Behavior\ParseTemplateBehavior [ RunTime:0.009093s ]
INFO: [ view_parse ] --END-- [ RunTime:0.009133s ]
INFO: [ view_filter ] --START--
INFO: Run Behavior\WriteHtmlCacheBehavior [ RunTime:0.000264s ]
INFO: [ view_filter ] --END-- [ RunTime:0.000292s ]
INFO: [ app_end ] --START--
INFO: Run Behavior\ShowPageTraceBehavior [ RunTime:0.000558s ]
INFO: [ app_end ] --END-- [ RunTime:0.000609s ]

[ 2018-08-06T14:13:17+08:00 ] 127.0.0.1 /blog/index.php/Home/Base/search_list/p/2.html
INFO: [ app_init ] --START--
INFO: Run Behavior\BuildLiteBehavior [ RunTime:0.000011s ]
INFO: [ app_init ] --END-- [ RunTime:0.000279s ]
INFO: [ app_begin ] --START--
INFO: Run Behavior\ReadHtmlCacheBehavior [ RunTime:0.000625s ]
INFO: [ app_begin ] --END-- [ RunTime:0.000683s ]
SQL: SHOW COLUMNS FROM `blog_article` [ RunTime:0.0043s ]
SQL: SELECT COUNT(*) AS tp_count FROM `blog_article` LIMIT 1   [ RunTime:0.0003s ]
NOTIC: [8] Undefined variable: condition D:\PHPstudy\WWW\blog\Application\Home\Controller\BaseController.class.php 第 60 行.
SQL: SELECT * FROM `blog_article` LIMIT 1,1   [ RunTime:0.0004s ]
INFO: [ view_parse ] --START--
INFO: [ template_filter ] --START--
INFO: Run Behavior\ContentReplaceBehavior [ RunTime:0.000107s ]
INFO: [ template_filter ] --END-- [ RunTime:0.000150s ]
NOTIC: [8] Undefined variable: ismobile D:\PHPstudy\WWW\blog\Application\Runtime\Cache\Home\2b1808d3214488fc45e3d52bb8cac625.php 第 100 行.
NOTIC: [8] Undefined variable: link D:\PHPstudy\WWW\blog\Application\Runtime\Cache\Home\2b1808d3214488fc45e3d52bb8cac625.php 第 130 行.
NOTIC: [8] Undefined variable: ip D:\PHPstudy\WWW\blog\Application\Runtime\Cache\Home\2b1808d3214488fc45e3d52bb8cac625.php 第 216 行.
INFO: Run Behavior\ParseTemplateBehavior [ RunTime:0.009322s ]
INFO: [ view_parse ] --END-- [ RunTime:0.009358s ]
INFO: [ view_filter ] --START--
INFO: Run Behavior\WriteHtmlCacheBehavior [ RunTime:0.000206s ]
INFO: [ view_filter ] --END-- [ RunTime:0.000246s ]
INFO: [ app_end ] --START--
INFO: Run Behavior\ShowPageTraceBehavior [ RunTime:0.000403s ]
INFO: [ app_end ] --END-- [ RunTime:0.000432s ]

[ 2018-08-06T14:13:20+08:00 ] 127.0.0.1 /blog/index.php/Home/Base/search_list/p/1.html
INFO: [ app_init ] --START--
INFO: Run Behavior\BuildLiteBehavior [ RunTime:0.000009s ]
INFO: [ app_init ] --END-- [ RunTime:0.000275s ]
INFO: [ app_begin ] --START--
INFO: Run Behavior\ReadHtmlCacheBehavior [ RunTime:0.000295s ]
INFO: [ app_begin ] --END-- [ RunTime:0.000325s ]
SQL: SHOW COLUMNS FROM `blog_article` [ RunTime:0.0046s ]
SQL: SELECT COUNT(*) AS tp_count FROM `blog_article` LIMIT 1   [ RunTime:0.0003s ]
NOTIC: [8] Undefined variable: condition D:\PHPstudy\WWW\blog\Application\Home\Controller\BaseController.class.php 第 60 行.
SQL: SELECT * FROM `blog_article` LIMIT 0,1   [ RunTime:0.0003s ]
INFO: [ view_parse ] --START--
INFO: [ template_filter ] --START--
INFO: Run Behavior\ContentReplaceBehavior [ RunTime:0.000076s ]
INFO: [ template_filter ] --END-- [ RunTime:0.000115s ]
NOTIC: [8] Undefined variable: ismobile D:\PHPstudy\WWW\blog\Application\Runtime\Cache\Home\2b1808d3214488fc45e3d52bb8cac625.php 第 100 行.
NOTIC: [8] Undefined variable: link D:\PHPstudy\WWW\blog\Application\Runtime\Cache\Home\2b1808d3214488fc45e3d52bb8cac625.php 第 130 行.
NOTIC: [8] Undefined variable: ip D:\PHPstudy\WWW\blog\Application\Runtime\Cache\Home\2b1808d3214488fc45e3d52bb8cac625.php 第 216 行.
INFO: Run Behavior\ParseTemplateBehavior [ RunTime:0.008100s ]
INFO: [ view_parse ] --END-- [ RunTime:0.008229s ]
INFO: [ view_filter ] --START--
INFO: Run Behavior\WriteHtmlCacheBehavior [ RunTime:0.000766s ]
INFO: [ view_filter ] --END-- [ RunTime:0.000858s ]
INFO: [ app_end ] --START--
INFO: Run Behavior\ShowPageTraceBehavior [ RunTime:0.000588s ]
INFO: [ app_end ] --END-- [ RunTime:0.000635s ]

[ 2018-08-06T14:13:22+08:00 ] 127.0.0.1 /blog/index.php/Home/Base/search_list/p/2.html
INFO: [ app_init ] --START--
INFO: Run Behavior\BuildLiteBehavior [ RunTime:0.000011s ]
INFO: [ app_init ] --END-- [ RunTime:0.000275s ]
INFO: [ app_begin ] --START--
INFO: Run Behavior\ReadHtmlCacheBehavior [ RunTime:0.000316s ]
INFO: [ app_begin ] --END-- [ RunTime:0.000351s ]
SQL: SHOW COLUMNS FROM `blog_article` [ RunTime:0.0043s ]
SQL: SELECT COUNT(*) AS tp_count FROM `blog_article` LIMIT 1   [ RunTime:0.0003s ]
NOTIC: [8] Undefined variable: condition D:\PHPstudy\WWW\blog\Application\Home\Controller\BaseController.class.php 第 60 行.
SQL: SELECT * FROM `blog_article` LIMIT 1,1   [ RunTime:0.0004s ]
INFO: [ view_parse ] --START--
INFO: [ template_filter ] --START--
INFO: Run Behavior\ContentReplaceBehavior [ RunTime:0.000077s ]
INFO: [ template_filter ] --END-- [ RunTime:0.000120s ]
NOTIC: [8] Undefined variable: ismobile D:\PHPstudy\WWW\blog\Application\Runtime\Cache\Home\2b1808d3214488fc45e3d52bb8cac625.php 第 100 行.
NOTIC: [8] Undefined variable: link D:\PHPstudy\WWW\blog\Application\Runtime\Cache\Home\2b1808d3214488fc45e3d52bb8cac625.php 第 130 行.
NOTIC: [8] Undefined variable: ip D:\PHPstudy\WWW\blog\Application\Runtime\Cache\Home\2b1808d3214488fc45e3d52bb8cac625.php 第 216 行.
INFO: Run Behavior\ParseTemplateBehavior [ RunTime:0.009608s ]
INFO: [ view_parse ] --END-- [ RunTime:0.009656s ]
INFO: [ view_filter ] --START--
INFO: Run Behavior\WriteHtmlCacheBehavior [ RunTime:0.000531s ]
INFO: [ view_filter ] --END-- [ RunTime:0.000601s ]
INFO: [ app_end ] --START--
INFO: Run Behavior\ShowPageTraceBehavior [ RunTime:0.000738s ]
INFO: [ app_end ] --END-- [ RunTime:0.000816s ]

[ 2018-08-06T14:13:22+08:00 ] 127.0.0.1 /blog/index.php/Home/Base/search_list/p/1.html
INFO: [ app_init ] --START--
INFO: Run Behavior\BuildLiteBehavior [ RunTime:0.000009s ]
INFO: [ app_init ] --END-- [ RunTime:0.000283s ]
INFO: [ app_begin ] --START--
INFO: Run Behavior\ReadHtmlCacheBehavior [ RunTime:0.000294s ]
INFO: [ app_begin ] --END-- [ RunTime:0.000327s ]
SQL: SHOW COLUMNS FROM `blog_article` [ RunTime:0.0043s ]
SQL: SELECT COUNT(*) AS tp_count FROM `blog_article` LIMIT 1   [ RunTime:0.0003s ]
NOTIC: [8] Undefined variable: condition D:\PHPstudy\WWW\blog\Application\Home\Controller\BaseController.class.php 第 60 行.
SQL: SELECT * FROM `blog_article` LIMIT 0,1   [ RunTime:0.0004s ]
INFO: [ view_parse ] --START--
INFO: [ template_filter ] --START--
INFO: Run Behavior\ContentReplaceBehavior [ RunTime:0.000070s ]
INFO: [ template_filter ] --END-- [ RunTime:0.000105s ]
NOTIC: [8] Undefined variable: ismobile D:\PHPstudy\WWW\blog\Application\Runtime\Cache\Home\2b1808d3214488fc45e3d52bb8cac625.php 第 100 行.
NOTIC: [8] Undefined variable: link D:\PHPstudy\WWW\blog\Application\Runtime\Cache\Home\2b1808d3214488fc45e3d52bb8cac625.php 第 130 行.
NOTIC: [8] Undefined variable: ip D:\PHPstudy\WWW\blog\Application\Runtime\Cache\Home\2b1808d3214488fc45e3d52bb8cac625.php 第 216 行.
INFO: Run Behavior\ParseTemplateBehavior [ RunTime:0.008247s ]
INFO: [ view_parse ] --END-- [ RunTime:0.008289s ]
INFO: [ view_filter ] --START--
INFO: Run Behavior\WriteHtmlCacheBehavior [ RunTime:0.000182s ]
INFO: [ view_filter ] --END-- [ RunTime:0.000205s ]
INFO: [ app_end ] --START--
INFO: Run Behavior\ShowPageTraceBehavior [ RunTime:0.000362s ]
INFO: [ app_end ] --END-- [ RunTime:0.000398s ]

[ 2018-08-06T14:13:23+08:00 ] 127.0.0.1 /blog/index.php/Home/Base/search_list/p/2.html
INFO: [ app_init ] --START--
INFO: Run Behavior\BuildLiteBehavior [ RunTime:0.000009s ]
INFO: [ app_init ] --END-- [ RunTime:0.000256s ]
INFO: [ app_begin ] --START--
INFO: Run Behavior\ReadHtmlCacheBehavior [ RunTime:0.000314s ]
INFO: [ app_begin ] --END-- [ RunTime:0.000346s ]
SQL: SHOW COLUMNS FROM `blog_article` [ RunTime:0.0040s ]
SQL: SELECT COUNT(*) AS tp_count FROM `blog_article` LIMIT 1   [ RunTime:0.0003s ]
NOTIC: [8] Undefined variable: condition D:\PHPstudy\WWW\blog\Application\Home\Controller\BaseController.class.php 第 60 行.
SQL: SELECT * FROM `blog_article` LIMIT 1,1   [ RunTime:0.0009s ]
INFO: [ view_parse ] --START--
INFO: [ template_filter ] --START--
INFO: Run Behavior\ContentReplaceBehavior [ RunTime:0.000072s ]
INFO: [ template_filter ] --END-- [ RunTime:0.000109s ]
NOTIC: [8] Undefined variable: ismobile D:\PHPstudy\WWW\blog\Application\Runtime\Cache\Home\2b1808d3214488fc45e3d52bb8cac625.php 第 100 行.
NOTIC: [8] Undefined variable: link D:\PHPstudy\WWW\blog\Application\Runtime\Cache\Home\2b1808d3214488fc45e3d52bb8cac625.php 第 130 行.
NOTIC: [8] Undefined variable: ip D:\PHPstudy\WWW\blog\Application\Runtime\Cache\Home\2b1808d3214488fc45e3d52bb8cac625.php 第 216 行.
INFO: Run Behavior\ParseTemplateBehavior [ RunTime:0.009165s ]
INFO: [ view_parse ] --END-- [ RunTime:0.009258s ]
INFO: [ view_filter ] --START--
INFO: Run Behavior\WriteHtmlCacheBehavior [ RunTime:0.000325s ]
INFO: [ view_filter ] --END-- [ RunTime:0.000377s ]
INFO: [ app_end ] --START--
INFO: Run Behavior\ShowPageTraceBehavior [ RunTime:0.000434s ]
INFO: [ app_end ] --END-- [ RunTime:0.000466s ]

[ 2018-08-06T14:13:24+08:00 ] 127.0.0.1 /blog/index.php/Home/Base/search_list/p/1.html
INFO: [ app_init ] --START--
INFO: Run Behavior\BuildLiteBehavior [ RunTime:0.000009s ]
INFO: [ app_init ] --END-- [ RunTime:0.000265s ]
INFO: [ app_begin ] --START--
INFO: Run Behavior\ReadHtmlCacheBehavior [ RunTime:0.000440s ]
INFO: [ app_begin ] --END-- [ RunTime:0.000483s ]
SQL: SHOW COLUMNS FROM `blog_article` [ RunTime:0.0039s ]
SQL: SELECT COUNT(*) AS tp_count FROM `blog_article` LIMIT 1   [ RunTime:0.0005s ]
NOTIC: [8] Undefined variable: condition D:\PHPstudy\WWW\blog\Application\Home\Controller\BaseController.class.php 第 60 行.
SQL: SELECT * FROM `blog_article` LIMIT 0,1   [ RunTime:0.0004s ]
INFO: [ view_parse ] --START--
INFO: [ template_filter ] --START--
INFO: Run Behavior\ContentReplaceBehavior [ RunTime:0.000090s ]
INFO: [ template_filter ] --END-- [ RunTime:0.000147s ]
NOTIC: [8] Undefined variable: ismobile D:\PHPstudy\WWW\blog\Application\Runtime\Cache\Home\2b1808d3214488fc45e3d52bb8cac625.php 第 100 行.
NOTIC: [8] Undefined variable: link D:\PHPstudy\WWW\blog\Application\Runtime\Cache\Home\2b1808d3214488fc45e3d52bb8cac625.php 第 130 行.
NOTIC: [8] Undefined variable: ip D:\PHPstudy\WWW\blog\Application\Runtime\Cache\Home\2b1808d3214488fc45e3d52bb8cac625.php 第 216 行.
INFO: Run Behavior\ParseTemplateBehavior [ RunTime:0.008029s ]
INFO: [ view_parse ] --END-- [ RunTime:0.008063s ]
INFO: [ view_filter ] --START--
INFO: Run Behavior\WriteHtmlCacheBehavior [ RunTime:0.000190s ]
INFO: [ view_filter ] --END-- [ RunTime:0.000214s ]
INFO: [ app_end ] --START--
INFO: Run Behavior\ShowPageTraceBehavior [ RunTime:0.000421s ]
INFO: [ app_end ] --END-- [ RunTime:0.000453s ]

[ 2018-08-06T14:13:25+08:00 ] 127.0.0.1 /blog/index.php/Home/Base/search_list/p/2.html
INFO: [ app_init ] --START--
INFO: Run Behavior\BuildLiteBehavior [ RunTime:0.000018s ]
INFO: [ app_init ] --END-- [ RunTime:0.000305s ]
INFO: [ app_begin ] --START--
INFO: Run Behavior\ReadHtmlCacheBehavior [ RunTime:0.000295s ]
INFO: [ app_begin ] --END-- [ RunTime:0.000339s ]
SQL: SHOW COLUMNS FROM `blog_article` [ RunTime:0.0047s ]
SQL: SELECT COUNT(*) AS tp_count FROM `blog_article` LIMIT 1   [ RunTime:0.0003s ]
NOTIC: [8] Undefined variable: condition D:\PHPstudy\WWW\blog\Application\Home\Controller\BaseController.class.php 第 60 行.
SQL: SELECT * FROM `blog_article` LIMIT 1,1   [ RunTime:0.0003s ]
INFO: [ view_parse ] --START--
INFO: [ template_filter ] --START--
INFO: Run Behavior\ContentReplaceBehavior [ RunTime:0.000109s ]
INFO: [ template_filter ] --END-- [ RunTime:0.000179s ]
NOTIC: [8] Undefined variable: ismobile D:\PHPstudy\WWW\blog\Application\Runtime\Cache\Home\2b1808d3214488fc45e3d52bb8cac625.php 第 100 行.
NOTIC: [8] Undefined variable: link D:\PHPstudy\WWW\blog\Application\Runtime\Cache\Home\2b1808d3214488fc45e3d52bb8cac625.php 第 130 行.
NOTIC: [8] Undefined variable: ip D:\PHPstudy\WWW\blog\Application\Runtime\Cache\Home\2b1808d3214488fc45e3d52bb8cac625.php 第 216 行.
INFO: Run Behavior\ParseTemplateBehavior [ RunTime:0.008776s ]
INFO: [ view_parse ] --END-- [ RunTime:0.008812s ]
INFO: [ view_filter ] --START--
INFO: Run Behavior\WriteHtmlCacheBehavior [ RunTime:0.000198s ]
INFO: [ view_filter ] --END-- [ RunTime:0.000223s ]
INFO: [ app_end ] --START--
INFO: Run Behavior\ShowPageTraceBehavior [ RunTime:0.000398s ]
INFO: [ app_end ] --END-- [ RunTime:0.000453s ]

[ 2018-08-06T14:13:26+08:00 ] 127.0.0.1 /blog/index.php/Home/Base/search_list/p/1.html
INFO: [ app_init ] --START--
INFO: Run Behavior\BuildLiteBehavior [ RunTime:0.000010s ]
INFO: [ app_init ] --END-- [ RunTime:0.000256s ]
INFO: [ app_begin ] --START--
INFO: Run Behavior\ReadHtmlCacheBehavior [ RunTime:0.000311s ]
INFO: [ app_begin ] --END-- [ RunTime:0.000345s ]
SQL: SHOW COLUMNS FROM `blog_article` [ RunTime:0.0038s ]
SQL: SELECT COUNT(*) AS tp_count FROM `blog_article` LIMIT 1   [ RunTime:0.0003s ]
NOTIC: [8] Undefined variable: condition D:\PHPstudy\WWW\blog\Application\Home\Controller\BaseController.class.php 第 60 行.
SQL: SELECT * FROM `blog_article` LIMIT 0,1   [ RunTime:0.0005s ]
INFO: [ view_parse ] --START--
INFO: [ template_filter ] --START--
INFO: Run Behavior\ContentReplaceBehavior [ RunTime:0.000088s ]
INFO: [ template_filter ] --END-- [ RunTime:0.000135s ]
NOTIC: [8] Undefined variable: ismobile D:\PHPstudy\WWW\blog\Application\Runtime\Cache\Home\2b1808d3214488fc45e3d52bb8cac625.php 第 100 行.
NOTIC: [8] Undefined variable: link D:\PHPstudy\WWW\blog\Application\Runtime\Cache\Home\2b1808d3214488fc45e3d52bb8cac625.php 第 130 行.
NOTIC: [8] Undefined variable: ip D:\PHPstudy\WWW\blog\Application\Runtime\Cache\Home\2b1808d3214488fc45e3d52bb8cac625.php 第 216 行.
INFO: Run Behavior\ParseTemplateBehavior [ RunTime:0.008363s ]
INFO: [ view_parse ] --END-- [ RunTime:0.008445s ]
INFO: [ view_filter ] --START--
INFO: Run Behavior\WriteHtmlCacheBehavior [ RunTime:0.000228s ]
INFO: [ view_filter ] --END-- [ RunTime:0.000252s ]
INFO: [ app_end ] --START--
INFO: Run Behavior\ShowPageTraceBehavior [ RunTime:0.000403s ]
INFO: [ app_end ] --END-- [ RunTime:0.000454s ]

[ 2018-08-06T14:13:27+08:00 ] 127.0.0.1 /blog/index.php/Home/Base/search_list/p/2.html
INFO: [ app_init ] --START--
INFO: Run Behavior\BuildLiteBehavior [ RunTime:0.000017s ]
INFO: [ app_init ] --END-- [ RunTime:0.000426s ]
INFO: [ app_begin ] --START--
INFO: Run Behavior\ReadHtmlCacheBehavior [ RunTime:0.000368s ]
INFO: [ app_begin ] --END-- [ RunTime:0.000404s ]
SQL: SHOW COLUMNS FROM `blog_article` [ RunTime:0.0041s ]
SQL: SELECT COUNT(*) AS tp_count FROM `blog_article` LIMIT 1   [ RunTime:0.0003s ]
NOTIC: [8] Undefined variable: condition D:\PHPstudy\WWW\blog\Application\Home\Controller\BaseController.class.php 第 60 行.
SQL: SELECT * FROM `blog_article` LIMIT 1,1   [ RunTime:0.0009s ]
INFO: [ view_parse ] --START--
INFO: [ template_filter ] --START--
INFO: Run Behavior\ContentReplaceBehavior [ RunTime:0.000096s ]
INFO: [ template_filter ] --END-- [ RunTime:0.000147s ]
NOTIC: [8] Undefined variable: ismobile D:\PHPstudy\WWW\blog\Application\Runtime\Cache\Home\2b1808d3214488fc45e3d52bb8cac625.php 第 100 行.
NOTIC: [8] Undefined variable: link D:\PHPstudy\WWW\blog\Application\Runtime\Cache\Home\2b1808d3214488fc45e3d52bb8cac625.php 第 130 行.
NOTIC: [8] Undefined variable: ip D:\PHPstudy\WWW\blog\Application\Runtime\Cache\Home\2b1808d3214488fc45e3d52bb8cac625.php 第 216 行.
INFO: Run Behavior\ParseTemplateBehavior [ RunTime:0.009796s ]
INFO: [ view_parse ] --END-- [ RunTime:0.009835s ]
INFO: [ view_filter ] --START--
INFO: Run Behavior\WriteHtmlCacheBehavior [ RunTime:0.000210s ]
INFO: [ view_filter ] --END-- [ RunTime:0.000250s ]
INFO: [ app_end ] --START--
INFO: Run Behavior\ShowPageTraceBehavior [ RunTime:0.000395s ]
INFO: [ app_end ] --END-- [ RunTime:0.000429s ]

[ 2018-08-06T14:13:28+08:00 ] 127.0.0.1 /blog/index.php/Home/Base/search_list/p/1.html
INFO: [ app_init ] --START--
INFO: Run Behavior\BuildLiteBehavior [ RunTime:0.000014s ]
INFO: [ app_init ] --END-- [ RunTime:0.000381s ]
INFO: [ app_begin ] --START--
INFO: Run Behavior\ReadHtmlCacheBehavior [ RunTime:0.000606s ]
INFO: [ app_begin ] --END-- [ RunTime:0.000704s ]
SQL: SHOW COLUMNS FROM `blog_article` [ RunTime:0.0038s ]
SQL: SELECT COUNT(*) AS tp_count FROM `blog_article` LIMIT 1   [ RunTime:0.0003s ]
NOTIC: [8] Undefined variable: condition D:\PHPstudy\WWW\blog\Application\Home\Controller\BaseController.class.php 第 60 行.
SQL: SELECT * FROM `blog_article` LIMIT 0,1   [ RunTime:0.0003s ]
INFO: [ view_parse ] --START--
INFO: [ template_filter ] --START--
INFO: Run Behavior\ContentReplaceBehavior [ RunTime:0.000114s ]
INFO: [ template_filter ] --END-- [ RunTime:0.000173s ]
NOTIC: [8] Undefined variable: ismobile D:\PHPstudy\WWW\blog\Application\Runtime\Cache\Home\2b1808d3214488fc45e3d52bb8cac625.php 第 100 行.
NOTIC: [8] Undefined variable: link D:\PHPstudy\WWW\blog\Application\Runtime\Cache\Home\2b1808d3214488fc45e3d52bb8cac625.php 第 130 行.
NOTIC: [8] Undefined variable: ip D:\PHPstudy\WWW\blog\Application\Runtime\Cache\Home\2b1808d3214488fc45e3d52bb8cac625.php 第 216 行.
INFO: Run Behavior\ParseTemplateBehavior [ RunTime:0.010445s ]
INFO: [ view_parse ] --END-- [ RunTime:0.010481s ]
INFO: [ view_filter ] --START--
INFO: Run Behavior\WriteHtmlCacheBehavior [ RunTime:0.000206s ]
INFO: [ view_filter ] --END-- [ RunTime:0.000233s ]
INFO: [ app_end ] --START--
INFO: Run Behavior\ShowPageTraceBehavior [ RunTime:0.000505s ]
INFO: [ app_end ] --END-- [ RunTime:0.000551s ]

[ 2018-08-06T14:14:39+08:00 ] 127.0.0.1 /blog/index.php/Home/Index/index.html
INFO: [ app_init ] --START--
INFO: Run Behavior\BuildLiteBehavior [ RunTime:0.000009s ]
INFO: [ app_init ] --END-- [ RunTime:0.000254s ]
INFO: [ app_begin ] --START--
INFO: Run Behavior\ReadHtmlCacheBehavior [ RunTime:0.000303s ]
INFO: [ app_begin ] --END-- [ RunTime:0.000335s ]
SQL: SHOW COLUMNS FROM `blog_carousel` [ RunTime:0.0038s ]
SQL: SELECT * FROM `blog_carousel`  [ RunTime:0.0004s ]
SQL: SHOW COLUMNS FROM `blog_article` [ RunTime:0.0043s ]
SQL: SELECT COUNT(*) AS tp_count FROM `blog_article` LIMIT 1   [ RunTime:0.0003s ]
SQL: SELECT * FROM `blog_article` ORDER BY time desc LIMIT 0,5   [ RunTime:0.0006s ]
SQL: SHOW COLUMNS FROM `blog_link` [ RunTime:0.0043s ]
SQL: SELECT * FROM `blog_link` ORDER BY sort desc  [ RunTime:0.0004s ]
INFO: [ view_parse ] --START--
INFO: [ template_filter ] --START--
INFO: Run Behavior\ContentReplaceBehavior [ RunTime:0.000101s ]
INFO: [ template_filter ] --END-- [ RunTime:0.000143s ]
NOTIC: [8] Undefined variable: ismobile D:\PHPstudy\WWW\blog\Application\Runtime\Cache\Home\2a94b8bda04ff446dcedd42276fc99ee.php 第 114 行.
NOTIC: [8] Undefined variable: ismobile D:\PHPstudy\WWW\blog\Application\Runtime\Cache\Home\2a94b8bda04ff446dcedd42276fc99ee.php 第 145 行.
INFO: Run Behavior\ParseTemplateBehavior [ RunTime:0.009445s ]
INFO: [ view_parse ] --END-- [ RunTime:0.009480s ]
INFO: [ view_filter ] --START--
INFO: Run Behavior\WriteHtmlCacheBehavior [ RunTime:0.000214s ]
INFO: [ view_filter ] --END-- [ RunTime:0.000239s ]
INFO: [ app_end ] --START--
INFO: Run Behavior\ShowPageTraceBehavior [ RunTime:0.000497s ]
INFO: [ app_end ] --END-- [ RunTime:0.000542s ]

[ 2018-08-06T14:14:42+08:00 ] 127.0.0.1 /blog/index.php/Home/Base/search_list.html
INFO: [ app_init ] --START--
INFO: Run Behavior\BuildLiteBehavior [ RunTime:0.000044s ]
INFO: [ app_init ] --END-- [ RunTime:0.000542s ]
INFO: [ app_begin ] --START--
INFO: Run Behavior\ReadHtmlCacheBehavior [ RunTime:0.000404s ]
INFO: [ app_begin ] --END-- [ RunTime:0.000452s ]
SQL: SHOW COLUMNS FROM `blog_article` [ RunTime:0.0040s ]
SQL: SELECT COUNT(*) AS tp_count FROM `blog_article` LIMIT 1   [ RunTime:0.0003s ]
SQL: SELECT * FROM `blog_article` WHERE `title` LIKE '%1%' LIMIT 0,1   [ RunTime:0.0003s ]
INFO: [ view_parse ] --START--
INFO: [ template_filter ] --START--
INFO: Run Behavior\ContentReplaceBehavior [ RunTime:0.000092s ]
INFO: [ template_filter ] --END-- [ RunTime:0.000148s ]
NOTIC: [8] Undefined variable: ismobile D:\PHPstudy\WWW\blog\Application\Runtime\Cache\Home\2b1808d3214488fc45e3d52bb8cac625.php 第 100 行.
NOTIC: [8] Undefined variable: link D:\PHPstudy\WWW\blog\Application\Runtime\Cache\Home\2b1808d3214488fc45e3d52bb8cac625.php 第 130 行.
NOTIC: [8] Undefined variable: ip D:\PHPstudy\WWW\blog\Application\Runtime\Cache\Home\2b1808d3214488fc45e3d52bb8cac625.php 第 216 行.
INFO: Run Behavior\ParseTemplateBehavior [ RunTime:0.008528s ]
INFO: [ view_parse ] --END-- [ RunTime:0.008571s ]
INFO: [ view_filter ] --START--
INFO: Run Behavior\WriteHtmlCacheBehavior [ RunTime:0.000230s ]
INFO: [ view_filter ] --END-- [ RunTime:0.000257s ]
INFO: [ app_end ] --START--
INFO: Run Behavior\ShowPageTraceBehavior [ RunTime:0.000375s ]
INFO: [ app_end ] --END-- [ RunTime:0.000403s ]

[ 2018-08-06T14:14:44+08:00 ] 127.0.0.1 /blog/index.php/Home/Index/index.html
INFO: [ app_init ] --START--
INFO: Run Behavior\BuildLiteBehavior [ RunTime:0.000010s ]
INFO: [ app_init ] --END-- [ RunTime:0.000276s ]
INFO: [ app_begin ] --START--
INFO: Run Behavior\ReadHtmlCacheBehavior [ RunTime:0.000321s ]
INFO: [ app_begin ] --END-- [ RunTime:0.000352s ]
SQL: SHOW COLUMNS FROM `blog_carousel` [ RunTime:0.0039s ]
SQL: SELECT * FROM `blog_carousel`  [ RunTime:0.0004s ]
SQL: SHOW COLUMNS FROM `blog_article` [ RunTime:0.0049s ]
SQL: SELECT COUNT(*) AS tp_count FROM `blog_article` LIMIT 1   [ RunTime:0.0003s ]
SQL: SELECT * FROM `blog_article` ORDER BY time desc LIMIT 0,5   [ RunTime:0.0004s ]
SQL: SHOW COLUMNS FROM `blog_link` [ RunTime:0.0042s ]
SQL: SELECT * FROM `blog_link` ORDER BY sort desc  [ RunTime:0.0004s ]
INFO: [ view_parse ] --START--
INFO: [ template_filter ] --START--
INFO: Run Behavior\ContentReplaceBehavior [ RunTime:0.000075s ]
INFO: [ template_filter ] --END-- [ RunTime:0.000122s ]
NOTIC: [8] Undefined variable: ismobile D:\PHPstudy\WWW\blog\Application\Runtime\Cache\Home\2a94b8bda04ff446dcedd42276fc99ee.php 第 114 行.
NOTIC: [8] Undefined variable: ismobile D:\PHPstudy\WWW\blog\Application\Runtime\Cache\Home\2a94b8bda04ff446dcedd42276fc99ee.php 第 145 行.
INFO: Run Behavior\ParseTemplateBehavior [ RunTime:0.008992s ]
INFO: [ view_parse ] --END-- [ RunTime:0.009055s ]
INFO: [ view_filter ] --START--
INFO: Run Behavior\WriteHtmlCacheBehavior [ RunTime:0.000187s ]
INFO: [ view_filter ] --END-- [ RunTime:0.000210s ]
INFO: [ app_end ] --START--
INFO: Run Behavior\ShowPageTraceBehavior [ RunTime:0.000382s ]
INFO: [ app_end ] --END-- [ RunTime:0.000410s ]

[ 2018-08-06T14:14:46+08:00 ] 127.0.0.1 /blog/index.php/Home/Base/search_list.html
INFO: [ app_init ] --START--
INFO: Run Behavior\BuildLiteBehavior [ RunTime:0.000015s ]
INFO: [ app_init ] --END-- [ RunTime:0.000376s ]
INFO: [ app_begin ] --START--
INFO: Run Behavior\ReadHtmlCacheBehavior [ RunTime:0.000460s ]
INFO: [ app_begin ] --END-- [ RunTime:0.000512s ]
SQL: SHOW COLUMNS FROM `blog_article` [ RunTime:0.0045s ]
SQL: SELECT COUNT(*) AS tp_count FROM `blog_article` LIMIT 1   [ RunTime:0.0003s ]
NOTIC: [8] Undefined variable: condition D:\PHPstudy\WWW\blog\Application\Home\Controller\BaseController.class.php 第 60 行.
SQL: SELECT * FROM `blog_article` LIMIT 0,1   [ RunTime:0.0005s ]
INFO: [ view_parse ] --START--
INFO: [ template_filter ] --START--
INFO: Run Behavior\ContentReplaceBehavior [ RunTime:0.000081s ]
INFO: [ template_filter ] --END-- [ RunTime:0.000125s ]
NOTIC: [8] Undefined variable: ismobile D:\PHPstudy\WWW\blog\Application\Runtime\Cache\Home\2b1808d3214488fc45e3d52bb8cac625.php 第 100 行.
NOTIC: [8] Undefined variable: link D:\PHPstudy\WWW\blog\Application\Runtime\Cache\Home\2b1808d3214488fc45e3d52bb8cac625.php 第 130 行.
NOTIC: [8] Undefined variable: ip D:\PHPstudy\WWW\blog\Application\Runtime\Cache\Home\2b1808d3214488fc45e3d52bb8cac625.php 第 216 行.
INFO: Run Behavior\ParseTemplateBehavior [ RunTime:0.009759s ]
INFO: [ view_parse ] --END-- [ RunTime:0.009805s ]
INFO: [ view_filter ] --START--
INFO: Run Behavior\WriteHtmlCacheBehavior [ RunTime:0.000219s ]
INFO: [ view_filter ] --END-- [ RunTime:0.000250s ]
INFO: [ app_end ] --START--
INFO: Run Behavior\ShowPageTraceBehavior [ RunTime:0.000457s ]
INFO: [ app_end ] --END-- [ RunTime:0.000498s ]

[ 2018-08-06T14:14:48+08:00 ] 127.0.0.1 /blog/index.php/Home/Base/search_list/p/2.html
INFO: [ app_init ] --START--
INFO: Run Behavior\BuildLiteBehavior [ RunTime:0.000010s ]
INFO: [ app_init ] --END-- [ RunTime:0.000252s ]
INFO: [ app_begin ] --START--
INFO: Run Behavior\ReadHtmlCacheBehavior [ RunTime:0.000326s ]
INFO: [ app_begin ] --END-- [ RunTime:0.000355s ]
SQL: SHOW COLUMNS FROM `blog_article` [ RunTime:0.0042s ]
SQL: SELECT COUNT(*) AS tp_count FROM `blog_article` LIMIT 1   [ RunTime:0.0003s ]
NOTIC: [8] Undefined variable: condition D:\PHPstudy\WWW\blog\Application\Home\Controller\BaseController.class.php 第 60 行.
SQL: SELECT * FROM `blog_article` LIMIT 1,1   [ RunTime:0.0005s ]
INFO: [ view_parse ] --START--
INFO: [ template_filter ] --START--
INFO: Run Behavior\ContentReplaceBehavior [ RunTime:0.000101s ]
INFO: [ template_filter ] --END-- [ RunTime:0.000153s ]
NOTIC: [8] Undefined variable: ismobile D:\PHPstudy\WWW\blog\Application\Runtime\Cache\Home\2b1808d3214488fc45e3d52bb8cac625.php 第 100 行.
NOTIC: [8] Undefined variable: link D:\PHPstudy\WWW\blog\Application\Runtime\Cache\Home\2b1808d3214488fc45e3d52bb8cac625.php 第 130 行.
NOTIC: [8] Undefined variable: ip D:\PHPstudy\WWW\blog\Application\Runtime\Cache\Home\2b1808d3214488fc45e3d52bb8cac625.php 第 216 行.
INFO: Run Behavior\ParseTemplateBehavior [ RunTime:0.007465s ]
INFO: [ view_parse ] --END-- [ RunTime:0.007497s ]
INFO: [ view_filter ] --START--
INFO: Run Behavior\WriteHtmlCacheBehavior [ RunTime:0.000171s ]
INFO: [ view_filter ] --END-- [ RunTime:0.000193s ]
INFO: [ app_end ] --START--
INFO: Run Behavior\ShowPageTraceBehavior [ RunTime:0.000361s ]
INFO: [ app_end ] --END-- [ RunTime:0.000389s ]

[ 2018-08-06T14:14:52+08:00 ] 127.0.0.1 /blog/index.php/Home/Index/index.html
INFO: [ app_init ] --START--
INFO: Run Behavior\BuildLiteBehavior [ RunTime:0.000009s ]
INFO: [ app_init ] --END-- [ RunTime:0.000273s ]
INFO: [ app_begin ] --START--
INFO: Run Behavior\ReadHtmlCacheBehavior [ RunTime:0.000332s ]
INFO: [ app_begin ] --END-- [ RunTime:0.000368s ]
SQL: SHOW COLUMNS FROM `blog_carousel` [ RunTime:0.0038s ]
SQL: SELECT * FROM `blog_carousel`  [ RunTime:0.0003s ]
SQL: SHOW COLUMNS FROM `blog_article` [ RunTime:0.0042s ]
SQL: SELECT COUNT(*) AS tp_count FROM `blog_article` LIMIT 1   [ RunTime:0.0005s ]
SQL: SELECT * FROM `blog_article` ORDER BY time desc LIMIT 0,5   [ RunTime:0.0004s ]
SQL: SHOW COLUMNS FROM `blog_link` [ RunTime:0.0039s ]
SQL: SELECT * FROM `blog_link` ORDER BY sort desc  [ RunTime:0.0004s ]
INFO: [ view_parse ] --START--
INFO: [ template_filter ] --START--
INFO: Run Behavior\ContentReplaceBehavior [ RunTime:0.000099s ]
INFO: [ template_filter ] --END-- [ RunTime:0.000132s ]
NOTIC: [8] Undefined variable: ismobile D:\PHPstudy\WWW\blog\Application\Runtime\Cache\Home\2a94b8bda04ff446dcedd42276fc99ee.php 第 114 行.
NOTIC: [8] Undefined variable: ismobile D:\PHPstudy\WWW\blog\Application\Runtime\Cache\Home\2a94b8bda04ff446dcedd42276fc99ee.php 第 145 行.
INFO: Run Behavior\ParseTemplateBehavior [ RunTime:0.008858s ]
INFO: [ view_parse ] --END-- [ RunTime:0.008896s ]
INFO: [ view_filter ] --START--
INFO: Run Behavior\WriteHtmlCacheBehavior [ RunTime:0.000195s ]
INFO: [ view_filter ] --END-- [ RunTime:0.000229s ]
INFO: [ app_end ] --START--
INFO: Run Behavior\ShowPageTraceBehavior [ RunTime:0.000365s ]
INFO: [ app_end ] --END-- [ RunTime:0.000404s ]

[ 2018-08-06T14:15:01+08:00 ] 127.0.0.1 /blog/index.php/Home/Index/index.html
INFO: [ app_init ] --START--
INFO: Run Behavior\BuildLiteBehavior [ RunTime:0.000009s ]
INFO: [ app_init ] --END-- [ RunTime:0.000250s ]
INFO: [ app_begin ] --START--
INFO: Run Behavior\ReadHtmlCacheBehavior [ RunTime:0.000323s ]
INFO: [ app_begin ] --END-- [ RunTime:0.000354s ]
SQL: SHOW COLUMNS FROM `blog_carousel` [ RunTime:0.0042s ]
SQL: SELECT * FROM `blog_carousel`  [ RunTime:0.0004s ]
SQL: SHOW COLUMNS FROM `blog_article` [ RunTime:0.0044s ]
SQL: SELECT COUNT(*) AS tp_count FROM `blog_article` LIMIT 1   [ RunTime:0.0005s ]
SQL: SELECT * FROM `blog_article` ORDER BY time desc LIMIT 0,5   [ RunTime:0.0009s ]
SQL: SHOW COLUMNS FROM `blog_link` [ RunTime:0.0201s ]
SQL: SELECT * FROM `blog_link` ORDER BY sort desc  [ RunTime:0.0005s ]
INFO: [ view_parse ] --START--
INFO: [ template_filter ] --START--
INFO: Run Behavior\ContentReplaceBehavior [ RunTime:0.000101s ]
INFO: [ template_filter ] --END-- [ RunTime:0.000150s ]
NOTIC: [8] Undefined variable: ismobile D:\PHPstudy\WWW\blog\Application\Runtime\Cache\Home\2a94b8bda04ff446dcedd42276fc99ee.php 第 114 行.
NOTIC: [8] Undefined variable: ismobile D:\PHPstudy\WWW\blog\Application\Runtime\Cache\Home\2a94b8bda04ff446dcedd42276fc99ee.php 第 145 行.
INFO: Run Behavior\ParseTemplateBehavior [ RunTime:0.010240s ]
INFO: [ view_parse ] --END-- [ RunTime:0.010277s ]
INFO: [ view_filter ] --START--
INFO: Run Behavior\WriteHtmlCacheBehavior [ RunTime:0.000219s ]
INFO: [ view_filter ] --END-- [ RunTime:0.000244s ]
INFO: [ app_end ] --START--
INFO: Run Behavior\ShowPageTraceBehavior [ RunTime:0.000382s ]
INFO: [ app_end ] --END-- [ RunTime:0.000420s ]

[ 2018-08-06T14:15:04+08:00 ] 127.0.0.1 /blog/index.php/Home/Article/article_info.html?id=14
INFO: [ app_init ] --START--
INFO: Run Behavior\BuildLiteBehavior [ RunTime:0.000022s ]
INFO: [ app_init ] --END-- [ RunTime:0.000387s ]
INFO: [ app_begin ] --START--
INFO: Run Behavior\ReadHtmlCacheBehavior [ RunTime:0.000359s ]
INFO: [ app_begin ] --END-- [ RunTime:0.000399s ]
SQL: SHOW COLUMNS FROM `blog_article` [ RunTime:0.0043s ]
SQL: SELECT * FROM `blog_article` WHERE `id` = 14 LIMIT 1   [ RunTime:0.0004s ]
SQL: SHOW COLUMNS FROM `blog_link` [ RunTime:0.0058s ]
SQL: SELECT * FROM `blog_link` ORDER BY sort desc  [ RunTime:0.0006s ]
INFO: [ view_parse ] --START--
INFO: [ template_filter ] --START--
INFO: Run Behavior\ContentReplaceBehavior [ RunTime:0.000067s ]
INFO: [ template_filter ] --END-- [ RunTime:0.000110s ]
NOTIC: [8] Undefined variable: ismobile D:\PHPstudy\WWW\blog\Application\Runtime\Cache\Home\cb5c2262658e8d5174192b068cf3c2a0.php 第 126 行.
INFO: Run Behavior\ParseTemplateBehavior [ RunTime:0.007066s ]
INFO: [ view_parse ] --END-- [ RunTime:0.007112s ]
INFO: [ view_filter ] --START--
INFO: Run Behavior\WriteHtmlCacheBehavior [ RunTime:0.000209s ]
INFO: [ view_filter ] --END-- [ RunTime:0.000233s ]
INFO: [ app_end ] --START--
INFO: Run Behavior\ShowPageTraceBehavior [ RunTime:0.000385s ]
INFO: [ app_end ] --END-- [ RunTime:0.000418s ]

[ 2018-08-06T14:15:04+08:00 ] 127.0.0.1 /blog/index.php/Home/Article/assets/i/f10.jpg
INFO: [ app_init ] --START--
INFO: Run Behavior\BuildLiteBehavior [ RunTime:0.000018s ]
INFO: [ app_init ] --END-- [ RunTime:0.000556s ]

[ 2018-08-06T14:15:08+08:00 ] 127.0.0.1 /blog/index.php/Home/Index/index.html
INFO: [ app_init ] --START--
INFO: Run Behavior\BuildLiteBehavior [ RunTime:0.000011s ]
INFO: [ app_init ] --END-- [ RunTime:0.000336s ]
INFO: [ app_begin ] --START--
INFO: Run Behavior\ReadHtmlCacheBehavior [ RunTime:0.000314s ]
INFO: [ app_begin ] --END-- [ RunTime:0.000346s ]
SQL: SHOW COLUMNS FROM `blog_carousel` [ RunTime:0.0053s ]
SQL: SELECT * FROM `blog_carousel`  [ RunTime:0.0004s ]
SQL: SHOW COLUMNS FROM `blog_article` [ RunTime:0.0039s ]
SQL: SELECT COUNT(*) AS tp_count FROM `blog_article` LIMIT 1   [ RunTime:0.0004s ]
SQL: SELECT * FROM `blog_article` ORDER BY time desc LIMIT 0,5   [ RunTime:0.0005s ]
SQL: SHOW COLUMNS FROM `blog_link` [ RunTime:0.0040s ]
SQL: SELECT * FROM `blog_link` ORDER BY sort desc  [ RunTime:0.0005s ]
INFO: [ view_parse ] --START--
INFO: [ template_filter ] --START--
INFO: Run Behavior\ContentReplaceBehavior [ RunTime:0.000081s ]
INFO: [ template_filter ] --END-- [ RunTime:0.000121s ]
NOTIC: [8] Undefined variable: ismobile D:\PHPstudy\WWW\blog\Application\Runtime\Cache\Home\2a94b8bda04ff446dcedd42276fc99ee.php 第 114 行.
NOTIC: [8] Undefined variable: ismobile D:\PHPstudy\WWW\blog\Application\Runtime\Cache\Home\2a94b8bda04ff446dcedd42276fc99ee.php 第 145 行.
INFO: Run Behavior\ParseTemplateBehavior [ RunTime:0.011228s ]
INFO: [ view_parse ] --END-- [ RunTime:0.011277s ]
INFO: [ view_filter ] --START--
INFO: Run Behavior\WriteHtmlCacheBehavior [ RunTime:0.000259s ]
INFO: [ view_filter ] --END-- [ RunTime:0.000297s ]
INFO: [ app_end ] --START--
INFO: Run Behavior\ShowPageTraceBehavior [ RunTime:0.000501s ]
INFO: [ app_end ] --END-- [ RunTime:0.000545s ]

[ 2018-08-06T14:15:11+08:00 ] 127.0.0.1 /blog/index.php/Home/Base/search_list.html
INFO: [ app_init ] --START--
INFO: Run Behavior\BuildLiteBehavior [ RunTime:0.000011s ]
INFO: [ app_init ] --END-- [ RunTime:0.000295s ]
INFO: [ app_begin ] --START--
INFO: Run Behavior\ReadHtmlCacheBehavior [ RunTime:0.000649s ]
INFO: [ app_begin ] --END-- [ RunTime:0.000780s ]
SQL: SHOW COLUMNS FROM `blog_article` [ RunTime:0.0038s ]
SQL: SELECT COUNT(*) AS tp_count FROM `blog_article` LIMIT 1   [ RunTime:0.0004s ]
SQL: SELECT * FROM `blog_article` WHERE `title` LIKE '%1%' LIMIT 0,5   [ RunTime:0.0004s ]
INFO: [ view_parse ] --START--
INFO: [ template_filter ] --START--
INFO: Run Behavior\ContentReplaceBehavior [ RunTime:0.000097s ]
INFO: [ template_filter ] --END-- [ RunTime:0.000135s ]
NOTIC: [8] Undefined variable: ismobile D:\PHPstudy\WWW\blog\Application\Runtime\Cache\Home\2b1808d3214488fc45e3d52bb8cac625.php 第 100 行.
NOTIC: [8] Undefined variable: link D:\PHPstudy\WWW\blog\Application\Runtime\Cache\Home\2b1808d3214488fc45e3d52bb8cac625.php 第 130 行.
NOTIC: [8] Undefined variable: ip D:\PHPstudy\WWW\blog\Application\Runtime\Cache\Home\2b1808d3214488fc45e3d52bb8cac625.php 第 216 行.
INFO: Run Behavior\ParseTemplateBehavior [ RunTime:0.009091s ]
INFO: [ view_parse ] --END-- [ RunTime:0.009123s ]
INFO: [ view_filter ] --START--
INFO: Run Behavior\WriteHtmlCacheBehavior [ RunTime:0.000249s ]
INFO: [ view_filter ] --END-- [ RunTime:0.000272s ]
INFO: [ app_end ] --START--
INFO: Run Behavior\ShowPageTraceBehavior [ RunTime:0.000418s ]
INFO: [ app_end ] --END-- [ RunTime:0.000447s ]

[ 2018-08-06T14:15:14+08:00 ] 127.0.0.1 /blog/index.php/Home/Index/index.html
INFO: [ app_init ] --START--
INFO: Run Behavior\BuildLiteBehavior [ RunTime:0.000010s ]
INFO: [ app_init ] --END-- [ RunTime:0.000244s ]
INFO: [ app_begin ] --START--
INFO: Run Behavior\ReadHtmlCacheBehavior [ RunTime:0.000349s ]
INFO: [ app_begin ] --END-- [ RunTime:0.000386s ]
SQL: SHOW COLUMNS FROM `blog_carousel` [ RunTime:0.0042s ]
SQL: SELECT * FROM `blog_carousel`  [ RunTime:0.0005s ]
SQL: SHOW COLUMNS FROM `blog_article` [ RunTime:0.0114s ]
SQL: SELECT COUNT(*) AS tp_count FROM `blog_article` LIMIT 1   [ RunTime:0.0003s ]
SQL: SELECT * FROM `blog_article` ORDER BY time desc LIMIT 0,5   [ RunTime:0.0003s ]
SQL: SHOW COLUMNS FROM `blog_link` [ RunTime:0.0038s ]
SQL: SELECT * FROM `blog_link` ORDER BY sort desc  [ RunTime:0.0003s ]
INFO: [ view_parse ] --START--
INFO: [ template_filter ] --START--
INFO: Run Behavior\ContentReplaceBehavior [ RunTime:0.000114s ]
INFO: [ template_filter ] --END-- [ RunTime:0.000169s ]
NOTIC: [8] Undefined variable: ismobile D:\PHPstudy\WWW\blog\Application\Runtime\Cache\Home\2a94b8bda04ff446dcedd42276fc99ee.php 第 114 行.
NOTIC: [8] Undefined variable: ismobile D:\PHPstudy\WWW\blog\Application\Runtime\Cache\Home\2a94b8bda04ff446dcedd42276fc99ee.php 第 145 行.
INFO: Run Behavior\ParseTemplateBehavior [ RunTime:0.010115s ]
INFO: [ view_parse ] --END-- [ RunTime:0.010149s ]
INFO: [ view_filter ] --START--
INFO: Run Behavior\WriteHtmlCacheBehavior [ RunTime:0.000196s ]
INFO: [ view_filter ] --END-- [ RunTime:0.000227s ]
INFO: [ app_end ] --START--
INFO: Run Behavior\ShowPageTraceBehavior [ RunTime:0.000453s ]
INFO: [ app_end ] --END-- [ RunTime:0.000533s ]

[ 2018-08-06T14:15:16+08:00 ] 127.0.0.1 /blog/index.php/Home/Base/search_list.html
INFO: [ app_init ] --START--
INFO: Run Behavior\BuildLiteBehavior [ RunTime:0.000014s ]
INFO: [ app_init ] --END-- [ RunTime:0.000399s ]
INFO: [ app_begin ] --START--
INFO: Run Behavior\ReadHtmlCacheBehavior [ RunTime:0.000496s ]
INFO: [ app_begin ] --END-- [ RunTime:0.000552s ]
SQL: SHOW COLUMNS FROM `blog_article` [ RunTime:0.0041s ]
SQL: SELECT COUNT(*) AS tp_count FROM `blog_article` LIMIT 1   [ RunTime:0.0003s ]
NOTIC: [8] Undefined variable: condition D:\PHPstudy\WWW\blog\Application\Home\Controller\BaseController.class.php 第 60 行.
SQL: SELECT * FROM `blog_article` LIMIT 0,5   [ RunTime:0.0006s ]
INFO: [ view_parse ] --START--
INFO: [ template_filter ] --START--
INFO: Run Behavior\ContentReplaceBehavior [ RunTime:0.000118s ]
INFO: [ template_filter ] --END-- [ RunTime:0.000172s ]
NOTIC: [8] Undefined variable: ismobile D:\PHPstudy\WWW\blog\Application\Runtime\Cache\Home\2b1808d3214488fc45e3d52bb8cac625.php 第 100 行.
NOTIC: [8] Undefined variable: link D:\PHPstudy\WWW\blog\Application\Runtime\Cache\Home\2b1808d3214488fc45e3d52bb8cac625.php 第 130 行.
NOTIC: [8] Undefined variable: ip D:\PHPstudy\WWW\blog\Application\Runtime\Cache\Home\2b1808d3214488fc45e3d52bb8cac625.php 第 216 行.
INFO: Run Behavior\ParseTemplateBehavior [ RunTime:0.010042s ]
INFO: [ view_parse ] --END-- [ RunTime:0.010089s ]
INFO: [ view_filter ] --START--
INFO: Run Behavior\WriteHtmlCacheBehavior [ RunTime:0.000199s ]
INFO: [ view_filter ] --END-- [ RunTime:0.000225s ]
INFO: [ app_end ] --START--
INFO: Run Behavior\ShowPageTraceBehavior [ RunTime:0.000496s ]
INFO: [ app_end ] --END-- [ RunTime:0.000542s ]

[ 2018-08-06T14:15:42+08:00 ] 127.0.0.1 /blog/index.php/Home/Base/search_list.html
INFO: [ app_init ] --START--
INFO: Run Behavior\BuildLiteBehavior [ RunTime:0.000008s ]
INFO: [ app_init ] --END-- [ RunTime:0.000272s ]
INFO: [ app_begin ] --START--
INFO: Run Behavior\ReadHtmlCacheBehavior [ RunTime:0.000287s ]
INFO: [ app_begin ] --END-- [ RunTime:0.000318s ]
SQL: SHOW COLUMNS FROM `blog_article` [ RunTime:0.0040s ]
SQL: SELECT COUNT(*) AS tp_count FROM `blog_article` LIMIT 1   [ RunTime:0.0003s ]
NOTIC: [8] Undefined variable: condition D:\PHPstudy\WWW\blog\Application\Home\Controller\BaseController.class.php 第 60 行.
SQL: SELECT * FROM `blog_article` LIMIT 0,5   [ RunTime:0.0003s ]
INFO: [ view_parse ] --START--
INFO: [ template_filter ] --START--
INFO: Run Behavior\ContentReplaceBehavior [ RunTime:0.000072s ]
INFO: [ template_filter ] --END-- [ RunTime:0.000109s ]
NOTIC: [8] Undefined variable: ismobile D:\PHPstudy\WWW\blog\Application\Runtime\Cache\Home\2b1808d3214488fc45e3d52bb8cac625.php 第 100 行.
NOTIC: [8] Undefined variable: link D:\PHPstudy\WWW\blog\Application\Runtime\Cache\Home\2b1808d3214488fc45e3d52bb8cac625.php 第 130 行.
NOTIC: [8] Undefined variable: ip D:\PHPstudy\WWW\blog\Application\Runtime\Cache\Home\2b1808d3214488fc45e3d52bb8cac625.php 第 216 行.
INFO: Run Behavior\ParseTemplateBehavior [ RunTime:0.008749s ]
INFO: [ view_parse ] --END-- [ RunTime:0.008791s ]
INFO: [ view_filter ] --START--
INFO: Run Behavior\WriteHtmlCacheBehavior [ RunTime:0.000330s ]
INFO: [ view_filter ] --END-- [ RunTime:0.000355s ]
INFO: [ app_end ] --START--
INFO: Run Behavior\ShowPageTraceBehavior [ RunTime:0.000931s ]
INFO: [ app_end ] --END-- [ RunTime:0.001019s ]

[ 2018-08-06T14:16:18+08:00 ] 127.0.0.1 /blog/index.php/Home/Index/index.html
INFO: [ app_init ] --START--
INFO: Run Behavior\BuildLiteBehavior [ RunTime:0.000008s ]
INFO: [ app_init ] --END-- [ RunTime:0.000274s ]
INFO: [ app_begin ] --START--
INFO: Run Behavior\ReadHtmlCacheBehavior [ RunTime:0.000288s ]
INFO: [ app_begin ] --END-- [ RunTime:0.000319s ]
SQL: SHOW COLUMNS FROM `blog_carousel` [ RunTime:0.0037s ]
SQL: SELECT * FROM `blog_carousel`  [ RunTime:0.0004s ]
SQL: SHOW COLUMNS FROM `blog_article` [ RunTime:0.0036s ]
SQL: SELECT COUNT(*) AS tp_count FROM `blog_article` LIMIT 1   [ RunTime:0.0004s ]
SQL: SELECT * FROM `blog_article` ORDER BY time desc LIMIT 0,5   [ RunTime:0.0006s ]
SQL: SHOW COLUMNS FROM `blog_link` [ RunTime:0.0051s ]
SQL: SELECT * FROM `blog_link` ORDER BY sort desc  [ RunTime:0.0004s ]
INFO: [ view_parse ] --START--
INFO: [ template_filter ] --START--
INFO: Run Behavior\ContentReplaceBehavior [ RunTime:0.000075s ]
INFO: [ template_filter ] --END-- [ RunTime:0.000116s ]
NOTIC: [8] Undefined variable: ismobile D:\PHPstudy\WWW\blog\Application\Runtime\Cache\Home\2a94b8bda04ff446dcedd42276fc99ee.php 第 114 行.
NOTIC: [8] Undefined variable: ismobile D:\PHPstudy\WWW\blog\Application\Runtime\Cache\Home\2a94b8bda04ff446dcedd42276fc99ee.php 第 145 行.
INFO: Run Behavior\ParseTemplateBehavior [ RunTime:0.008878s ]
INFO: [ view_parse ] --END-- [ RunTime:0.008920s ]
INFO: [ view_filter ] --START--
INFO: Run Behavior\WriteHtmlCacheBehavior [ RunTime:0.000251s ]
INFO: [ view_filter ] --END-- [ RunTime:0.000280s ]
INFO: [ app_end ] --START--
INFO: Run Behavior\ShowPageTraceBehavior [ RunTime:0.000524s ]
INFO: [ app_end ] --END-- [ RunTime:0.000568s ]

[ 2018-08-06T14:16:24+08:00 ] 127.0.0.1 /blog/index.php/Home/Base/search_list.html
INFO: [ app_init ] --START--
INFO: Run Behavior\BuildLiteBehavior [ RunTime:0.000011s ]
INFO: [ app_init ] --END-- [ RunTime:0.000264s ]
INFO: [ app_begin ] --START--
INFO: Run Behavior\ReadHtmlCacheBehavior [ RunTime:0.000574s ]
INFO: [ app_begin ] --END-- [ RunTime:0.000620s ]
SQL: SHOW COLUMNS FROM `blog_article` [ RunTime:0.0039s ]
SQL: SELECT COUNT(*) AS tp_count FROM `blog_article` LIMIT 1   [ RunTime:0.0003s ]
SQL: SELECT * FROM `blog_article` WHERE `title` LIKE '%1%' LIMIT 0,5   [ RunTime:0.0004s ]
INFO: [ view_parse ] --START--
INFO: [ template_filter ] --START--
INFO: Run Behavior\ContentReplaceBehavior [ RunTime:0.000087s ]
INFO: [ template_filter ] --END-- [ RunTime:0.000134s ]
NOTIC: [8] Undefined variable: ismobile D:\PHPstudy\WWW\blog\Application\Runtime\Cache\Home\2b1808d3214488fc45e3d52bb8cac625.php 第 100 行.
NOTIC: [8] Undefined variable: link D:\PHPstudy\WWW\blog\Application\Runtime\Cache\Home\2b1808d3214488fc45e3d52bb8cac625.php 第 130 行.
NOTIC: [8] Undefined variable: ip D:\PHPstudy\WWW\blog\Application\Runtime\Cache\Home\2b1808d3214488fc45e3d52bb8cac625.php 第 216 行.
INFO: Run Behavior\ParseTemplateBehavior [ RunTime:0.009165s ]
INFO: [ view_parse ] --END-- [ RunTime:0.009199s ]
INFO: [ view_filter ] --START--
INFO: Run Behavior\WriteHtmlCacheBehavior [ RunTime:0.000204s ]
INFO: [ view_filter ] --END-- [ RunTime:0.000229s ]
INFO: [ app_end ] --START--
INFO: Run Behavior\ShowPageTraceBehavior [ RunTime:0.000437s ]
INFO: [ app_end ] --END-- [ RunTime:0.000486s ]

[ 2018-08-06T14:16:26+08:00 ] 127.0.0.1 /blog/index.php/Home/Index/index.html
INFO: [ app_init ] --START--
INFO: Run Behavior\BuildLiteBehavior [ RunTime:0.000010s ]
INFO: [ app_init ] --END-- [ RunTime:0.000274s ]
INFO: [ app_begin ] --START--
INFO: Run Behavior\ReadHtmlCacheBehavior [ RunTime:0.000295s ]
INFO: [ app_begin ] --END-- [ RunTime:0.000327s ]
SQL: SHOW COLUMNS FROM `blog_carousel` [ RunTime:0.0037s ]
SQL: SELECT * FROM `blog_carousel`  [ RunTime:0.0004s ]
SQL: SHOW COLUMNS FROM `blog_article` [ RunTime:0.0037s ]
SQL: SELECT COUNT(*) AS tp_count FROM `blog_article` LIMIT 1   [ RunTime:0.0003s ]
SQL: SELECT * FROM `blog_article` ORDER BY time desc LIMIT 0,5   [ RunTime:0.0004s ]
SQL: SHOW COLUMNS FROM `blog_link` [ RunTime:0.0044s ]
SQL: SELECT * FROM `blog_link` ORDER BY sort desc  [ RunTime:0.0009s ]
INFO: [ view_parse ] --START--
INFO: [ template_filter ] --START--
INFO: Run Behavior\ContentReplaceBehavior [ RunTime:0.000124s ]
INFO: [ template_filter ] --END-- [ RunTime:0.000184s ]
NOTIC: [8] Undefined variable: ismobile D:\PHPstudy\WWW\blog\Application\Runtime\Cache\Home\2a94b8bda04ff446dcedd42276fc99ee.php 第 114 行.
NOTIC: [8] Undefined variable: ismobile D:\PHPstudy\WWW\blog\Application\Runtime\Cache\Home\2a94b8bda04ff446dcedd42276fc99ee.php 第 145 行.
INFO: Run Behavior\ParseTemplateBehavior [ RunTime:0.011803s ]
INFO: [ view_parse ] --END-- [ RunTime:0.011847s ]
INFO: [ view_filter ] --START--
INFO: Run Behavior\WriteHtmlCacheBehavior [ RunTime:0.000207s ]
INFO: [ view_filter ] --END-- [ RunTime:0.000240s ]
INFO: [ app_end ] --START--
INFO: Run Behavior\ShowPageTraceBehavior [ RunTime:0.000504s ]
INFO: [ app_end ] --END-- [ RunTime:0.000561s ]

[ 2018-08-06T14:16:31+08:00 ] 127.0.0.1 /blog/index.php/Home/Base/search_list.html
INFO: [ app_init ] --START--
INFO: Run Behavior\BuildLiteBehavior [ RunTime:0.000010s ]
INFO: [ app_init ] --END-- [ RunTime:0.000270s ]
INFO: [ app_begin ] --START--
INFO: Run Behavior\ReadHtmlCacheBehavior [ RunTime:0.000295s ]
INFO: [ app_begin ] --END-- [ RunTime:0.000329s ]
SQL: SHOW COLUMNS FROM `blog_article` [ RunTime:0.0237s ]
SQL: SELECT COUNT(*) AS tp_count FROM `blog_article` LIMIT 1   [ RunTime:0.0003s ]
SQL: SELECT * FROM `blog_article` WHERE `title` LIKE '%2%' LIMIT 0,5   [ RunTime:0.0005s ]
SQL: SELECT * FROM `blog_article`  [ RunTime:0.0004s ]
INFO: [ view_parse ] --START--
INFO: [ template_filter ] --START--
INFO: Run Behavior\ContentReplaceBehavior [ RunTime:0.000074s ]
INFO: [ template_filter ] --END-- [ RunTime:0.000112s ]
NOTIC: [8] Undefined variable: ismobile D:\PHPstudy\WWW\blog\Application\Runtime\Cache\Home\2b1808d3214488fc45e3d52bb8cac625.php 第 100 行.
NOTIC: [8] Undefined variable: link D:\PHPstudy\WWW\blog\Application\Runtime\Cache\Home\2b1808d3214488fc45e3d52bb8cac625.php 第 130 行.
NOTIC: [8] Undefined variable: ip D:\PHPstudy\WWW\blog\Application\Runtime\Cache\Home\2b1808d3214488fc45e3d52bb8cac625.php 第 216 行.
INFO: Run Behavior\ParseTemplateBehavior [ RunTime:0.009497s ]
INFO: [ view_parse ] --END-- [ RunTime:0.009531s ]
INFO: [ view_filter ] --START--
INFO: Run Behavior\WriteHtmlCacheBehavior [ RunTime:0.000177s ]
INFO: [ view_filter ] --END-- [ RunTime:0.000203s ]
INFO: [ app_end ] --START--
INFO: Run Behavior\ShowPageTraceBehavior [ RunTime:0.000394s ]
INFO: [ app_end ] --END-- [ RunTime:0.000428s ]

[ 2018-08-06T14:16:43+08:00 ] 127.0.0.1 /blog/index.php/Home/Comment/index.html
INFO: [ app_init ] --START--
INFO: Run Behavior\BuildLiteBehavior [ RunTime:0.000019s ]
INFO: [ app_init ] --END-- [ RunTime:0.000436s ]
INFO: [ app_begin ] --START--
INFO: Run Behavior\ReadHtmlCacheBehavior [ RunTime:0.000354s ]
INFO: [ app_begin ] --END-- [ RunTime:0.000388s ]
SQL: SHOW COLUMNS FROM `blog_link` [ RunTime:0.0035s ]
SQL: SELECT * FROM `blog_link` ORDER BY sort desc  [ RunTime:0.0004s ]
SQL: SHOW COLUMNS FROM `blog_comment` [ RunTime:0.0740s ]
SQL: SELECT * FROM `blog_comment`  [ RunTime:0.0004s ]
INFO: [ view_parse ] --START--
INFO: [ template_filter ] --START--
INFO: Run Behavior\ContentReplaceBehavior [ RunTime:0.000102s ]
INFO: [ template_filter ] --END-- [ RunTime:0.000161s ]
NOTIC: [8] Use of undefined constant data - assumed 'data' D:\PHPstudy\WWW\blog\Application\Runtime\Cache\Home\9bada13f8d65fe468b3b3610ce95bf98.php 第 71 行.
NOTIC: [8] Undefined variable: ismobile D:\PHPstudy\WWW\blog\Application\Runtime\Cache\Home\9bada13f8d65fe468b3b3610ce95bf98.php 第 112 行.
INFO: Run Behavior\ParseTemplateBehavior [ RunTime:0.019579s ]
INFO: [ view_parse ] --END-- [ RunTime:0.019633s ]
INFO: [ view_filter ] --START--
INFO: Run Behavior\WriteHtmlCacheBehavior [ RunTime:0.000186s ]
INFO: [ view_filter ] --END-- [ RunTime:0.000210s ]
INFO: [ app_end ] --START--
INFO: Run Behavior\ShowPageTraceBehavior [ RunTime:0.000363s ]
INFO: [ app_end ] --END-- [ RunTime:0.000393s ]

[ 2018-08-06T14:16:44+08:00 ] 127.0.0.1 /blog/index.php/Home/Photo/index.html
INFO: [ app_init ] --START--
INFO: Run Behavior\BuildLiteBehavior [ RunTime:0.000010s ]
INFO: [ app_init ] --END-- [ RunTime:0.000318s ]
INFO: [ app_begin ] --START--
INFO: Run Behavior\ReadHtmlCacheBehavior [ RunTime:0.000313s ]
INFO: [ app_begin ] --END-- [ RunTime:0.000369s ]
SQL: SHOW COLUMNS FROM `blog_photo` [ RunTime:0.0580s ]
SQL: SELECT * FROM `blog_photo`  [ RunTime:0.0077s ]
INFO: [ view_parse ] --START--
INFO: [ template_filter ] --START--
INFO: Run Behavior\ContentReplaceBehavior [ RunTime:0.000053s ]
INFO: [ template_filter ] --END-- [ RunTime:0.000088s ]
INFO: Run Behavior\ParseTemplateBehavior [ RunTime:0.016410s ]
INFO: [ view_parse ] --END-- [ RunTime:0.016475s ]
INFO: [ view_filter ] --START--
INFO: Run Behavior\WriteHtmlCacheBehavior [ RunTime:0.000488s ]
INFO: [ view_filter ] --END-- [ RunTime:0.000533s ]
INFO: [ app_end ] --START--
INFO: Run Behavior\ShowPageTraceBehavior [ RunTime:0.000356s ]
INFO: [ app_end ] --END-- [ RunTime:0.000382s ]

[ 2018-08-06T14:16:47+08:00 ] 127.0.0.1 /blog/index.php/Home/Photo/index.html
INFO: [ app_init ] --START--
INFO: Run Behavior\BuildLiteBehavior [ RunTime:0.000010s ]
INFO: [ app_init ] --END-- [ RunTime:0.000259s ]
INFO: [ app_begin ] --START--
INFO: Run Behavior\ReadHtmlCacheBehavior [ RunTime:0.000335s ]
INFO: [ app_begin ] --END-- [ RunTime:0.000366s ]
SQL: SHOW COLUMNS FROM `blog_photo` [ RunTime:0.0035s ]
SQL: SELECT * FROM `blog_photo`  [ RunTime:0.0004s ]
INFO: [ view_parse ] --START--
INFO: [ template_filter ] --START--
INFO: Run Behavior\ContentReplaceBehavior [ RunTime:0.000055s ]
INFO: [ template_filter ] --END-- [ RunTime:0.000091s ]
INFO: Run Behavior\ParseTemplateBehavior [ RunTime:0.006197s ]
INFO: [ view_parse ] --END-- [ RunTime:0.006256s ]
INFO: [ view_filter ] --START--
INFO: Run Behavior\WriteHtmlCacheBehavior [ RunTime:0.000326s ]
INFO: [ view_filter ] --END-- [ RunTime:0.000414s ]
INFO: [ app_end ] --START--
INFO: Run Behavior\ShowPageTraceBehavior [ RunTime:0.000913s ]
INFO: [ app_end ] --END-- [ RunTime:0.000984s ]

[ 2018-08-06T14:16:51+08:00 ] 127.0.0.1 /blog/index.php/Home/Article/index.html
INFO: [ app_init ] --START--
INFO: Run Behavior\BuildLiteBehavior [ RunTime:0.000009s ]
INFO: [ app_init ] --END-- [ RunTime:0.000261s ]
INFO: [ app_begin ] --START--
INFO: Run Behavior\ReadHtmlCacheBehavior [ RunTime:0.000314s ]
INFO: [ app_begin ] --END-- [ RunTime:0.000344s ]
SQL: SHOW COLUMNS FROM `blog_link` [ RunTime:0.0038s ]
SQL: SELECT * FROM `blog_link` ORDER BY sort desc  [ RunTime:0.0004s ]
SQL: SHOW COLUMNS FROM `blog_article` [ RunTime:0.0037s ]
SQL: SELECT COUNT(*) AS tp_count FROM `blog_article` LIMIT 1   [ RunTime:0.0004s ]
SQL: SELECT * FROM `blog_article` WHERE `cate` = '留言板' LIMIT 0,5   [ RunTime:0.0004s ]
INFO: [ view_parse ] --START--
INFO: [ template_filter ] --START--
INFO: Run Behavior\ContentReplaceBehavior [ RunTime:0.000071s ]
INFO: [ template_filter ] --END-- [ RunTime:0.000105s ]
NOTIC: [8] Undefined variable: ismobile D:\PHPstudy\WWW\blog\Application\Runtime\Cache\Home\2ac6c1276904b87404ed678dbabb985c.php 第 83 行.
NOTIC: [8] Undefined variable: ismobile D:\PHPstudy\WWW\blog\Application\Runtime\Cache\Home\2ac6c1276904b87404ed678dbabb985c.php 第 100 行.
INFO: Run Behavior\ParseTemplateBehavior [ RunTime:0.008696s ]
INFO: [ view_parse ] --END-- [ RunTime:0.008729s ]
INFO: [ view_filter ] --START--
INFO: Run Behavior\WriteHtmlCacheBehavior [ RunTime:0.000179s ]
INFO: [ view_filter ] --END-- [ RunTime:0.000203s ]
INFO: [ app_end ] --START--
INFO: Run Behavior\ShowPageTraceBehavior [ RunTime:0.000378s ]
INFO: [ app_end ] --END-- [ RunTime:0.000407s ]

[ 2018-08-06T14:16:52+08:00 ] 127.0.0.1 /blog/index.php/Home/Index/index.html
INFO: [ app_init ] --START--
INFO: Run Behavior\BuildLiteBehavior [ RunTime:0.000009s ]
INFO: [ app_init ] --END-- [ RunTime:0.000287s ]
INFO: [ app_begin ] --START--
INFO: Run Behavior\ReadHtmlCacheBehavior [ RunTime:0.000301s ]
INFO: [ app_begin ] --END-- [ RunTime:0.000333s ]
SQL: SHOW COLUMNS FROM `blog_carousel` [ RunTime:0.0048s ]
SQL: SELECT * FROM `blog_carousel`  [ RunTime:0.0005s ]
SQL: SHOW COLUMNS FROM `blog_article` [ RunTime:0.0063s ]
SQL: SELECT COUNT(*) AS tp_count FROM `blog_article` LIMIT 1   [ RunTime:0.0004s ]
SQL: SELECT * FROM `blog_article` ORDER BY time desc LIMIT 0,5   [ RunTime:0.0004s ]
SQL: SHOW COLUMNS FROM `blog_link` [ RunTime:0.0037s ]
SQL: SELECT * FROM `blog_link` ORDER BY sort desc  [ RunTime:0.0004s ]
INFO: [ view_parse ] --START--
INFO: [ template_filter ] --START--
INFO: Run Behavior\ContentReplaceBehavior [ RunTime:0.000094s ]
INFO: [ template_filter ] --END-- [ RunTime:0.000144s ]
NOTIC: [8] Undefined variable: ismobile D:\PHPstudy\WWW\blog\Application\Runtime\Cache\Home\2a94b8bda04ff446dcedd42276fc99ee.php 第 114 行.
NOTIC: [8] Undefined variable: ismobile D:\PHPstudy\WWW\blog\Application\Runtime\Cache\Home\2a94b8bda04ff446dcedd42276fc99ee.php 第 145 行.
INFO: Run Behavior\ParseTemplateBehavior [ RunTime:0.010836s ]
INFO: [ view_parse ] --END-- [ RunTime:0.010882s ]
INFO: [ view_filter ] --START--
INFO: Run Behavior\WriteHtmlCacheBehavior [ RunTime:0.000182s ]
INFO: [ view_filter ] --END-- [ RunTime:0.000206s ]
INFO: [ app_end ] --START--
INFO: Run Behavior\ShowPageTraceBehavior [ RunTime:0.000395s ]
INFO: [ app_end ] --END-- [ RunTime:0.000428s ]

