[ 2018-08-17T22:31:34+08:00 ] 127.0.0.1 /blog/index.php/home
INFO: [ app_init ] --START--
INFO: Run Behavior\BuildLiteBehavior [ RunTime:0.000011s ]
INFO: [ app_init ] --END-- [ RunTime:0.000577s ]
INFO: [ app_begin ] --START--
INFO: Run Behavior\ReadHtmlCacheBehavior [ RunTime:0.000577s ]
INFO: [ app_begin ] --END-- [ RunTime:0.000617s ]
SQL: SHOW COLUMNS FROM `blog_carousel` [ RunTime:0.0186s ]
SQL: SELECT * FROM `blog_carousel`  [ RunTime:0.0005s ]
SQL: SHOW COLUMNS FROM `blog_article` [ RunTime:0.0156s ]
SQL: SELECT COUNT(*) AS tp_count FROM `blog_article` LIMIT 1   [ RunTime:0.0003s ]
SQL: SELECT * FROM `blog_article` ORDER BY time desc LIMIT 0,5   [ RunTime:0.0006s ]
SQL: SHOW COLUMNS FROM `blog_link` [ RunTime:0.0206s ]
SQL: SELECT * FROM `blog_link` ORDER BY sort desc  [ RunTime:0.0004s ]
SQL: SELECT `id`,`title` FROM `blog_article` ORDER BY rand() LIMIT 5   [ RunTime:0.0004s ]
INFO: [ view_parse ] --START--
INFO: [ template_filter ] --START--
INFO: Run Behavior\ContentReplaceBehavior [ RunTime:0.000118s ]
INFO: [ template_filter ] --END-- [ RunTime:0.000158s ]
NOTIC: [8] Undefined variable: ismobile D:\PHPstudy\WWW\blog\Application\Runtime\Cache\Home\2a94b8bda04ff446dcedd42276fc99ee.php 第 114 行.
NOTIC: [8] Undefined variable: ismobile D:\PHPstudy\WWW\blog\Application\Runtime\Cache\Home\2a94b8bda04ff446dcedd42276fc99ee.php 第 145 行.
INFO: Run Behavior\ParseTemplateBehavior [ RunTime:0.165706s ]
INFO: [ view_parse ] --END-- [ RunTime:0.165750s ]
INFO: [ view_filter ] --START--
INFO: Run Behavior\WriteHtmlCacheBehavior [ RunTime:0.000500s ]
INFO: [ view_filter ] --END-- [ RunTime:0.000530s ]
INFO: [ app_end ] --START--
INFO: Run Behavior\ShowPageTraceBehavior [ RunTime:0.000853s ]
INFO: [ app_end ] --END-- [ RunTime:0.000911s ]

[ 2018-08-17T22:31:41+08:00 ] 127.0.0.1 /blog/index.php/Home/Article/article_info.html?id=14
INFO: [ app_init ] --START--
INFO: Run Behavior\BuildLiteBehavior [ RunTime:0.000068s ]
INFO: [ app_init ] --END-- [ RunTime:0.001437s ]
INFO: [ app_begin ] --START--
INFO: Run Behavior\ReadHtmlCacheBehavior [ RunTime:0.000645s ]
INFO: [ app_begin ] --END-- [ RunTime:0.000721s ]
SQL: SHOW COLUMNS FROM `blog_article` [ RunTime:0.0040s ]
SQL: SELECT * FROM `blog_article` WHERE `id` = 14 LIMIT 1   [ RunTime:0.0004s ]
SQL: SHOW COLUMNS FROM `blog_link` [ RunTime:0.0058s ]
SQL: SELECT * FROM `blog_link` ORDER BY sort desc  [ RunTime:0.0003s ]
SQL: SELECT `id`,`title` FROM `blog_article` ORDER BY rand() LIMIT 5   [ RunTime:0.0004s ]
INFO: [ view_parse ] --START--
INFO: [ template_filter ] --START--
INFO: Run Behavior\ContentReplaceBehavior [ RunTime:0.000069s ]
INFO: [ template_filter ] --END-- [ RunTime:0.000107s ]
NOTIC: [8] Undefined variable: ismobile D:\PHPstudy\WWW\blog\Application\Runtime\Cache\Home\cb5c2262658e8d5174192b068cf3c2a0.php 第 126 行.
INFO: Run Behavior\ParseTemplateBehavior [ RunTime:0.010972s ]
INFO: [ view_parse ] --END-- [ RunTime:0.011072s ]
INFO: [ view_filter ] --START--
INFO: Run Behavior\WriteHtmlCacheBehavior [ RunTime:0.001162s ]
INFO: [ view_filter ] --END-- [ RunTime:0.001275s ]
INFO: [ app_end ] --START--
INFO: Run Behavior\ShowPageTraceBehavior [ RunTime:0.000617s ]
INFO: [ app_end ] --END-- [ RunTime:0.000679s ]

[ 2018-08-17T22:31:41+08:00 ] 127.0.0.1 /blog/index.php/Home/Article/assets/i/f10.jpg
INFO: [ app_init ] --START--
INFO: Run Behavior\BuildLiteBehavior [ RunTime:0.000014s ]
INFO: [ app_init ] --END-- [ RunTime:0.000414s ]

[ 2018-08-17T22:33:35+08:00 ] 127.0.0.1 /blog/index.php/Home/Comment/index.html
INFO: [ app_init ] --START--
INFO: Run Behavior\BuildLiteBehavior [ RunTime:0.000009s ]
INFO: [ app_init ] --END-- [ RunTime:0.000289s ]
INFO: [ app_begin ] --START--
INFO: Run Behavior\ReadHtmlCacheBehavior [ RunTime:0.000330s ]
INFO: [ app_begin ] --END-- [ RunTime:0.000363s ]
SQL: SHOW COLUMNS FROM `blog_link` [ RunTime:0.0041s ]
SQL: SELECT * FROM `blog_link` ORDER BY sort desc  [ RunTime:0.0004s ]
SQL: SHOW COLUMNS FROM `blog_article` [ RunTime:0.0041s ]
SQL: SELECT `id`,`title` FROM `blog_article` ORDER BY rand() LIMIT 5   [ RunTime:0.0005s ]
SQL: SHOW COLUMNS FROM `blog_comment` [ RunTime:0.0374s ]
SQL: SELECT * FROM `blog_comment`  [ RunTime:0.0004s ]
INFO: [ view_parse ] --START--
INFO: [ template_filter ] --START--
INFO: Run Behavior\ContentReplaceBehavior [ RunTime:0.000074s ]
INFO: [ template_filter ] --END-- [ RunTime:0.000108s ]
NOTIC: [8] Use of undefined constant data - assumed 'data' D:\PHPstudy\WWW\blog\Application\Runtime\Cache\Home\9bada13f8d65fe468b3b3610ce95bf98.php 第 71 行.
NOTIC: [8] Undefined variable: ismobile D:\PHPstudy\WWW\blog\Application\Runtime\Cache\Home\9bada13f8d65fe468b3b3610ce95bf98.php 第 112 行.
INFO: Run Behavior\ParseTemplateBehavior [ RunTime:0.032217s ]
INFO: [ view_parse ] --END-- [ RunTime:0.032251s ]
INFO: [ view_filter ] --START--
INFO: Run Behavior\WriteHtmlCacheBehavior [ RunTime:0.000215s ]
INFO: [ view_filter ] --END-- [ RunTime:0.000238s ]
INFO: [ app_end ] --START--
INFO: Run Behavior\ShowPageTraceBehavior [ RunTime:0.000427s ]
INFO: [ app_end ] --END-- [ RunTime:0.000460s ]

[ 2018-08-17T22:35:27+08:00 ] 127.0.0.1 /blog/index.php/Home/Photo/index.html
INFO: [ app_init ] --START--
INFO: Run Behavior\BuildLiteBehavior [ RunTime:0.000011s ]
INFO: [ app_init ] --END-- [ RunTime:0.000309s ]
INFO: [ app_begin ] --START--
INFO: Run Behavior\ReadHtmlCacheBehavior [ RunTime:0.000434s ]
INFO: [ app_begin ] --END-- [ RunTime:0.000490s ]
SQL: SHOW COLUMNS FROM `blog_photo` [ RunTime:0.0202s ]
SQL: SELECT * FROM `blog_photo`  [ RunTime:0.0079s ]
INFO: [ view_parse ] --START--
INFO: [ template_filter ] --START--
INFO: Run Behavior\ContentReplaceBehavior [ RunTime:0.000098s ]
INFO: [ template_filter ] --END-- [ RunTime:0.000163s ]
INFO: Run Behavior\ParseTemplateBehavior [ RunTime:0.037798s ]
INFO: [ view_parse ] --END-- [ RunTime:0.037847s ]
INFO: [ view_filter ] --START--
INFO: Run Behavior\WriteHtmlCacheBehavior [ RunTime:0.000331s ]
INFO: [ view_filter ] --END-- [ RunTime:0.000391s ]
INFO: [ app_end ] --START--
INFO: Run Behavior\ShowPageTraceBehavior [ RunTime:0.000379s ]
INFO: [ app_end ] --END-- [ RunTime:0.000413s ]

[ 2018-08-17T22:35:29+08:00 ] 127.0.0.1 /blog/index.php/Home/Photo/index.html
INFO: [ app_init ] --START--
INFO: Run Behavior\BuildLiteBehavior [ RunTime:0.000009s ]
INFO: [ app_init ] --END-- [ RunTime:0.000271s ]
INFO: [ app_begin ] --START--
INFO: Run Behavior\ReadHtmlCacheBehavior [ RunTime:0.000293s ]
INFO: [ app_begin ] --END-- [ RunTime:0.000325s ]
SQL: SHOW COLUMNS FROM `blog_photo` [ RunTime:0.0042s ]
SQL: SELECT * FROM `blog_photo`  [ RunTime:0.0005s ]
INFO: [ view_parse ] --START--
INFO: [ template_filter ] --START--
INFO: Run Behavior\ContentReplaceBehavior [ RunTime:0.000053s ]
INFO: [ template_filter ] --END-- [ RunTime:0.000089s ]
INFO: Run Behavior\ParseTemplateBehavior [ RunTime:0.005868s ]
INFO: [ view_parse ] --END-- [ RunTime:0.005911s ]
INFO: [ view_filter ] --START--
INFO: Run Behavior\WriteHtmlCacheBehavior [ RunTime:0.000169s ]
INFO: [ view_filter ] --END-- [ RunTime:0.000192s ]
INFO: [ app_end ] --START--
INFO: Run Behavior\ShowPageTraceBehavior [ RunTime:0.000353s ]
INFO: [ app_end ] --END-- [ RunTime:0.000381s ]

[ 2018-08-17T22:35:33+08:00 ] 127.0.0.1 /blog/index.php/Home/Article/index.html
INFO: [ app_init ] --START--
INFO: Run Behavior\BuildLiteBehavior [ RunTime:0.000009s ]
INFO: [ app_init ] --END-- [ RunTime:0.000244s ]
INFO: [ app_begin ] --START--
INFO: Run Behavior\ReadHtmlCacheBehavior [ RunTime:0.000321s ]
INFO: [ app_begin ] --END-- [ RunTime:0.000352s ]
SQL: SHOW COLUMNS FROM `blog_link` [ RunTime:0.0037s ]
SQL: SELECT * FROM `blog_link` ORDER BY sort desc  [ RunTime:0.0005s ]
SQL: SHOW COLUMNS FROM `blog_article` [ RunTime:0.0044s ]
SQL: SELECT COUNT(*) AS tp_count FROM `blog_article` LIMIT 1   [ RunTime:0.0003s ]
SQL: SELECT * FROM `blog_article` WHERE `cate` = '留言板' LIMIT 0,5   [ RunTime:0.0004s ]
SQL: SELECT `id`,`title` FROM `blog_article` ORDER BY rand() LIMIT 5   [ RunTime:0.0004s ]
INFO: [ view_parse ] --START--
INFO: [ template_filter ] --START--
INFO: Run Behavior\ContentReplaceBehavior [ RunTime:0.000070s ]
INFO: [ template_filter ] --END-- [ RunTime:0.000104s ]
NOTIC: [8] Undefined variable: ismobile D:\PHPstudy\WWW\blog\Application\Runtime\Cache\Home\2ac6c1276904b87404ed678dbabb985c.php 第 83 行.
NOTIC: [8] Undefined variable: ismobile D:\PHPstudy\WWW\blog\Application\Runtime\Cache\Home\2ac6c1276904b87404ed678dbabb985c.php 第 100 行.
INFO: Run Behavior\ParseTemplateBehavior [ RunTime:0.030935s ]
INFO: [ view_parse ] --END-- [ RunTime:0.030967s ]
INFO: [ view_filter ] --START--
INFO: Run Behavior\WriteHtmlCacheBehavior [ RunTime:0.000180s ]
INFO: [ view_filter ] --END-- [ RunTime:0.000202s ]
INFO: [ app_end ] --START--
INFO: Run Behavior\ShowPageTraceBehavior [ RunTime:0.000363s ]
INFO: [ app_end ] --END-- [ RunTime:0.000394s ]

[ 2018-08-17T22:35:36+08:00 ] 127.0.0.1 /blog/index.php/Home/Index/index.html
INFO: [ app_init ] --START--
INFO: Run Behavior\BuildLiteBehavior [ RunTime:0.000010s ]
INFO: [ app_init ] --END-- [ RunTime:0.000304s ]
INFO: [ app_begin ] --START--
INFO: Run Behavior\ReadHtmlCacheBehavior [ RunTime:0.000606s ]
INFO: [ app_begin ] --END-- [ RunTime:0.000670s ]
SQL: SHOW COLUMNS FROM `blog_carousel` [ RunTime:0.0037s ]
SQL: SELECT * FROM `blog_carousel`  [ RunTime:0.0003s ]
SQL: SHOW COLUMNS FROM `blog_article` [ RunTime:0.0042s ]
SQL: SELECT COUNT(*) AS tp_count FROM `blog_article` LIMIT 1   [ RunTime:0.0003s ]
SQL: SELECT * FROM `blog_article` ORDER BY time desc LIMIT 0,5   [ RunTime:0.0004s ]
SQL: SHOW COLUMNS FROM `blog_link` [ RunTime:0.0040s ]
SQL: SELECT * FROM `blog_link` ORDER BY sort desc  [ RunTime:0.0004s ]
SQL: SELECT `id`,`title` FROM `blog_article` ORDER BY rand() LIMIT 5   [ RunTime:0.0006s ]
INFO: [ view_parse ] --START--
INFO: [ template_filter ] --START--
INFO: Run Behavior\ContentReplaceBehavior [ RunTime:0.000085s ]
INFO: [ template_filter ] --END-- [ RunTime:0.000128s ]
NOTIC: [8] Undefined variable: ismobile D:\PHPstudy\WWW\blog\Application\Runtime\Cache\Home\2a94b8bda04ff446dcedd42276fc99ee.php 第 114 行.
NOTIC: [8] Undefined variable: ismobile D:\PHPstudy\WWW\blog\Application\Runtime\Cache\Home\2a94b8bda04ff446dcedd42276fc99ee.php 第 145 行.
INFO: Run Behavior\ParseTemplateBehavior [ RunTime:0.010556s ]
INFO: [ view_parse ] --END-- [ RunTime:0.010596s ]
INFO: [ view_filter ] --START--
INFO: Run Behavior\WriteHtmlCacheBehavior [ RunTime:0.000246s ]
INFO: [ view_filter ] --END-- [ RunTime:0.000277s ]
INFO: [ app_end ] --START--
INFO: Run Behavior\ShowPageTraceBehavior [ RunTime:0.000561s ]
INFO: [ app_end ] --END-- [ RunTime:0.000607s ]

[ 2018-08-17T22:42:08+08:00 ] 127.0.0.1 /blog/index.php/Home/Article/article_info.html?id=14
INFO: [ app_init ] --START--
INFO: Run Behavior\BuildLiteBehavior [ RunTime:0.000011s ]
INFO: [ app_init ] --END-- [ RunTime:0.000398s ]
INFO: [ app_begin ] --START--
INFO: Run Behavior\ReadHtmlCacheBehavior [ RunTime:0.000397s ]
INFO: [ app_begin ] --END-- [ RunTime:0.000436s ]
SQL: SHOW COLUMNS FROM `blog_article` [ RunTime:0.0252s ]
SQL: SELECT * FROM `blog_article` WHERE `id` = 14 LIMIT 1   [ RunTime:0.0005s ]
SQL: SHOW COLUMNS FROM `blog_link` [ RunTime:0.0039s ]
SQL: SELECT * FROM `blog_link` ORDER BY sort desc  [ RunTime:0.0004s ]
SQL: SELECT `id`,`title` FROM `blog_article` ORDER BY rand() LIMIT 5   [ RunTime:0.0004s ]
INFO: [ view_parse ] --START--
INFO: [ template_filter ] --START--
INFO: Run Behavior\ContentReplaceBehavior [ RunTime:0.000086s ]
INFO: [ template_filter ] --END-- [ RunTime:0.000131s ]
NOTIC: [8] Undefined variable: ismobile D:\PHPstudy\WWW\blog\Application\Runtime\Cache\Home\cb5c2262658e8d5174192b068cf3c2a0.php 第 126 行.
INFO: Run Behavior\ParseTemplateBehavior [ RunTime:0.016555s ]
INFO: [ view_parse ] --END-- [ RunTime:0.016592s ]
INFO: [ view_filter ] --START--
INFO: Run Behavior\WriteHtmlCacheBehavior [ RunTime:0.000267s ]
INFO: [ view_filter ] --END-- [ RunTime:0.000291s ]
INFO: [ app_end ] --START--
INFO: Run Behavior\ShowPageTraceBehavior [ RunTime:0.000422s ]
INFO: [ app_end ] --END-- [ RunTime:0.000454s ]

[ 2018-08-17T22:42:08+08:00 ] 127.0.0.1 /blog/index.php/Home/Article/assets/i/f10.jpg
INFO: [ app_init ] --START--
INFO: Run Behavior\BuildLiteBehavior [ RunTime:0.000009s ]
INFO: [ app_init ] --END-- [ RunTime:0.000274s ]

[ 2018-08-17T22:47:25+08:00 ] 127.0.0.1 /blog/index.php/Home/Photo/index.html
INFO: [ app_init ] --START--
INFO: Run Behavior\BuildLiteBehavior [ RunTime:0.000019s ]
INFO: [ app_init ] --END-- [ RunTime:0.000473s ]
INFO: [ app_begin ] --START--
INFO: Run Behavior\ReadHtmlCacheBehavior [ RunTime:0.000388s ]
INFO: [ app_begin ] --END-- [ RunTime:0.000426s ]
SQL: SHOW COLUMNS FROM `blog_photo` [ RunTime:0.0036s ]
SQL: SELECT * FROM `blog_photo`  [ RunTime:0.0003s ]
INFO: [ view_parse ] --START--
INFO: [ template_filter ] --START--
INFO: Run Behavior\ContentReplaceBehavior [ RunTime:0.000057s ]
INFO: [ template_filter ] --END-- [ RunTime:0.000093s ]
INFO: Run Behavior\ParseTemplateBehavior [ RunTime:0.007065s ]
INFO: [ view_parse ] --END-- [ RunTime:0.007103s ]
INFO: [ view_filter ] --START--
INFO: Run Behavior\WriteHtmlCacheBehavior [ RunTime:0.000303s ]
INFO: [ view_filter ] --END-- [ RunTime:0.000329s ]
INFO: [ app_end ] --START--
INFO: Run Behavior\ShowPageTraceBehavior [ RunTime:0.000371s ]
INFO: [ app_end ] --END-- [ RunTime:0.000399s ]

[ 2018-08-17T22:50:58+08:00 ] 127.0.0.1 /blog/index.php/Home/Photo/index.html
INFO: [ app_init ] --START--
INFO: Run Behavior\BuildLiteBehavior [ RunTime:0.000009s ]
INFO: [ app_init ] --END-- [ RunTime:0.000333s ]
INFO: [ app_begin ] --START--
INFO: Run Behavior\ReadHtmlCacheBehavior [ RunTime:0.000389s ]
INFO: [ app_begin ] --END-- [ RunTime:0.000436s ]
SQL: SHOW COLUMNS FROM `blog_photo` [ RunTime:0.0037s ]
SQL: SELECT * FROM `blog_photo`  [ RunTime:0.0004s ]
INFO: [ view_parse ] --START--
INFO: [ template_filter ] --START--
INFO: Run Behavior\ContentReplaceBehavior [ RunTime:0.000073s ]
INFO: [ template_filter ] --END-- [ RunTime:0.000113s ]
INFO: Run Behavior\ParseTemplateBehavior [ RunTime:0.013048s ]
INFO: [ view_parse ] --END-- [ RunTime:0.013088s ]
INFO: [ view_filter ] --START--
INFO: Run Behavior\WriteHtmlCacheBehavior [ RunTime:0.000258s ]
INFO: [ view_filter ] --END-- [ RunTime:0.000282s ]
INFO: [ app_end ] --START--
INFO: Run Behavior\ShowPageTraceBehavior [ RunTime:0.000461s ]
INFO: [ app_end ] --END-- [ RunTime:0.000492s ]

[ 2018-08-17T22:51:36+08:00 ] 127.0.0.1 /blog/index.php/Home/Photo/index.html
INFO: [ app_init ] --START--
INFO: Run Behavior\BuildLiteBehavior [ RunTime:0.000013s ]
INFO: [ app_init ] --END-- [ RunTime:0.000330s ]
INFO: [ app_begin ] --START--
INFO: Run Behavior\ReadHtmlCacheBehavior [ RunTime:0.000449s ]
INFO: [ app_begin ] --END-- [ RunTime:0.000502s ]
SQL: SHOW COLUMNS FROM `blog_photo` [ RunTime:0.0037s ]
SQL: SELECT * FROM `blog_photo`  [ RunTime:0.0004s ]
INFO: [ view_parse ] --START--
INFO: [ template_filter ] --START--
INFO: Run Behavior\ContentReplaceBehavior [ RunTime:0.000062s ]
INFO: [ template_filter ] --END-- [ RunTime:0.000105s ]
INFO: Run Behavior\ParseTemplateBehavior [ RunTime:0.006700s ]
INFO: [ view_parse ] --END-- [ RunTime:0.006738s ]
INFO: [ view_filter ] --START--
INFO: Run Behavior\WriteHtmlCacheBehavior [ RunTime:0.000212s ]
INFO: [ view_filter ] --END-- [ RunTime:0.000238s ]
INFO: [ app_end ] --START--
INFO: Run Behavior\ShowPageTraceBehavior [ RunTime:0.000408s ]
INFO: [ app_end ] --END-- [ RunTime:0.000453s ]

[ 2018-08-17T22:51:40+08:00 ] 127.0.0.1 /blog/index.php/Home/Comment/index.html
INFO: [ app_init ] --START--
INFO: Run Behavior\BuildLiteBehavior [ RunTime:0.000009s ]
INFO: [ app_init ] --END-- [ RunTime:0.000248s ]
INFO: [ app_begin ] --START--
INFO: Run Behavior\ReadHtmlCacheBehavior [ RunTime:0.000320s ]
INFO: [ app_begin ] --END-- [ RunTime:0.000351s ]
SQL: SHOW COLUMNS FROM `blog_link` [ RunTime:0.0043s ]
SQL: SELECT * FROM `blog_link` ORDER BY sort desc  [ RunTime:0.0004s ]
SQL: SHOW COLUMNS FROM `blog_article` [ RunTime:0.0067s ]
SQL: SELECT `id`,`title` FROM `blog_article` ORDER BY rand() LIMIT 5   [ RunTime:0.0006s ]
SQL: SHOW COLUMNS FROM `blog_comment` [ RunTime:0.0040s ]
SQL: SELECT * FROM `blog_comment`  [ RunTime:0.0003s ]
INFO: [ view_parse ] --START--
INFO: [ template_filter ] --START--
INFO: Run Behavior\ContentReplaceBehavior [ RunTime:0.000071s ]
INFO: [ template_filter ] --END-- [ RunTime:0.000107s ]
NOTIC: [8] Use of undefined constant data - assumed 'data' D:\PHPstudy\WWW\blog\Application\Runtime\Cache\Home\9bada13f8d65fe468b3b3610ce95bf98.php 第 71 行.
NOTIC: [8] Undefined variable: ismobile D:\PHPstudy\WWW\blog\Application\Runtime\Cache\Home\9bada13f8d65fe468b3b3610ce95bf98.php 第 112 行.
INFO: Run Behavior\ParseTemplateBehavior [ RunTime:0.008602s ]
INFO: [ view_parse ] --END-- [ RunTime:0.008633s ]
INFO: [ view_filter ] --START--
INFO: Run Behavior\WriteHtmlCacheBehavior [ RunTime:0.000183s ]
INFO: [ view_filter ] --END-- [ RunTime:0.000214s ]
INFO: [ app_end ] --START--
INFO: Run Behavior\ShowPageTraceBehavior [ RunTime:0.000335s ]
INFO: [ app_end ] --END-- [ RunTime:0.000369s ]

[ 2018-08-17T22:51:46+08:00 ] 127.0.0.1 /blog/index.php/Home/Article/index.html
INFO: [ app_init ] --START--
INFO: Run Behavior\BuildLiteBehavior [ RunTime:0.000010s ]
INFO: [ app_init ] --END-- [ RunTime:0.000257s ]
INFO: [ app_begin ] --START--
INFO: Run Behavior\ReadHtmlCacheBehavior [ RunTime:0.000321s ]
INFO: [ app_begin ] --END-- [ RunTime:0.000354s ]
SQL: SHOW COLUMNS FROM `blog_link` [ RunTime:0.0039s ]
SQL: SELECT * FROM `blog_link` ORDER BY sort desc  [ RunTime:0.0004s ]
SQL: SHOW COLUMNS FROM `blog_article` [ RunTime:0.0037s ]
SQL: SELECT COUNT(*) AS tp_count FROM `blog_article` LIMIT 1   [ RunTime:0.0003s ]
SQL: SELECT * FROM `blog_article` WHERE `cate` = '留言板' LIMIT 0,5   [ RunTime:0.0004s ]
SQL: SELECT `id`,`title` FROM `blog_article` ORDER BY rand() LIMIT 5   [ RunTime:0.0004s ]
INFO: [ view_parse ] --START--
INFO: [ template_filter ] --START--
INFO: Run Behavior\ContentReplaceBehavior [ RunTime:0.000072s ]
INFO: [ template_filter ] --END-- [ RunTime:0.000108s ]
NOTIC: [8] Undefined variable: ismobile D:\PHPstudy\WWW\blog\Application\Runtime\Cache\Home\2ac6c1276904b87404ed678dbabb985c.php 第 83 行.
NOTIC: [8] Undefined variable: ismobile D:\PHPstudy\WWW\blog\Application\Runtime\Cache\Home\2ac6c1276904b87404ed678dbabb985c.php 第 100 行.
INFO: Run Behavior\ParseTemplateBehavior [ RunTime:0.009337s ]
INFO: [ view_parse ] --END-- [ RunTime:0.009380s ]
INFO: [ view_filter ] --START--
INFO: Run Behavior\WriteHtmlCacheBehavior [ RunTime:0.000181s ]
INFO: [ view_filter ] --END-- [ RunTime:0.000205s ]
INFO: [ app_end ] --START--
INFO: Run Behavior\ShowPageTraceBehavior [ RunTime:0.000367s ]
INFO: [ app_end ] --END-- [ RunTime:0.000403s ]

