[ 2018-05-16T22:18:03+08:00 ] 127.0.0.1 /tp_study1/index.php/singlepost.html
INFO: [ app_init ] --START--
INFO: Run Behavior\BuildLiteBehavior [ RunTime:0.000009s ]
INFO: [ app_init ] --END-- [ RunTime:0.000299s ]
ERR: 无法加载模块:Singlepost

[ 2018-05-16T22:19:55+08:00 ] 127.0.0.1 /tp_study1/index.php/singlepost.html
INFO: [ app_init ] --START--
INFO: Run Behavior\BuildLiteBehavior [ RunTime:0.000016s ]
INFO: [ app_init ] --END-- [ RunTime:0.000447s ]
ERR: 无法加载模块:Singlepost

[ 2018-05-16T22:47:38+08:00 ] 127.0.0.1 /tp_study1/index.php/www.baidu.com
INFO: [ app_init ] --START--
INFO: Run Behavior\BuildLiteBehavior [ RunTime:0.000009s ]
INFO: [ app_init ] --END-- [ RunTime:0.000262s ]
ERR: 无法加载模块:Www.baidu

[ 2018-05-16T22:49:30+08:00 ] 127.0.0.1 /tp_study1/index.php/singlepost.html
INFO: [ app_init ] --START--
INFO: Run Behavior\BuildLiteBehavior [ RunTime:0.000010s ]
INFO: [ app_init ] --END-- [ RunTime:0.000265s ]
ERR: 无法加载模块:Singlepost

[ 2018-05-16T22:49:32+08:00 ] 127.0.0.1 /tp_study1/index.php/www.baidu.com
INFO: [ app_init ] --START--
INFO: Run Behavior\BuildLiteBehavior [ RunTime:0.000010s ]
INFO: [ app_init ] --END-- [ RunTime:0.000264s ]
ERR: 无法加载模块:Www.baidu

