[ 2018-06-02T00:50:49+08:00 ] 127.0.0.1 /tp_study1/index.php/singlepost.html
INFO: [ app_init ] --START--
INFO: Run Behavior\BuildLiteBehavior [ RunTime:0.000016s ]
INFO: [ app_init ] --END-- [ RunTime:0.000587s ]
ERR: 无法加载模块:Singlepost

[ 2018-06-02T00:51:13+08:00 ] 127.0.0.1 /tp_study1/index.php/www.baidu.com
INFO: [ app_init ] --START--
INFO: Run Behavior\BuildLiteBehavior [ RunTime:0.000016s ]
INFO: [ app_init ] --END-- [ RunTime:0.000518s ]
ERR: 无法加载模块:Www.baidu

[ 2018-06-02T00:52:07+08:00 ] 127.0.0.1 /tp_study1/index.php/singlepost.html
INFO: [ app_init ] --START--
INFO: Run Behavior\BuildLiteBehavior [ RunTime:0.000025s ]
INFO: [ app_init ] --END-- [ RunTime:0.000742s ]
ERR: 无法加载模块:Singlepost

[ 2018-06-02T14:14:08+08:00 ] 127.0.0.1 /tp_study1/index.php/singlepost.html
INFO: [ app_init ] --START--
INFO: Run Behavior\BuildLiteBehavior [ RunTime:0.000018s ]
INFO: [ app_init ] --END-- [ RunTime:0.000504s ]
ERR: 无法加载模块:Singlepost

[ 2018-06-02T14:29:56+08:00 ] 127.0.0.1 /tp_study1/index.php/singlepost.html
INFO: [ app_init ] --START--
INFO: Run Behavior\BuildLiteBehavior [ RunTime:0.000017s ]
INFO: [ app_init ] --END-- [ RunTime:0.000478s ]
ERR: 无法加载模块:Singlepost

[ 2018-06-02T14:34:29+08:00 ] 127.0.0.1 /tp_study1/index.php/singlepost.html
INFO: [ app_init ] --START--
INFO: Run Behavior\BuildLiteBehavior [ RunTime:0.000016s ]
INFO: [ app_init ] --END-- [ RunTime:0.000489s ]
ERR: 无法加载模块:Singlepost

[ 2018-06-02T14:36:22+08:00 ] 127.0.0.1 /tp_study1/index.php/singlepost.html
INFO: [ app_init ] --START--
INFO: Run Behavior\BuildLiteBehavior [ RunTime:0.000020s ]
INFO: [ app_init ] --END-- [ RunTime:0.001397s ]
ERR: 无法加载模块:Singlepost

[ 2018-06-02T14:39:36+08:00 ] 127.0.0.1 /tp_study1/index.php/singlepost.html
INFO: [ app_init ] --START--
INFO: Run Behavior\BuildLiteBehavior [ RunTime:0.000009s ]
INFO: [ app_init ] --END-- [ RunTime:0.000265s ]
ERR: 无法加载模块:Singlepost

[ 2018-06-02T14:39:39+08:00 ] 127.0.0.1 /tp_study1/index.php/singlepost.html
INFO: [ app_init ] --START--
INFO: Run Behavior\BuildLiteBehavior [ RunTime:0.000018s ]
INFO: [ app_init ] --END-- [ RunTime:0.000267s ]
ERR: 无法加载模块:Singlepost

[ 2018-06-02T14:40:33+08:00 ] 127.0.0.1 /tp_study1/index.php/singlepost.html
INFO: [ app_init ] --START--
INFO: Run Behavior\BuildLiteBehavior [ RunTime:0.000016s ]
INFO: [ app_init ] --END-- [ RunTime:0.000513s ]
ERR: 无法加载模块:Singlepost

