[ 2018-04-09T21:08:13+08:00 ] 127.0.0.1 /tp_blog/index.php/category_list.html
INFO: [ app_init ] --START--
INFO: Run Behavior\BuildLiteBehavior [ RunTime:0.000016s ]
INFO: [ app_init ] --END-- [ RunTime:0.000488s ]
ERR: 无法加载模块:Category_list

[ 2018-04-09T21:08:16+08:00 ] 127.0.0.1 /tp_blog/index.php/category_list.html
INFO: [ app_init ] --START--
INFO: Run Behavior\BuildLiteBehavior [ RunTime:0.000011s ]
INFO: [ app_init ] --END-- [ RunTime:0.000283s ]
ERR: 无法加载模块:Category_list

[ 2018-04-09T21:12:56+08:00 ] 127.0.0.1 /tp_blog/index.php/form.html
INFO: [ app_init ] --START--
INFO: Run Behavior\BuildLiteBehavior [ RunTime:0.000028s ]
INFO: [ app_init ] --END-- [ RunTime:0.001021s ]
ERR: 无法加载模块:Form

[ 2018-04-09T21:12:58+08:00 ] 127.0.0.1 /tp_blog/index.php/form.html
INFO: [ app_init ] --START--
INFO: Run Behavior\BuildLiteBehavior [ RunTime:0.000008s ]
INFO: [ app_init ] --END-- [ RunTime:0.000250s ]
ERR: 无法加载模块:Form

[ 2018-04-09T21:12:58+08:00 ] 127.0.0.1 /tp_blog/index.php/form.html
INFO: [ app_init ] --START--
INFO: Run Behavior\BuildLiteBehavior [ RunTime:0.000010s ]
INFO: [ app_init ] --END-- [ RunTime:0.000259s ]
ERR: 无法加载模块:Form

[ 2018-04-09T21:12:59+08:00 ] 127.0.0.1 /tp_blog/index.php/form.html
INFO: [ app_init ] --START--
INFO: Run Behavior\BuildLiteBehavior [ RunTime:0.000011s ]
INFO: [ app_init ] --END-- [ RunTime:0.000332s ]
ERR: 无法加载模块:Form

[ 2018-04-09T21:12:59+08:00 ] 127.0.0.1 /tp_blog/index.php/form.html
INFO: [ app_init ] --START--
INFO: Run Behavior\BuildLiteBehavior [ RunTime:0.000009s ]
INFO: [ app_init ] --END-- [ RunTime:0.000252s ]
ERR: 无法加载模块:Form

[ 2018-04-09T21:13:00+08:00 ] 127.0.0.1 /tp_blog/index.php/form.html
INFO: [ app_init ] --START--
INFO: Run Behavior\BuildLiteBehavior [ RunTime:0.000028s ]
INFO: [ app_init ] --END-- [ RunTime:0.000759s ]
ERR: 无法加载模块:Form

[ 2018-04-09T21:13:01+08:00 ] 127.0.0.1 /tp_blog/index.php/category_list.html
INFO: [ app_init ] --START--
INFO: Run Behavior\BuildLiteBehavior [ RunTime:0.000019s ]
INFO: [ app_init ] --END-- [ RunTime:0.000491s ]
ERR: 无法加载模块:Category_list

[ 2018-04-09T22:15:45+08:00 ] 127.0.0.1 /tp_blog/index.php/category_list.html
INFO: [ app_init ] --START--
INFO: Run Behavior\BuildLiteBehavior [ RunTime:0.000015s ]
INFO: [ app_init ] --END-- [ RunTime:0.000479s ]
ERR: 无法加载模块:Category_list

[ 2018-04-09T22:15:54+08:00 ] 127.0.0.1 /tp_blog/index.php/category_list.html
INFO: [ app_init ] --START--
INFO: Run Behavior\BuildLiteBehavior [ RunTime:0.000012s ]
INFO: [ app_init ] --END-- [ RunTime:0.000348s ]
ERR: 无法加载模块:Category_list

[ 2018-04-09T22:54:49+08:00 ] 127.0.0.1 /tp_blog/index.php/form.html
INFO: [ app_init ] --START--
INFO: Run Behavior\BuildLiteBehavior [ RunTime:0.000011s ]
INFO: [ app_init ] --END-- [ RunTime:0.000382s ]
ERR: 无法加载模块:Form

[ 2018-04-09T22:54:51+08:00 ] 127.0.0.1 /tp_blog/index.php/category_list.html
INFO: [ app_init ] --START--
INFO: Run Behavior\BuildLiteBehavior [ RunTime:0.000013s ]
INFO: [ app_init ] --END-- [ RunTime:0.000389s ]
ERR: 无法加载模块:Category_list

[ 2018-04-09T22:54:56+08:00 ] 127.0.0.1 /tp_blog/index.php/category_list.html
INFO: [ app_init ] --START--
INFO: Run Behavior\BuildLiteBehavior [ RunTime:0.000009s ]
INFO: [ app_init ] --END-- [ RunTime:0.000255s ]
ERR: 无法加载模块:Category_list

[ 2018-04-09T23:02:47+08:00 ] 127.0.0.1 /tp_blog/index.php/form.html
INFO: [ app_init ] --START--
INFO: Run Behavior\BuildLiteBehavior [ RunTime:0.000009s ]
INFO: [ app_init ] --END-- [ RunTime:0.000251s ]
ERR: 无法加载模块:Form

[ 2018-04-09T23:02:50+08:00 ] 127.0.0.1 /tp_blog/index.php/form.html
INFO: [ app_init ] --START--
INFO: Run Behavior\BuildLiteBehavior [ RunTime:0.000009s ]
INFO: [ app_init ] --END-- [ RunTime:0.000261s ]
ERR: 无法加载模块:Form

[ 2018-04-09T23:02:52+08:00 ] 127.0.0.1 /tp_blog/index.php/form.html
INFO: [ app_init ] --START--
INFO: Run Behavior\BuildLiteBehavior [ RunTime:0.000013s ]
INFO: [ app_init ] --END-- [ RunTime:0.000397s ]
ERR: 无法加载模块:Form

[ 2018-04-09T23:02:53+08:00 ] 127.0.0.1 /tp_blog/index.php/form.html
INFO: [ app_init ] --START--
INFO: Run Behavior\BuildLiteBehavior [ RunTime:0.000017s ]
INFO: [ app_init ] --END-- [ RunTime:0.000431s ]
ERR: 无法加载模块:Form

[ 2018-04-09T23:02:55+08:00 ] 127.0.0.1 /tp_blog/index.php/category_list.html
INFO: [ app_init ] --START--
INFO: Run Behavior\BuildLiteBehavior [ RunTime:0.000009s ]
INFO: [ app_init ] --END-- [ RunTime:0.000246s ]
ERR: 无法加载模块:Category_list

[ 2018-04-09T23:02:59+08:00 ] 127.0.0.1 /tp_blog/index.php/category_list.html
INFO: [ app_init ] --START--
INFO: Run Behavior\BuildLiteBehavior [ RunTime:0.000009s ]
INFO: [ app_init ] --END-- [ RunTime:0.000248s ]
ERR: 无法加载模块:Category_list

