[ 2018-05-02T20:25:52+08:00 ] 127.0.0.1 /tp_blog/index.php/category_list.html
INFO: [ app_init ] --START--
INFO: Run Behavior\BuildLiteBehavior [ RunTime:0.000025s ]
INFO: [ app_init ] --END-- [ RunTime:0.000728s ]
ERR: 无法加载模块:Category_list

[ 2018-05-02T20:25:53+08:00 ] 127.0.0.1 /tp_blog/index.php/category_list.html
INFO: [ app_init ] --START--
INFO: Run Behavior\BuildLiteBehavior [ RunTime:0.000017s ]
INFO: [ app_init ] --END-- [ RunTime:0.000505s ]
ERR: 无法加载模块:Category_list

[ 2018-05-02T20:25:55+08:00 ] 127.0.0.1 /tp_blog/index.php/category_list.html
INFO: [ app_init ] --START--
INFO: Run Behavior\BuildLiteBehavior [ RunTime:0.000017s ]
INFO: [ app_init ] --END-- [ RunTime:0.000507s ]
ERR: 无法加载模块:Category_list

[ 2018-05-02T20:25:56+08:00 ] 127.0.0.1 /tp_blog/index.php/category_list.html
INFO: [ app_init ] --START--
INFO: Run Behavior\BuildLiteBehavior [ RunTime:0.000062s ]
INFO: [ app_init ] --END-- [ RunTime:0.001033s ]
ERR: 无法加载模块:Category_list

[ 2018-05-02T20:26:57+08:00 ] 127.0.0.1 /tp_blog/index.php/category_list.html
INFO: [ app_init ] --START--
INFO: Run Behavior\BuildLiteBehavior [ RunTime:0.000033s ]
INFO: [ app_init ] --END-- [ RunTime:0.000808s ]
ERR: 无法加载模块:Category_list

[ 2018-05-02T20:27:01+08:00 ] 127.0.0.1 /tp_blog/index.php/category_list.html
INFO: [ app_init ] --START--
INFO: Run Behavior\BuildLiteBehavior [ RunTime:0.000027s ]
INFO: [ app_init ] --END-- [ RunTime:0.000781s ]
ERR: 无法加载模块:Category_list

[ 2018-05-02T20:27:03+08:00 ] 127.0.0.1 /tp_blog/index.php/feedback_list.html
INFO: [ app_init ] --START--
INFO: Run Behavior\BuildLiteBehavior [ RunTime:0.000019s ]
INFO: [ app_init ] --END-- [ RunTime:0.000504s ]
ERR: 无法加载模块:Feedback_list

[ 2018-05-02T20:27:05+08:00 ] 127.0.0.1 /tp_blog/index.php/category_list.html
INFO: [ app_init ] --START--
INFO: Run Behavior\BuildLiteBehavior [ RunTime:0.000018s ]
INFO: [ app_init ] --END-- [ RunTime:0.000505s ]
ERR: 无法加载模块:Category_list

[ 2018-05-02T20:27:07+08:00 ] 127.0.0.1 /tp_blog/index.php/content_manage_search.html
INFO: [ app_init ] --START--
INFO: Run Behavior\BuildLiteBehavior [ RunTime:0.000017s ]
INFO: [ app_init ] --END-- [ RunTime:0.000485s ]
ERR: 无法加载模块:Content_manage_search

