[ 2018-04-28T21:53:17+08:00 ] 127.0.0.1 /tp_blog/index.php/content_manage_search.html
INFO: [ app_init ] --START--
INFO: Run Behavior\BuildLiteBehavior [ RunTime:0.000029s ]
INFO: [ app_init ] --END-- [ RunTime:0.000828s ]
ERR: 无法加载模块:Content_manage_search

[ 2018-04-28T22:03:53+08:00 ] 127.0.0.1 /tp_blog/index.php/category_list.html
INFO: [ app_init ] --START--
INFO: Run Behavior\BuildLiteBehavior [ RunTime:0.000017s ]
INFO: [ app_init ] --END-- [ RunTime:0.000633s ]
ERR: 无法加载模块:Category_list

[ 2018-04-28T22:03:54+08:00 ] 127.0.0.1 /tp_blog/index.php/content_manage_search.html
INFO: [ app_init ] --START--
INFO: Run Behavior\BuildLiteBehavior [ RunTime:0.000024s ]
INFO: [ app_init ] --END-- [ RunTime:0.000869s ]
ERR: 无法加载模块:Content_manage_search

[ 2018-04-28T22:04:08+08:00 ] 127.0.0.1 /tp_blog/index.php/content_manage_search.html
INFO: [ app_init ] --START--
INFO: Run Behavior\BuildLiteBehavior [ RunTime:0.000021s ]
INFO: [ app_init ] --END-- [ RunTime:0.000636s ]
ERR: 无法加载模块:Content_manage_search

[ 2018-04-28T22:04:15+08:00 ] 127.0.0.1 /tp_blog/index.php/category_list.html
INFO: [ app_init ] --START--
INFO: Run Behavior\BuildLiteBehavior [ RunTime:0.000027s ]
INFO: [ app_init ] --END-- [ RunTime:0.000759s ]
ERR: 无法加载模块:Category_list

[ 2018-04-28T22:04:18+08:00 ] 127.0.0.1 /tp_blog/index.php/feedback_list.html
INFO: [ app_init ] --START--
INFO: Run Behavior\BuildLiteBehavior [ RunTime:0.000025s ]
INFO: [ app_init ] --END-- [ RunTime:0.000765s ]
ERR: 无法加载模块:Feedback_list

