[ 2018-04-26T23:09:35+08:00 ] 127.0.0.1 /tp_blog/index.php/category_list.html
INFO: [ app_init ] --START--
INFO: Run Behavior\BuildLiteBehavior [ RunTime:0.000012s ]
INFO: [ app_init ] --END-- [ RunTime:0.000293s ]
ERR: 无法加载模块:Category_list

[ 2018-04-26T23:09:38+08:00 ] 127.0.0.1 /tp_blog/index.php/category_list.html
INFO: [ app_init ] --START--
INFO: Run Behavior\BuildLiteBehavior [ RunTime:0.000015s ]
INFO: [ app_init ] --END-- [ RunTime:0.000891s ]
ERR: 无法加载模块:Category_list

[ 2018-04-26T23:09:45+08:00 ] 127.0.0.1 /tp_blog/index.php/form.html
INFO: [ app_init ] --START--
INFO: Run Behavior\BuildLiteBehavior [ RunTime:0.000009s ]
INFO: [ app_init ] --END-- [ RunTime:0.000256s ]
ERR: 无法加载模块:Form

[ 2018-04-26T23:22:58+08:00 ] 127.0.0.1 /tp_blog/index.php/layui/css/layui.css
INFO: [ app_init ] --START--
INFO: Run Behavior\BuildLiteBehavior [ RunTime:0.000010s ]
INFO: [ app_init ] --END-- [ RunTime:0.000253s ]
ERR: 无法加载模块:Layui

[ 2018-04-26T23:22:59+08:00 ] 127.0.0.1 /tp_blog/index.php/css/global.css
INFO: [ app_init ] --START--
INFO: Run Behavior\BuildLiteBehavior [ RunTime:0.000010s ]
INFO: [ app_init ] --END-- [ RunTime:0.000238s ]
ERR: 无法加载模块:Css

[ 2018-04-26T23:23:00+08:00 ] 127.0.0.1 /tp_blog/index.php/layui/layui.js
INFO: [ app_init ] --START--
INFO: Run Behavior\BuildLiteBehavior [ RunTime:0.000009s ]
INFO: [ app_init ] --END-- [ RunTime:0.000320s ]
ERR: 无法加载模块:Layui

